{
	"/Users/remy_mac/Desktop/everything/Code/KicksFolio/KicksFolio/App.tsx": {
		"path": "/Users/remy_mac/Desktop/everything/Code/KicksFolio/KicksFolio/App.tsx",
		"statementMap": {
			"0": {
				"start": { "line": 6, "column": 27 },
				"end": { "line": 14, "column": 1 }
			},
			"1": {
				"start": { "line": 17, "column": 2 },
				"end": { "line": 17, "column": 57 }
			},
			"2": {
				"start": { "line": 20, "column": 0 },
				"end": { "line": 20, "column": 27 }
			}
		},
		"fnMap": {
			"0": {
				"name": "App",
				"decl": {
					"start": { "line": 16, "column": 24 },
					"end": { "line": 16, "column": 27 }
				},
				"loc": {
					"start": { "line": 16, "column": 30 },
					"end": { "line": 18, "column": 1 }
				},
				"line": 16
			}
		},
		"branchMap": {},
		"s": { "0": 0, "1": 0, "2": 0 },
		"f": { "0": 0 },
		"b": {}
	},
	"/Users/remy_mac/Desktop/everything/Code/KicksFolio/KicksFolio/commitlint.config.ts": {
		"path": "/Users/remy_mac/Desktop/everything/Code/KicksFolio/KicksFolio/commitlint.config.ts",
		"statementMap": {
			"0": {
				"start": { "line": 1, "column": 0 },
				"end": { "line": 3, "column": 2 }
			}
		},
		"fnMap": {},
		"branchMap": {},
		"s": { "0": 0 },
		"f": {},
		"b": {}
	},
	"/Users/remy_mac/Desktop/everything/Code/KicksFolio/KicksFolio/metro.config.js": {
		"path": "/Users/remy_mac/Desktop/everything/Code/KicksFolio/KicksFolio/metro.config.js",
		"statementMap": {
			"0": {
				"start": { "line": 1, "column": 29 },
				"end": { "line": 1, "column": 57 }
			},
			"1": {
				"start": { "line": 2, "column": 27 },
				"end": { "line": 2, "column": 54 }
			},
			"2": {
				"start": { "line": 3, "column": 13 },
				"end": { "line": 3, "column": 28 }
			},
			"3": {
				"start": { "line": 5, "column": 15 },
				"end": { "line": 5, "column": 42 }
			},
			"4": {
				"start": { "line": 7, "column": 0 },
				"end": { "line": 10, "column": 2 }
			},
			"5": {
				"start": { "line": 12, "column": 0 },
				"end": { "line": 12, "column": 67 }
			}
		},
		"fnMap": {},
		"branchMap": {},
		"s": { "0": 0, "1": 0, "2": 0, "3": 0, "4": 0, "5": 0 },
		"f": {},
		"b": {}
	},
	"/Users/remy_mac/Desktop/everything/Code/KicksFolio/KicksFolio/nativewind-env.d.ts": {
		"path": "/Users/remy_mac/Desktop/everything/Code/KicksFolio/KicksFolio/nativewind-env.d.ts",
		"statementMap": {},
		"fnMap": {},
		"branchMap": {},
		"s": {},
		"f": {},
		"b": {}
	},
	"/Users/remy_mac/Desktop/everything/Code/KicksFolio/KicksFolio/tailwind.config.js": {
		"path": "/Users/remy_mac/Desktop/everything/Code/KicksFolio/KicksFolio/tailwind.config.js",
		"statementMap": {
			"0": {
				"start": { "line": 3, "column": 0 },
				"end": { "line": 32, "column": 1 }
			}
		},
		"fnMap": {},
		"branchMap": {},
		"s": { "0": 0 },
		"f": {},
		"b": {}
	},
	"/Users/remy_mac/Desktop/everything/Code/KicksFolio/KicksFolio/app/_layout.tsx": {
		"path": "/Users/remy_mac/Desktop/everything/Code/KicksFolio/KicksFolio/app/_layout.tsx",
		"statementMap": {
			"0": {
				"start": { "line": 9, "column": 14 },
				"end": { "line": 16, "column": 10 }
			},
			"1": {
				"start": { "line": 19, "column": 62 },
				"end": { "line": 19, "column": 76 }
			},
			"2": {
				"start": { "line": 20, "column": 26 },
				"end": { "line": 20, "column": 41 }
			},
			"3": {
				"start": { "line": 21, "column": 29 },
				"end": { "line": 21, "column": 41 }
			},
			"4": {
				"start": { "line": 23, "column": 39 },
				"end": { "line": 25, "column": 10 }
			},
			"5": {
				"start": { "line": 24, "column": 8 },
				"end": { "line": 24, "column": 40 }
			},
			"6": {
				"start": { "line": 27, "column": 4 },
				"end": { "line": 29, "column": 5 }
			},
			"7": {
				"start": { "line": 28, "column": 8 },
				"end": { "line": 28, "column": 20 }
			},
			"8": {
				"start": { "line": 31, "column": 4 },
				"end": { "line": 38, "column": 5 }
			},
			"9": {
				"start": { "line": 32, "column": 8 },
				"end": { "line": 37, "column": 10 }
			},
			"10": {
				"start": { "line": 40, "column": 4 },
				"end": { "line": 40, "column": 20 }
			},
			"11": {
				"start": { "line": 44, "column": 4 },
				"end": { "line": 50, "column": 6 }
			}
		},
		"fnMap": {
			"0": {
				"name": "AppContent",
				"decl": {
					"start": { "line": 18, "column": 9 },
					"end": { "line": 18, "column": 19 }
				},
				"loc": {
					"start": { "line": 18, "column": 22 },
					"end": { "line": 41, "column": 1 }
				},
				"line": 18
			},
			"1": {
				"name": "(anonymous_1)",
				"decl": {
					"start": { "line": 23, "column": 51 },
					"end": { "line": 23, "column": 52 }
				},
				"loc": {
					"start": { "line": 23, "column": 57 },
					"end": { "line": 25, "column": 5 }
				},
				"line": 23
			},
			"2": {
				"name": "RootLayout",
				"decl": {
					"start": { "line": 43, "column": 24 },
					"end": { "line": 43, "column": 34 }
				},
				"loc": {
					"start": { "line": 43, "column": 37 },
					"end": { "line": 51, "column": 1 }
				},
				"line": 43
			}
		},
		"branchMap": {
			"0": {
				"loc": {
					"start": { "line": 27, "column": 4 },
					"end": { "line": 29, "column": 5 }
				},
				"type": "if",
				"locations": [
					{
						"start": { "line": 27, "column": 4 },
						"end": { "line": 29, "column": 5 }
					},
					{ "start": {}, "end": {} }
				],
				"line": 27
			},
			"1": {
				"loc": {
					"start": { "line": 31, "column": 4 },
					"end": { "line": 38, "column": 5 }
				},
				"type": "if",
				"locations": [
					{
						"start": { "line": 31, "column": 4 },
						"end": { "line": 38, "column": 5 }
					},
					{ "start": {}, "end": {} }
				],
				"line": 31
			}
		},
		"s": {
			"0": 0,
			"1": 0,
			"2": 0,
			"3": 0,
			"4": 0,
			"5": 0,
			"6": 0,
			"7": 0,
			"8": 0,
			"9": 0,
			"10": 0,
			"11": 0
		},
		"f": { "0": 0, "1": 0, "2": 0 },
		"b": { "0": [0, 0], "1": [0, 0] }
	},
	"/Users/remy_mac/Desktop/everything/Code/KicksFolio/KicksFolio/app/(app)/_layout.tsx": {
		"path": "/Users/remy_mac/Desktop/everything/Code/KicksFolio/KicksFolio/app/(app)/_layout.tsx",
		"statementMap": {
			"0": {
				"start": { "line": 7, "column": 62 },
				"end": { "line": 7, "column": 74 }
			},
			"1": {
				"start": { "line": 8, "column": 60 },
				"end": { "line": 8, "column": 74 }
			},
			"2": {
				"start": { "line": 10, "column": 4 },
				"end": { "line": 22, "column": 29 }
			},
			"3": {
				"start": { "line": 11, "column": 8 },
				"end": { "line": 21, "column": 9 }
			},
			"4": {
				"start": { "line": 14, "column": 26 },
				"end": { "line": 16, "column": 20 }
			},
			"5": {
				"start": { "line": 15, "column": 16 },
				"end": { "line": 15, "column": 47 }
			},
			"6": {
				"start": { "line": 18, "column": 12 },
				"end": { "line": 18, "column": 45 }
			},
			"7": {
				"start": { "line": 18, "column": 25 },
				"end": { "line": 18, "column": 44 }
			},
			"8": {
				"start": { "line": 20, "column": 12 },
				"end": { "line": 20, "column": 43 }
			},
			"9": {
				"start": { "line": 26, "column": 4 },
				"end": { "line": 30, "column": 45 }
			},
			"10": {
				"start": { "line": 27, "column": 8 },
				"end": { "line": 29, "column": 9 }
			},
			"11": {
				"start": { "line": 28, "column": 12 },
				"end": { "line": 28, "column": 43 }
			},
			"12": {
				"start": { "line": 33, "column": 4 },
				"end": { "line": 35, "column": 5 }
			},
			"13": {
				"start": { "line": 34, "column": 8 },
				"end": { "line": 34, "column": 39 }
			},
			"14": {
				"start": { "line": 38, "column": 4 },
				"end": { "line": 40, "column": 5 }
			},
			"15": {
				"start": { "line": 39, "column": 8 },
				"end": { "line": 39, "column": 42 }
			},
			"16": {
				"start": { "line": 43, "column": 4 },
				"end": { "line": 45, "column": 5 }
			},
			"17": {
				"start": { "line": 44, "column": 8 },
				"end": { "line": 44, "column": 47 }
			},
			"18": {
				"start": { "line": 48, "column": 4 },
				"end": { "line": 48, "column": 60 }
			}
		},
		"fnMap": {
			"0": {
				"name": "AppLayout",
				"decl": {
					"start": { "line": 6, "column": 24 },
					"end": { "line": 6, "column": 33 }
				},
				"loc": {
					"start": { "line": 6, "column": 36 },
					"end": { "line": 49, "column": 1 }
				},
				"line": 6
			},
			"1": {
				"name": "(anonymous_1)",
				"decl": {
					"start": { "line": 10, "column": 14 },
					"end": { "line": 10, "column": 15 }
				},
				"loc": {
					"start": { "line": 10, "column": 20 },
					"end": { "line": 22, "column": 5 }
				},
				"line": 10
			},
			"2": {
				"name": "(anonymous_2)",
				"decl": {
					"start": { "line": 14, "column": 37 },
					"end": { "line": 14, "column": 38 }
				},
				"loc": {
					"start": { "line": 14, "column": 43 },
					"end": { "line": 16, "column": 13 }
				},
				"line": 14
			},
			"3": {
				"name": "(anonymous_3)",
				"decl": {
					"start": { "line": 18, "column": 19 },
					"end": { "line": 18, "column": 20 }
				},
				"loc": {
					"start": { "line": 18, "column": 25 },
					"end": { "line": 18, "column": 44 }
				},
				"line": 18
			},
			"4": {
				"name": "(anonymous_4)",
				"decl": {
					"start": { "line": 26, "column": 14 },
					"end": { "line": 26, "column": 15 }
				},
				"loc": {
					"start": { "line": 26, "column": 20 },
					"end": { "line": 30, "column": 5 }
				},
				"line": 26
			}
		},
		"branchMap": {
			"0": {
				"loc": {
					"start": { "line": 11, "column": 8 },
					"end": { "line": 21, "column": 9 }
				},
				"type": "if",
				"locations": [
					{
						"start": { "line": 11, "column": 8 },
						"end": { "line": 21, "column": 9 }
					},
					{
						"start": { "line": 19, "column": 15 },
						"end": { "line": 21, "column": 9 }
					}
				],
				"line": 11
			},
			"1": {
				"loc": {
					"start": { "line": 11, "column": 12 },
					"end": { "line": 11, "column": 32 }
				},
				"type": "binary-expr",
				"locations": [
					{
						"start": { "line": 11, "column": 12 },
						"end": { "line": 11, "column": 16 }
					},
					{
						"start": { "line": 11, "column": 20 },
						"end": { "line": 11, "column": 32 }
					}
				],
				"line": 11
			},
			"2": {
				"loc": {
					"start": { "line": 27, "column": 8 },
					"end": { "line": 29, "column": 9 }
				},
				"type": "if",
				"locations": [
					{
						"start": { "line": 27, "column": 8 },
						"end": { "line": 29, "column": 9 }
					},
					{ "start": {}, "end": {} }
				],
				"line": 27
			},
			"3": {
				"loc": {
					"start": { "line": 27, "column": 12 },
					"end": { "line": 27, "column": 66 }
				},
				"type": "binary-expr",
				"locations": [
					{
						"start": { "line": 27, "column": 12 },
						"end": { "line": 27, "column": 16 }
					},
					{
						"start": { "line": 27, "column": 20 },
						"end": { "line": 27, "column": 32 }
					},
					{
						"start": { "line": 27, "column": 37 },
						"end": { "line": 27, "column": 65 }
					}
				],
				"line": 27
			},
			"4": {
				"loc": {
					"start": { "line": 33, "column": 4 },
					"end": { "line": 35, "column": 5 }
				},
				"type": "if",
				"locations": [
					{
						"start": { "line": 33, "column": 4 },
						"end": { "line": 35, "column": 5 }
					},
					{ "start": {}, "end": {} }
				],
				"line": 33
			},
			"5": {
				"loc": {
					"start": { "line": 33, "column": 8 },
					"end": { "line": 33, "column": 41 }
				},
				"type": "binary-expr",
				"locations": [
					{
						"start": { "line": 33, "column": 8 },
						"end": { "line": 33, "column": 17 }
					},
					{
						"start": { "line": 33, "column": 21 },
						"end": { "line": 33, "column": 41 }
					}
				],
				"line": 33
			},
			"6": {
				"loc": {
					"start": { "line": 38, "column": 4 },
					"end": { "line": 40, "column": 5 }
				},
				"type": "if",
				"locations": [
					{
						"start": { "line": 38, "column": 4 },
						"end": { "line": 40, "column": 5 }
					},
					{ "start": {}, "end": {} }
				],
				"line": 38
			},
			"7": {
				"loc": {
					"start": { "line": 38, "column": 8 },
					"end": { "line": 38, "column": 30 }
				},
				"type": "binary-expr",
				"locations": [
					{
						"start": { "line": 38, "column": 8 },
						"end": { "line": 38, "column": 21 }
					},
					{
						"start": { "line": 38, "column": 25 },
						"end": { "line": 38, "column": 30 }
					}
				],
				"line": 38
			},
			"8": {
				"loc": {
					"start": { "line": 43, "column": 4 },
					"end": { "line": 45, "column": 5 }
				},
				"type": "if",
				"locations": [
					{
						"start": { "line": 43, "column": 4 },
						"end": { "line": 45, "column": 5 }
					},
					{ "start": {}, "end": {} }
				],
				"line": 43
			}
		},
		"s": {
			"0": 0,
			"1": 0,
			"2": 0,
			"3": 0,
			"4": 0,
			"5": 0,
			"6": 0,
			"7": 0,
			"8": 0,
			"9": 0,
			"10": 0,
			"11": 0,
			"12": 0,
			"13": 0,
			"14": 0,
			"15": 0,
			"16": 0,
			"17": 0,
			"18": 0
		},
		"f": { "0": 0, "1": 0, "2": 0, "3": 0, "4": 0 },
		"b": {
			"0": [0, 0],
			"1": [0, 0],
			"2": [0, 0],
			"3": [0, 0, 0],
			"4": [0, 0],
			"5": [0, 0],
			"6": [0, 0],
			"7": [0, 0],
			"8": [0, 0]
		}
	},
	"/Users/remy_mac/Desktop/everything/Code/KicksFolio/KicksFolio/app/(app)/edit-profile.tsx": {
		"path": "/Users/remy_mac/Desktop/everything/Code/KicksFolio/KicksFolio/app/(app)/edit-profile.tsx",
		"statementMap": {
			"0": {
				"start": { "line": 4, "column": 4 },
				"end": { "line": 6, "column": 6 }
			}
		},
		"fnMap": {
			"0": {
				"name": "EditProfile",
				"decl": {
					"start": { "line": 3, "column": 24 },
					"end": { "line": 3, "column": 35 }
				},
				"loc": {
					"start": { "line": 3, "column": 38 },
					"end": { "line": 7, "column": 1 }
				},
				"line": 3
			}
		},
		"branchMap": {},
		"s": { "0": 0 },
		"f": { "0": 0 },
		"b": {}
	},
	"/Users/remy_mac/Desktop/everything/Code/KicksFolio/KicksFolio/app/(app)/(tabs)/_layout.tsx": {
		"path": "/Users/remy_mac/Desktop/everything/Code/KicksFolio/KicksFolio/app/(app)/(tabs)/_layout.tsx",
		"statementMap": {
			"0": {
				"start": { "line": 7, "column": 4 },
				"end": { "line": 52, "column": 6 }
			},
			"1": {
				"start": { "line": 27, "column": 47 },
				"end": { "line": 27, "column": 103 }
			},
			"2": {
				"start": { "line": 34, "column": 47 },
				"end": { "line": 34, "column": 95 }
			},
			"3": {
				"start": { "line": 41, "column": 47 },
				"end": { "line": 41, "column": 98 }
			},
			"4": {
				"start": { "line": 48, "column": 47 },
				"end": { "line": 48, "column": 94 }
			}
		},
		"fnMap": {
			"0": {
				"name": "TabLayout",
				"decl": {
					"start": { "line": 6, "column": 24 },
					"end": { "line": 6, "column": 33 }
				},
				"loc": {
					"start": { "line": 6, "column": 36 },
					"end": { "line": 53, "column": 1 }
				},
				"line": 6
			},
			"1": {
				"name": "(anonymous_1)",
				"decl": {
					"start": { "line": 27, "column": 32 },
					"end": { "line": 27, "column": 33 }
				},
				"loc": {
					"start": { "line": 27, "column": 47 },
					"end": { "line": 27, "column": 103 }
				},
				"line": 27
			},
			"2": {
				"name": "(anonymous_2)",
				"decl": {
					"start": { "line": 34, "column": 32 },
					"end": { "line": 34, "column": 33 }
				},
				"loc": {
					"start": { "line": 34, "column": 47 },
					"end": { "line": 34, "column": 95 }
				},
				"line": 34
			},
			"3": {
				"name": "(anonymous_3)",
				"decl": {
					"start": { "line": 41, "column": 32 },
					"end": { "line": 41, "column": 33 }
				},
				"loc": {
					"start": { "line": 41, "column": 47 },
					"end": { "line": 41, "column": 98 }
				},
				"line": 41
			},
			"4": {
				"name": "(anonymous_4)",
				"decl": {
					"start": { "line": 48, "column": 32 },
					"end": { "line": 48, "column": 33 }
				},
				"loc": {
					"start": { "line": 48, "column": 47 },
					"end": { "line": 48, "column": 94 }
				},
				"line": 48
			}
		},
		"branchMap": {},
		"s": { "0": 0, "1": 0, "2": 0, "3": 0, "4": 0 },
		"f": { "0": 0, "1": 0, "2": 0, "3": 0, "4": 0 },
		"b": {}
	},
	"/Users/remy_mac/Desktop/everything/Code/KicksFolio/KicksFolio/app/(app)/(tabs)/friends.tsx": {
		"path": "/Users/remy_mac/Desktop/everything/Code/KicksFolio/KicksFolio/app/(app)/(tabs)/friends.tsx",
		"statementMap": {
			"0": {
				"start": { "line": 8, "column": 4 },
				"end": { "line": 19, "column": 1 }
			},
			"1": {
				"start": { "line": 15, "column": 12 },
				"end": { "line": 15, "column": 48 }
			}
		},
		"fnMap": {
			"0": {
				"name": "Friends",
				"decl": {
					"start": { "line": 6, "column": 24 },
					"end": { "line": 6, "column": 31 }
				},
				"loc": {
					"start": { "line": 6, "column": 34 },
					"end": { "line": 19, "column": 2 }
				},
				"line": 6
			},
			"1": {
				"name": "(anonymous_1)",
				"decl": {
					"start": { "line": 14, "column": 80 },
					"end": { "line": 14, "column": 81 }
				},
				"loc": {
					"start": { "line": 14, "column": 86 },
					"end": { "line": 16, "column": 11 }
				},
				"line": 14
			}
		},
		"branchMap": {},
		"s": { "0": 0, "1": 0 },
		"f": { "0": 0, "1": 0 },
		"b": {}
	},
	"/Users/remy_mac/Desktop/everything/Code/KicksFolio/KicksFolio/app/(app)/(tabs)/index.tsx": {
		"path": "/Users/remy_mac/Desktop/everything/Code/KicksFolio/KicksFolio/app/(app)/(tabs)/index.tsx",
		"statementMap": {
			"0": {
				"start": { "line": 13, "column": 19 },
				"end": { "line": 13, "column": 41 }
			},
			"1": {
				"start": { "line": 14, "column": 22 },
				"end": { "line": 14, "column": 47 }
			},
			"2": {
				"start": { "line": 15, "column": 45 },
				"end": { "line": 15, "column": 57 }
			},
			"3": {
				"start": { "line": 16, "column": 65 },
				"end": { "line": 16, "column": 80 }
			},
			"4": {
				"start": { "line": 18, "column": 4 },
				"end": { "line": 27, "column": 34 }
			},
			"5": {
				"start": { "line": 19, "column": 8 },
				"end": { "line": 26, "column": 9 }
			},
			"6": {
				"start": { "line": 20, "column": 12 },
				"end": { "line": 20, "column": 34 }
			},
			"7": {
				"start": { "line": 21, "column": 12 },
				"end": { "line": 21, "column": 31 }
			},
			"8": {
				"start": { "line": 23, "column": 12 },
				"end": { "line": 25, "column": 13 }
			},
			"9": {
				"start": { "line": 24, "column": 16 },
				"end": { "line": 24, "column": 36 }
			},
			"10": {
				"start": { "line": 29, "column": 4 },
				"end": { "line": 56, "column": 6 }
			},
			"11": {
				"start": { "line": 46, "column": 36 },
				"end": { "line": 46, "column": 72 }
			}
		},
		"fnMap": {
			"0": {
				"name": "Index",
				"decl": {
					"start": { "line": 12, "column": 24 },
					"end": { "line": 12, "column": 29 }
				},
				"loc": {
					"start": { "line": 12, "column": 32 },
					"end": { "line": 57, "column": 1 }
				},
				"line": 12
			},
			"1": {
				"name": "(anonymous_1)",
				"decl": {
					"start": { "line": 18, "column": 14 },
					"end": { "line": 18, "column": 15 }
				},
				"loc": {
					"start": { "line": 18, "column": 20 },
					"end": { "line": 27, "column": 5 }
				},
				"line": 18
			},
			"2": {
				"name": "(anonymous_2)",
				"decl": {
					"start": { "line": 45, "column": 105 },
					"end": { "line": 45, "column": 106 }
				},
				"loc": {
					"start": { "line": 45, "column": 111 },
					"end": { "line": 47, "column": 33 }
				},
				"line": 45
			}
		},
		"branchMap": {
			"0": {
				"loc": {
					"start": { "line": 19, "column": 8 },
					"end": { "line": 26, "column": 9 }
				},
				"type": "if",
				"locations": [
					{
						"start": { "line": 19, "column": 8 },
						"end": { "line": 26, "column": 9 }
					},
					{
						"start": { "line": 22, "column": 15 },
						"end": { "line": 26, "column": 9 }
					}
				],
				"line": 19
			},
			"1": {
				"loc": {
					"start": { "line": 19, "column": 12 },
					"end": { "line": 19, "column": 67 }
				},
				"type": "binary-expr",
				"locations": [
					{
						"start": { "line": 19, "column": 12 },
						"end": { "line": 19, "column": 21 }
					},
					{
						"start": { "line": 19, "column": 25 },
						"end": { "line": 19, "column": 38 }
					},
					{
						"start": { "line": 19, "column": 42 },
						"end": { "line": 19, "column": 67 }
					}
				],
				"line": 19
			},
			"2": {
				"loc": {
					"start": { "line": 23, "column": 12 },
					"end": { "line": 25, "column": 13 }
				},
				"type": "if",
				"locations": [
					{
						"start": { "line": 23, "column": 12 },
						"end": { "line": 25, "column": 13 }
					},
					{ "start": {}, "end": {} }
				],
				"line": 23
			},
			"3": {
				"loc": {
					"start": { "line": 23, "column": 16 },
					"end": { "line": 23, "column": 80 }
				},
				"type": "binary-expr",
				"locations": [
					{
						"start": { "line": 23, "column": 16 },
						"end": { "line": 23, "column": 26 }
					},
					{
						"start": { "line": 23, "column": 31 },
						"end": { "line": 23, "column": 51 }
					},
					{
						"start": { "line": 23, "column": 55 },
						"end": { "line": 23, "column": 79 }
					}
				],
				"line": 23
			}
		},
		"s": {
			"0": 0,
			"1": 0,
			"2": 0,
			"3": 0,
			"4": 0,
			"5": 0,
			"6": 0,
			"7": 0,
			"8": 0,
			"9": 0,
			"10": 0,
			"11": 0
		},
		"f": { "0": 0, "1": 0, "2": 0 },
		"b": { "0": [0, 0], "1": [0, 0, 0], "2": [0, 0], "3": [0, 0, 0] }
	},
	"/Users/remy_mac/Desktop/everything/Code/KicksFolio/KicksFolio/app/(app)/(tabs)/user.tsx": {
		"path": "/Users/remy_mac/Desktop/everything/Code/KicksFolio/KicksFolio/app/(app)/(tabs)/user.tsx",
		"statementMap": {
			"0": {
				"start": { "line": 16, "column": 64 },
				"end": { "line": 16, "column": 76 }
			},
			"1": {
				"start": { "line": 17, "column": 21 },
				"end": { "line": 17, "column": 30 }
			},
			"2": {
				"start": { "line": 18, "column": 60 },
				"end": { "line": 18, "column": 75 }
			},
			"3": {
				"start": { "line": 19, "column": 44 },
				"end": { "line": 19, "column": 59 }
			},
			"4": {
				"start": { "line": 20, "column": 38 },
				"end": { "line": 20, "column": 53 }
			},
			"5": {
				"start": { "line": 22, "column": 20 },
				"end": { "line": 28, "column": 3 }
			},
			"6": {
				"start": { "line": 23, "column": 4 },
				"end": { "line": 23, "column": 24 }
			},
			"7": {
				"start": { "line": 24, "column": 4 },
				"end": { "line": 26, "column": 5 }
			},
			"8": {
				"start": { "line": 25, "column": 6 },
				"end": { "line": 25, "column": 30 }
			},
			"9": {
				"start": { "line": 27, "column": 4 },
				"end": { "line": 27, "column": 25 }
			},
			"10": {
				"start": { "line": 30, "column": 26 },
				"end": { "line": 42, "column": 20 }
			},
			"11": {
				"start": { "line": 31, "column": 4 },
				"end": { "line": 31, "column": 62 }
			},
			"12": {
				"start": { "line": 31, "column": 52 },
				"end": { "line": 31, "column": 62 }
			},
			"13": {
				"start": { "line": 33, "column": 4 },
				"end": { "line": 41, "column": 40 }
			},
			"14": {
				"start": { "line": 34, "column": 30 },
				"end": { "line": 34, "column": 64 }
			},
			"15": {
				"start": { "line": 36, "column": 6 },
				"end": { "line": 38, "column": 7 }
			},
			"16": {
				"start": { "line": 37, "column": 8 },
				"end": { "line": 37, "column": 34 }
			},
			"17": {
				"start": { "line": 39, "column": 6 },
				"end": { "line": 39, "column": 41 }
			},
			"18": {
				"start": { "line": 40, "column": 6 },
				"end": { "line": 40, "column": 17 }
			},
			"19": {
				"start": { "line": 44, "column": 27 },
				"end": { "line": 47, "column": 3 }
			},
			"20": {
				"start": { "line": 45, "column": 4 },
				"end": { "line": 45, "column": 26 }
			},
			"21": {
				"start": { "line": 46, "column": 4 },
				"end": { "line": 46, "column": 23 }
			},
			"22": {
				"start": { "line": 49, "column": 29 },
				"end": { "line": 53, "column": 3 }
			},
			"23": {
				"start": { "line": 50, "column": 4 },
				"end": { "line": 50, "column": 31 }
			},
			"24": {
				"start": { "line": 51, "column": 4 },
				"end": { "line": 51, "column": 25 }
			},
			"25": {
				"start": { "line": 52, "column": 4 },
				"end": { "line": 52, "column": 23 }
			},
			"26": {
				"start": { "line": 55, "column": 2 },
				"end": { "line": 99, "column": 4 }
			},
			"27": {
				"start": { "line": 68, "column": 44 },
				"end": { "line": 68, "column": 66 }
			},
			"28": {
				"start": { "line": 89, "column": 23 },
				"end": { "line": 89, "column": 46 }
			},
			"29": {
				"start": { "line": 90, "column": 24 },
				"end": { "line": 90, "column": 45 }
			}
		},
		"fnMap": {
			"0": {
				"name": "User",
				"decl": {
					"start": { "line": 15, "column": 24 },
					"end": { "line": 15, "column": 28 }
				},
				"loc": {
					"start": { "line": 15, "column": 31 },
					"end": { "line": 100, "column": 1 }
				},
				"line": 15
			},
			"1": {
				"name": "(anonymous_1)",
				"decl": {
					"start": { "line": 22, "column": 20 },
					"end": { "line": 22, "column": 21 }
				},
				"loc": {
					"start": { "line": 22, "column": 32 },
					"end": { "line": 28, "column": 3 }
				},
				"line": 22
			},
			"2": {
				"name": "(anonymous_2)",
				"decl": {
					"start": { "line": 30, "column": 34 },
					"end": { "line": 30, "column": 35 }
				},
				"loc": {
					"start": { "line": 30, "column": 40 },
					"end": { "line": 42, "column": 3 }
				},
				"line": 30
			},
			"3": {
				"name": "(anonymous_3)",
				"decl": {
					"start": { "line": 33, "column": 31 },
					"end": { "line": 33, "column": 32 }
				},
				"loc": {
					"start": { "line": 33, "column": 49 },
					"end": { "line": 41, "column": 5 }
				},
				"line": 33
			},
			"4": {
				"name": "(anonymous_4)",
				"decl": {
					"start": { "line": 44, "column": 27 },
					"end": { "line": 44, "column": 28 }
				},
				"loc": {
					"start": { "line": 44, "column": 33 },
					"end": { "line": 47, "column": 3 }
				},
				"line": 44
			},
			"5": {
				"name": "(anonymous_5)",
				"decl": {
					"start": { "line": 49, "column": 29 },
					"end": { "line": 49, "column": 30 }
				},
				"loc": {
					"start": { "line": 49, "column": 51 },
					"end": { "line": 53, "column": 3 }
				},
				"line": 49
			},
			"6": {
				"name": "(anonymous_6)",
				"decl": {
					"start": { "line": 68, "column": 38 },
					"end": { "line": 68, "column": 39 }
				},
				"loc": {
					"start": { "line": 68, "column": 44 },
					"end": { "line": 68, "column": 66 }
				},
				"line": 68
			},
			"7": {
				"name": "(anonymous_7)",
				"decl": {
					"start": { "line": 89, "column": 17 },
					"end": { "line": 89, "column": 18 }
				},
				"loc": {
					"start": { "line": 89, "column": 23 },
					"end": { "line": 89, "column": 46 }
				},
				"line": 89
			},
			"8": {
				"name": "(anonymous_8)",
				"decl": {
					"start": { "line": 90, "column": 18 },
					"end": { "line": 90, "column": 19 }
				},
				"loc": {
					"start": { "line": 90, "column": 24 },
					"end": { "line": 90, "column": 45 }
				},
				"line": 90
			}
		},
		"branchMap": {
			"0": {
				"loc": {
					"start": { "line": 24, "column": 4 },
					"end": { "line": 26, "column": 5 }
				},
				"type": "if",
				"locations": [
					{
						"start": { "line": 24, "column": 4 },
						"end": { "line": 26, "column": 5 }
					},
					{ "start": {}, "end": {} }
				],
				"line": 24
			},
			"1": {
				"loc": {
					"start": { "line": 24, "column": 8 },
					"end": { "line": 24, "column": 28 }
				},
				"type": "binary-expr",
				"locations": [
					{
						"start": { "line": 24, "column": 8 },
						"end": { "line": 24, "column": 12 }
					},
					{
						"start": { "line": 24, "column": 16 },
						"end": { "line": 24, "column": 28 }
					}
				],
				"line": 24
			},
			"2": {
				"loc": {
					"start": { "line": 31, "column": 4 },
					"end": { "line": 31, "column": 62 }
				},
				"type": "if",
				"locations": [
					{
						"start": { "line": 31, "column": 4 },
						"end": { "line": 31, "column": 62 }
					},
					{ "start": {}, "end": {} }
				],
				"line": 31
			},
			"3": {
				"loc": {
					"start": { "line": 31, "column": 8 },
					"end": { "line": 31, "column": 50 }
				},
				"type": "binary-expr",
				"locations": [
					{
						"start": { "line": 31, "column": 8 },
						"end": { "line": 31, "column": 21 }
					},
					{
						"start": { "line": 31, "column": 25 },
						"end": { "line": 31, "column": 50 }
					}
				],
				"line": 31
			},
			"4": {
				"loc": {
					"start": { "line": 36, "column": 6 },
					"end": { "line": 38, "column": 7 }
				},
				"type": "if",
				"locations": [
					{
						"start": { "line": 36, "column": 6 },
						"end": { "line": 38, "column": 7 }
					},
					{ "start": {}, "end": {} }
				],
				"line": 36
			},
			"5": {
				"loc": {
					"start": { "line": 73, "column": 13 },
					"end": { "line": 80, "column": 13 }
				},
				"type": "cond-expr",
				"locations": [
					{
						"start": { "line": 74, "column": 14 },
						"end": { "line": 74, "column": 66 }
					},
					{
						"start": { "line": 76, "column": 14 },
						"end": { "line": 79, "column": 16 }
					}
				],
				"line": 73
			},
			"6": {
				"loc": {
					"start": { "line": 73, "column": 13 },
					"end": { "line": 73, "column": 71 }
				},
				"type": "binary-expr",
				"locations": [
					{
						"start": { "line": 73, "column": 13 },
						"end": { "line": 73, "column": 25 }
					},
					{
						"start": { "line": 73, "column": 29 },
						"end": { "line": 73, "column": 54 }
					},
					{
						"start": { "line": 73, "column": 58 },
						"end": { "line": 73, "column": 71 }
					}
				],
				"line": 73
			},
			"7": {
				"loc": {
					"start": { "line": 95, "column": 7 },
					"end": { "line": 97, "column": 7 }
				},
				"type": "binary-expr",
				"locations": [
					{
						"start": { "line": 95, "column": 7 },
						"end": { "line": 95, "column": 19 }
					},
					{
						"start": { "line": 95, "column": 23 },
						"end": { "line": 95, "column": 46 }
					},
					{
						"start": { "line": 96, "column": 8 },
						"end": { "line": 96, "column": 48 }
					}
				],
				"line": 95
			}
		},
		"s": {
			"0": 0,
			"1": 0,
			"2": 0,
			"3": 0,
			"4": 0,
			"5": 0,
			"6": 0,
			"7": 0,
			"8": 0,
			"9": 0,
			"10": 0,
			"11": 0,
			"12": 0,
			"13": 0,
			"14": 0,
			"15": 0,
			"16": 0,
			"17": 0,
			"18": 0,
			"19": 0,
			"20": 0,
			"21": 0,
			"22": 0,
			"23": 0,
			"24": 0,
			"25": 0,
			"26": 0,
			"27": 0,
			"28": 0,
			"29": 0
		},
		"f": {
			"0": 0,
			"1": 0,
			"2": 0,
			"3": 0,
			"4": 0,
			"5": 0,
			"6": 0,
			"7": 0,
			"8": 0
		},
		"b": {
			"0": [0, 0],
			"1": [0, 0],
			"2": [0, 0],
			"3": [0, 0],
			"4": [0, 0],
			"5": [0, 0],
			"6": [0, 0, 0],
			"7": [0, 0, 0]
		}
	},
	"/Users/remy_mac/Desktop/everything/Code/KicksFolio/KicksFolio/app/(app)/(tabs)/wishlist.tsx": {
		"path": "/Users/remy_mac/Desktop/everything/Code/KicksFolio/KicksFolio/app/(app)/(tabs)/wishlist.tsx",
		"statementMap": {
			"0": {
				"start": { "line": 7, "column": 2 },
				"end": { "line": 23, "column": 4 }
			},
			"1": {
				"start": { "line": 19, "column": 10 },
				"end": { "line": 19, "column": 46 }
			}
		},
		"fnMap": {
			"0": {
				"name": "Wishlist",
				"decl": {
					"start": { "line": 6, "column": 24 },
					"end": { "line": 6, "column": 32 }
				},
				"loc": {
					"start": { "line": 6, "column": 35 },
					"end": { "line": 24, "column": 1 }
				},
				"line": 6
			},
			"1": {
				"name": "(anonymous_1)",
				"decl": {
					"start": { "line": 18, "column": 81 },
					"end": { "line": 18, "column": 82 }
				},
				"loc": {
					"start": { "line": 18, "column": 87 },
					"end": { "line": 20, "column": 9 }
				},
				"line": 18
			}
		},
		"branchMap": {},
		"s": { "0": 0, "1": 0 },
		"f": { "0": 0, "1": 0 },
		"b": {}
	},
	"/Users/remy_mac/Desktop/everything/Code/KicksFolio/KicksFolio/app/(auth)/_layout.tsx": {
		"path": "/Users/remy_mac/Desktop/everything/Code/KicksFolio/KicksFolio/app/(auth)/_layout.tsx",
		"statementMap": {
			"0": {
				"start": { "line": 5, "column": 4 },
				"end": { "line": 14, "column": 6 }
			}
		},
		"fnMap": {
			"0": {
				"name": "RootLayout",
				"decl": {
					"start": { "line": 4, "column": 24 },
					"end": { "line": 4, "column": 34 }
				},
				"loc": {
					"start": { "line": 4, "column": 80 },
					"end": { "line": 15, "column": 1 }
				},
				"line": 4
			}
		},
		"branchMap": {},
		"s": { "0": 0 },
		"f": { "0": 0 },
		"b": {}
	},
	"/Users/remy_mac/Desktop/everything/Code/KicksFolio/KicksFolio/app/(auth)/forgot-password.tsx": {
		"path": "/Users/remy_mac/Desktop/everything/Code/KicksFolio/KicksFolio/app/(auth)/forgot-password.tsx",
		"statementMap": {
			"0": {
				"start": { "line": 5, "column": 4 },
				"end": { "line": 10, "column": 6 }
			}
		},
		"fnMap": {
			"0": {
				"name": "ForgotPassword",
				"decl": {
					"start": { "line": 4, "column": 24 },
					"end": { "line": 4, "column": 38 }
				},
				"loc": {
					"start": { "line": 4, "column": 41 },
					"end": { "line": 11, "column": 1 }
				},
				"line": 4
			}
		},
		"branchMap": {},
		"s": { "0": 0 },
		"f": { "0": 0 },
		"b": {}
	},
	"/Users/remy_mac/Desktop/everything/Code/KicksFolio/KicksFolio/app/(auth)/login.tsx": {
		"path": "/Users/remy_mac/Desktop/everything/Code/KicksFolio/KicksFolio/app/(auth)/login.tsx",
		"statementMap": {
			"0": {
				"start": { "line": 5, "column": 4 },
				"end": { "line": 10, "column": 6 }
			}
		},
		"fnMap": {
			"0": {
				"name": "Login",
				"decl": {
					"start": { "line": 4, "column": 24 },
					"end": { "line": 4, "column": 29 }
				},
				"loc": {
					"start": { "line": 4, "column": 32 },
					"end": { "line": 11, "column": 1 }
				},
				"line": 4
			}
		},
		"branchMap": {},
		"s": { "0": 2 },
		"f": { "0": 2 },
		"b": {},
		"_coverageSchema": "1a1c01bbd47fc00a2c39e90264f33305004495a9",
		"hash": "ad341ece5c8bceb8d4020326e34a18ed10a1e10f"
	},
	"/Users/remy_mac/Desktop/everything/Code/KicksFolio/KicksFolio/app/(auth)/reset-password.tsx": {
		"path": "/Users/remy_mac/Desktop/everything/Code/KicksFolio/KicksFolio/app/(auth)/reset-password.tsx",
		"statementMap": {
			"0": {
				"start": { "line": 4, "column": 4 },
				"end": { "line": 6, "column": 6 }
			}
		},
		"fnMap": {
			"0": {
				"name": "ResetPassword",
				"decl": {
					"start": { "line": 3, "column": 24 },
					"end": { "line": 3, "column": 37 }
				},
				"loc": {
					"start": { "line": 3, "column": 40 },
					"end": { "line": 7, "column": 1 }
				},
				"line": 3
			}
		},
		"branchMap": {},
		"s": { "0": 0 },
		"f": { "0": 0 },
		"b": {}
	},
	"/Users/remy_mac/Desktop/everything/Code/KicksFolio/KicksFolio/app/(auth)/(signup)/collection.tsx": {
		"path": "/Users/remy_mac/Desktop/everything/Code/KicksFolio/KicksFolio/app/(auth)/(signup)/collection.tsx",
		"statementMap": {
			"0": {
				"start": { "line": 4, "column": 4 },
				"end": { "line": 6, "column": 6 }
			}
		},
		"fnMap": {
			"0": {
				"name": "Collection",
				"decl": {
					"start": { "line": 3, "column": 24 },
					"end": { "line": 3, "column": 34 }
				},
				"loc": {
					"start": { "line": 3, "column": 37 },
					"end": { "line": 7, "column": 1 }
				},
				"line": 3
			}
		},
		"branchMap": {},
		"s": { "0": 0 },
		"f": { "0": 0 },
		"b": {}
	},
	"/Users/remy_mac/Desktop/everything/Code/KicksFolio/KicksFolio/app/(auth)/(signup)/sign-up-second.tsx": {
		"path": "/Users/remy_mac/Desktop/everything/Code/KicksFolio/KicksFolio/app/(auth)/(signup)/sign-up-second.tsx",
		"statementMap": {
			"0": {
				"start": { "line": 5, "column": 4 },
				"end": { "line": 10, "column": 6 }
			}
		},
		"fnMap": {
			"0": {
				"name": "SignUpSecond",
				"decl": {
					"start": { "line": 4, "column": 24 },
					"end": { "line": 4, "column": 36 }
				},
				"loc": {
					"start": { "line": 4, "column": 39 },
					"end": { "line": 11, "column": 1 }
				},
				"line": 4
			}
		},
		"branchMap": {},
		"s": { "0": 0 },
		"f": { "0": 0 },
		"b": {}
	},
	"/Users/remy_mac/Desktop/everything/Code/KicksFolio/KicksFolio/app/(auth)/(signup)/sign-up.tsx": {
		"path": "/Users/remy_mac/Desktop/everything/Code/KicksFolio/KicksFolio/app/(auth)/(signup)/sign-up.tsx",
		"statementMap": {
			"0": {
				"start": { "line": 5, "column": 4 },
				"end": { "line": 10, "column": 6 }
			}
		},
		"fnMap": {
			"0": {
				"name": "SignUp",
				"decl": {
					"start": { "line": 4, "column": 24 },
					"end": { "line": 4, "column": 30 }
				},
				"loc": {
					"start": { "line": 4, "column": 33 },
					"end": { "line": 11, "column": 1 }
				},
				"line": 4
			}
		},
		"branchMap": {},
		"s": { "0": 0 },
		"f": { "0": 0 },
		"b": {}
	},
	"/Users/remy_mac/Desktop/everything/Code/KicksFolio/KicksFolio/components/modals/SneakersModal/constants.ts": {
		"path": "/Users/remy_mac/Desktop/everything/Code/KicksFolio/KicksFolio/components/modals/SneakersModal/constants.ts",
		"statementMap": {
			"0": {
				"start": { "line": 1, "column": 22 },
				"end": { "line": 11, "column": 1 }
			},
			"1": {
				"start": { "line": 13, "column": 22 },
				"end": { "line": 17, "column": 1 }
			},
			"2": {
				"start": { "line": 19, "column": 30 },
				"end": { "line": 26, "column": 1 }
			}
		},
		"fnMap": {},
		"branchMap": {},
		"s": { "0": 0, "1": 0, "2": 0 },
		"f": {},
		"b": {}
	},
	"/Users/remy_mac/Desktop/everything/Code/KicksFolio/KicksFolio/components/modals/SneakersModal/index.tsx": {
		"path": "/Users/remy_mac/Desktop/everything/Code/KicksFolio/KicksFolio/components/modals/SneakersModal/index.tsx",
		"statementMap": {
			"0": {
				"start": { "line": 10, "column": 29 },
				"end": { "line": 46, "column": 1 }
			},
			"1": {
				"start": { "line": 15, "column": 8 },
				"end": { "line": 15, "column": 23 }
			},
			"2": {
				"start": { "line": 17, "column": 4 },
				"end": { "line": 17, "column": 32 }
			},
			"3": {
				"start": { "line": 17, "column": 20 },
				"end": { "line": 17, "column": 32 }
			},
			"4": {
				"start": { "line": 19, "column": 4 },
				"end": { "line": 45, "column": 6 }
			}
		},
		"fnMap": {
			"0": {
				"name": "(anonymous_0)",
				"decl": {
					"start": { "line": 10, "column": 29 },
					"end": { "line": 10, "column": 30 }
				},
				"loc": {
					"start": { "line": 10, "column": 35 },
					"end": { "line": 46, "column": 1 }
				},
				"line": 10
			}
		},
		"branchMap": {
			"0": {
				"loc": {
					"start": { "line": 17, "column": 4 },
					"end": { "line": 17, "column": 32 }
				},
				"type": "if",
				"locations": [
					{
						"start": { "line": 17, "column": 4 },
						"end": { "line": 17, "column": 32 }
					},
					{ "start": {}, "end": {} }
				],
				"line": 17
			},
			"1": {
				"loc": {
					"start": { "line": 22, "column": 17 },
					"end": { "line": 24, "column": 17 }
				},
				"type": "binary-expr",
				"locations": [
					{
						"start": { "line": 22, "column": 17 },
						"end": { "line": 22, "column": 38 }
					},
					{
						"start": { "line": 23, "column": 20 },
						"end": { "line": 23, "column": 35 }
					}
				],
				"line": 22
			},
			"2": {
				"loc": {
					"start": { "line": 26, "column": 17 },
					"end": { "line": 28, "column": 17 }
				},
				"type": "binary-expr",
				"locations": [
					{
						"start": { "line": 26, "column": 17 },
						"end": { "line": 26, "column": 36 }
					},
					{
						"start": { "line": 27, "column": 20 },
						"end": { "line": 27, "column": 31 }
					}
				],
				"line": 26
			},
			"3": {
				"loc": {
					"start": { "line": 30, "column": 17 },
					"end": { "line": 32, "column": 17 }
				},
				"type": "binary-expr",
				"locations": [
					{
						"start": { "line": 30, "column": 17 },
						"end": { "line": 30, "column": 40 }
					},
					{
						"start": { "line": 31, "column": 20 },
						"end": { "line": 31, "column": 32 }
					}
				],
				"line": 30
			},
			"4": {
				"loc": {
					"start": { "line": 34, "column": 17 },
					"end": { "line": 36, "column": 17 }
				},
				"type": "binary-expr",
				"locations": [
					{
						"start": { "line": 34, "column": 17 },
						"end": { "line": 34, "column": 41 }
					},
					{
						"start": { "line": 35, "column": 20 },
						"end": { "line": 35, "column": 36 }
					}
				],
				"line": 34
			},
			"5": {
				"loc": {
					"start": { "line": 38, "column": 17 },
					"end": { "line": 40, "column": 17 }
				},
				"type": "binary-expr",
				"locations": [
					{
						"start": { "line": 38, "column": 17 },
						"end": { "line": 38, "column": 37 }
					},
					{
						"start": { "line": 38, "column": 41 },
						"end": { "line": 38, "column": 55 }
					},
					{
						"start": { "line": 39, "column": 20 },
						"end": { "line": 39, "column": 31 }
					}
				],
				"line": 38
			}
		},
		"s": { "0": 0, "1": 0, "2": 0, "3": 0, "4": 0 },
		"f": { "0": 0 },
		"b": {
			"0": [0, 0],
			"1": [0, 0],
			"2": [0, 0],
			"3": [0, 0],
			"4": [0, 0],
			"5": [0, 0, 0]
		}
	},
	"/Users/remy_mac/Desktop/everything/Code/KicksFolio/KicksFolio/components/modals/SneakersModal/types.ts": {
		"path": "/Users/remy_mac/Desktop/everything/Code/KicksFolio/KicksFolio/components/modals/SneakersModal/types.ts",
		"statementMap": {},
		"fnMap": {},
		"branchMap": {},
		"s": {},
		"f": {},
		"b": {}
	},
	"/Users/remy_mac/Desktop/everything/Code/KicksFolio/KicksFolio/components/modals/SneakersModal/hooks/useSneakerAPI.ts": {
		"path": "/Users/remy_mac/Desktop/everything/Code/KicksFolio/KicksFolio/components/modals/SneakersModal/hooks/useSneakerAPI.ts",
		"statementMap": {
			"0": {
				"start": { "line": 17, "column": 29 },
				"end": { "line": 263, "column": 1 }
			},
			"1": {
				"start": { "line": 18, "column": 24 },
				"end": { "line": 18, "column": 65 }
			},
			"2": {
				"start": { "line": 19, "column": 47 },
				"end": { "line": 19, "column": 59 }
			},
			"3": {
				"start": { "line": 21, "column": 29 },
				"end": { "line": 50, "column": 2 }
			},
			"4": {
				"start": { "line": 22, "column": 2 },
				"end": { "line": 49, "column": 5 }
			},
			"5": {
				"start": { "line": 26, "column": 26 },
				"end": { "line": 35, "column": 4 }
			},
			"6": {
				"start": { "line": 37, "column": 23 },
				"end": { "line": 37, "column": 62 }
			},
			"7": {
				"start": { "line": 39, "column": 3 },
				"end": { "line": 48, "column": 4 }
			},
			"8": {
				"start": { "line": 40, "column": 4 },
				"end": { "line": 40, "column": 43 }
			},
			"9": {
				"start": { "line": 42, "column": 46 },
				"end": { "line": 42, "column": 48 }
			},
			"10": {
				"start": { "line": 43, "column": 4 },
				"end": { "line": 46, "column": 7 }
			},
			"11": {
				"start": { "line": 44, "column": 19 },
				"end": { "line": 44, "column": 30 }
			},
			"12": {
				"start": { "line": 45, "column": 5 },
				"end": { "line": 45, "column": 33 }
			},
			"13": {
				"start": { "line": 47, "column": 4 },
				"end": { "line": 47, "column": 40 }
			},
			"14": {
				"start": { "line": 52, "column": 25 },
				"end": { "line": 88, "column": 2 }
			},
			"15": {
				"start": { "line": 53, "column": 2 },
				"end": { "line": 56, "column": 3 }
			},
			"16": {
				"start": { "line": 54, "column": 3 },
				"end": { "line": 54, "column": 65 }
			},
			"17": {
				"start": { "line": 55, "column": 3 },
				"end": { "line": 55, "column": 28 }
			},
			"18": {
				"start": { "line": 58, "column": 2 },
				"end": { "line": 61, "column": 3 }
			},
			"19": {
				"start": { "line": 59, "column": 3 },
				"end": { "line": 59, "column": 48 }
			},
			"20": {
				"start": { "line": 60, "column": 3 },
				"end": { "line": 60, "column": 28 }
			},
			"21": {
				"start": { "line": 63, "column": 2 },
				"end": { "line": 63, "column": 28 }
			},
			"22": {
				"start": { "line": 65, "column": 2 },
				"end": { "line": 87, "column": 6 }
			},
			"23": {
				"start": { "line": 68, "column": 4 },
				"end": { "line": 81, "column": 5 }
			},
			"24": {
				"start": { "line": 69, "column": 28 },
				"end": { "line": 69, "column": 47 }
			},
			"25": {
				"start": { "line": 71, "column": 32 },
				"end": { "line": 78, "column": 6 }
			},
			"26": {
				"start": { "line": 79, "column": 5 },
				"end": { "line": 79, "column": 55 }
			},
			"27": {
				"start": { "line": 80, "column": 5 },
				"end": { "line": 80, "column": 39 }
			},
			"28": {
				"start": { "line": 82, "column": 4 },
				"end": { "line": 82, "column": 20 }
			},
			"29": {
				"start": { "line": 85, "column": 4 },
				"end": { "line": 85, "column": 33 }
			},
			"30": {
				"start": { "line": 86, "column": 4 },
				"end": { "line": 86, "column": 16 }
			},
			"31": {
				"start": { "line": 90, "column": 26 },
				"end": { "line": 144, "column": 2 }
			},
			"32": {
				"start": { "line": 94, "column": 2 },
				"end": { "line": 97, "column": 3 }
			},
			"33": {
				"start": { "line": 95, "column": 3 },
				"end": { "line": 95, "column": 46 }
			},
			"34": {
				"start": { "line": 96, "column": 3 },
				"end": { "line": 96, "column": 45 }
			},
			"35": {
				"start": { "line": 99, "column": 2 },
				"end": { "line": 143, "column": 6 }
			},
			"36": {
				"start": { "line": 101, "column": 4 },
				"end": { "line": 109, "column": 5 }
			},
			"37": {
				"start": { "line": 102, "column": 24 },
				"end": { "line": 104, "column": 9 }
			},
			"38": {
				"start": { "line": 105, "column": 5 },
				"end": { "line": 107, "column": 7 }
			},
			"39": {
				"start": { "line": 108, "column": 5 },
				"end": { "line": 108, "column": 48 }
			},
			"40": {
				"start": { "line": 111, "column": 42 },
				"end": { "line": 123, "column": 5 }
			},
			"41": {
				"start": { "line": 117, "column": 43 },
				"end": { "line": 120, "column": 6 }
			},
			"42": {
				"start": { "line": 125, "column": 4 },
				"end": { "line": 125, "column": 44 }
			},
			"43": {
				"start": { "line": 128, "column": 4 },
				"end": { "line": 135, "column": 5 }
			},
			"44": {
				"start": { "line": 129, "column": 5 },
				"end": { "line": 129, "column": 53 }
			},
			"45": {
				"start": { "line": 130, "column": 5 },
				"end": { "line": 130, "column": 36 }
			},
			"46": {
				"start": { "line": 132, "column": 5 },
				"end": { "line": 134, "column": 13 }
			},
			"47": {
				"start": { "line": 133, "column": 6 },
				"end": { "line": 133, "column": 28 }
			},
			"48": {
				"start": { "line": 136, "column": 4 },
				"end": { "line": 136, "column": 20 }
			},
			"49": {
				"start": { "line": 139, "column": 4 },
				"end": { "line": 141, "column": 6 }
			},
			"50": {
				"start": { "line": 142, "column": 4 },
				"end": { "line": 142, "column": 16 }
			},
			"51": {
				"start": { "line": 146, "column": 26 },
				"end": { "line": 213, "column": 2 }
			},
			"52": {
				"start": { "line": 151, "column": 2 },
				"end": { "line": 154, "column": 3 }
			},
			"53": {
				"start": { "line": 152, "column": 3 },
				"end": { "line": 152, "column": 46 }
			},
			"54": {
				"start": { "line": 153, "column": 3 },
				"end": { "line": 153, "column": 45 }
			},
			"55": {
				"start": { "line": 158, "column": 2 },
				"end": { "line": 212, "column": 6 }
			},
			"56": {
				"start": { "line": 160, "column": 4 },
				"end": { "line": 168, "column": 5 }
			},
			"57": {
				"start": { "line": 161, "column": 24 },
				"end": { "line": 163, "column": 9 }
			},
			"58": {
				"start": { "line": 164, "column": 5 },
				"end": { "line": 166, "column": 7 }
			},
			"59": {
				"start": { "line": 167, "column": 5 },
				"end": { "line": 167, "column": 48 }
			},
			"60": {
				"start": { "line": 170, "column": 4 },
				"end": { "line": 182, "column": 6 }
			},
			"61": {
				"start": { "line": 176, "column": 43 },
				"end": { "line": 179, "column": 6 }
			},
			"62": {
				"start": { "line": 184, "column": 4 },
				"end": { "line": 184, "column": 61 }
			},
			"63": {
				"start": { "line": 187, "column": 4 },
				"end": { "line": 204, "column": 5 }
			},
			"64": {
				"start": { "line": 188, "column": 28 },
				"end": { "line": 194, "column": 6 }
			},
			"65": {
				"start": { "line": 196, "column": 5 },
				"end": { "line": 196, "column": 51 }
			},
			"66": {
				"start": { "line": 197, "column": 5 },
				"end": { "line": 197, "column": 36 }
			},
			"67": {
				"start": { "line": 199, "column": 5 },
				"end": { "line": 201, "column": 13 }
			},
			"68": {
				"start": { "line": 200, "column": 6 },
				"end": { "line": 200, "column": 28 }
			},
			"69": {
				"start": { "line": 203, "column": 5 },
				"end": { "line": 203, "column": 45 }
			},
			"70": {
				"start": { "line": 205, "column": 4 },
				"end": { "line": 205, "column": 20 }
			},
			"71": {
				"start": { "line": 208, "column": 4 },
				"end": { "line": 210, "column": 6 }
			},
			"72": {
				"start": { "line": 211, "column": 4 },
				"end": { "line": 211, "column": 16 }
			},
			"73": {
				"start": { "line": 215, "column": 20 },
				"end": { "line": 225, "column": 2 }
			},
			"74": {
				"start": { "line": 219, "column": 2 },
				"end": { "line": 219, "column": 48 }
			},
			"75": {
				"start": { "line": 219, "column": 41 },
				"end": { "line": 219, "column": 48 }
			},
			"76": {
				"start": { "line": 221, "column": 2 },
				"end": { "line": 223, "column": 3 }
			},
			"77": {
				"start": { "line": 222, "column": 3 },
				"end": { "line": 222, "column": 10 }
			},
			"78": {
				"start": { "line": 224, "column": 2 },
				"end": { "line": 224, "column": 33 }
			},
			"79": {
				"start": { "line": 227, "column": 24 },
				"end": { "line": 237, "column": 2 }
			},
			"80": {
				"start": { "line": 231, "column": 2 },
				"end": { "line": 231, "column": 48 }
			},
			"81": {
				"start": { "line": 231, "column": 41 },
				"end": { "line": 231, "column": 48 }
			},
			"82": {
				"start": { "line": 233, "column": 2 },
				"end": { "line": 235, "column": 3 }
			},
			"83": {
				"start": { "line": 234, "column": 3 },
				"end": { "line": 234, "column": 10 }
			},
			"84": {
				"start": { "line": 236, "column": 2 },
				"end": { "line": 236, "column": 33 }
			},
			"85": {
				"start": { "line": 239, "column": 29 },
				"end": { "line": 253, "column": 2 }
			},
			"86": {
				"start": { "line": 240, "column": 2 },
				"end": { "line": 242, "column": 3 }
			},
			"87": {
				"start": { "line": 241, "column": 3 },
				"end": { "line": 241, "column": 45 }
			},
			"88": {
				"start": { "line": 244, "column": 2 },
				"end": { "line": 252, "column": 6 }
			},
			"89": {
				"start": { "line": 247, "column": 4 },
				"end": { "line": 247, "column": 32 }
			},
			"90": {
				"start": { "line": 248, "column": 4 },
				"end": { "line": 248, "column": 20 }
			},
			"91": {
				"start": { "line": 251, "column": 4 },
				"end": { "line": 251, "column": 16 }
			},
			"92": {
				"start": { "line": 255, "column": 1 },
				"end": { "line": 262, "column": 3 }
			}
		},
		"fnMap": {
			"0": {
				"name": "(anonymous_0)",
				"decl": {
					"start": { "line": 17, "column": 29 },
					"end": { "line": 17, "column": 30 }
				},
				"loc": {
					"start": { "line": 17, "column": 71 },
					"end": { "line": 263, "column": 1 }
				},
				"line": 17
			},
			"1": {
				"name": "(anonymous_1)",
				"decl": {
					"start": { "line": 21, "column": 29 },
					"end": { "line": 21, "column": 30 }
				},
				"loc": {
					"start": { "line": 21, "column": 60 },
					"end": { "line": 50, "column": 2 }
				},
				"line": 21
			},
			"2": {
				"name": "(anonymous_2)",
				"decl": {
					"start": { "line": 25, "column": 5 },
					"end": { "line": 25, "column": 6 }
				},
				"loc": {
					"start": { "line": 25, "column": 18 },
					"end": { "line": 49, "column": 3 }
				},
				"line": 25
			},
			"3": {
				"name": "(anonymous_3)",
				"decl": {
					"start": { "line": 43, "column": 37 },
					"end": { "line": 43, "column": 38 }
				},
				"loc": {
					"start": { "line": 43, "column": 56 },
					"end": { "line": 46, "column": 5 }
				},
				"line": 43
			},
			"4": {
				"name": "(anonymous_4)",
				"decl": {
					"start": { "line": 52, "column": 25 },
					"end": { "line": 52, "column": 26 }
				},
				"loc": {
					"start": { "line": 52, "column": 70 },
					"end": { "line": 88, "column": 2 }
				},
				"line": 52
			},
			"5": {
				"name": "(anonymous_5)",
				"decl": {
					"start": { "line": 67, "column": 9 },
					"end": { "line": 67, "column": 10 }
				},
				"loc": {
					"start": { "line": 67, "column": 23 },
					"end": { "line": 83, "column": 4 }
				},
				"line": 67
			},
			"6": {
				"name": "(anonymous_6)",
				"decl": {
					"start": { "line": 84, "column": 10 },
					"end": { "line": 84, "column": 11 }
				},
				"loc": {
					"start": { "line": 84, "column": 29 },
					"end": { "line": 87, "column": 4 }
				},
				"line": 84
			},
			"7": {
				"name": "(anonymous_7)",
				"decl": {
					"start": { "line": 90, "column": 26 },
					"end": { "line": 90, "column": 27 }
				},
				"loc": {
					"start": { "line": 93, "column": 6 },
					"end": { "line": 144, "column": 2 }
				},
				"line": 93
			},
			"8": {
				"name": "(anonymous_8)",
				"decl": {
					"start": { "line": 100, "column": 9 },
					"end": { "line": 100, "column": 10 }
				},
				"loc": {
					"start": { "line": 100, "column": 31 },
					"end": { "line": 126, "column": 4 }
				},
				"line": 100
			},
			"9": {
				"name": "(anonymous_9)",
				"decl": {
					"start": { "line": 117, "column": 33 },
					"end": { "line": 117, "column": 34 }
				},
				"loc": {
					"start": { "line": 117, "column": 43 },
					"end": { "line": 120, "column": 6 }
				},
				"line": 117
			},
			"10": {
				"name": "(anonymous_10)",
				"decl": {
					"start": { "line": 127, "column": 9 },
					"end": { "line": 127, "column": 10 }
				},
				"loc": {
					"start": { "line": 127, "column": 23 },
					"end": { "line": 137, "column": 4 }
				},
				"line": 127
			},
			"11": {
				"name": "(anonymous_11)",
				"decl": {
					"start": { "line": 132, "column": 16 },
					"end": { "line": 132, "column": 17 }
				},
				"loc": {
					"start": { "line": 132, "column": 22 },
					"end": { "line": 134, "column": 6 }
				},
				"line": 132
			},
			"12": {
				"name": "(anonymous_12)",
				"decl": {
					"start": { "line": 138, "column": 10 },
					"end": { "line": 138, "column": 11 }
				},
				"loc": {
					"start": { "line": 138, "column": 29 },
					"end": { "line": 143, "column": 4 }
				},
				"line": 138
			},
			"13": {
				"name": "(anonymous_13)",
				"decl": {
					"start": { "line": 146, "column": 26 },
					"end": { "line": 146, "column": 27 }
				},
				"loc": {
					"start": { "line": 150, "column": 6 },
					"end": { "line": 213, "column": 2 }
				},
				"line": 150
			},
			"14": {
				"name": "(anonymous_14)",
				"decl": {
					"start": { "line": 159, "column": 9 },
					"end": { "line": 159, "column": 10 }
				},
				"loc": {
					"start": { "line": 159, "column": 31 },
					"end": { "line": 185, "column": 4 }
				},
				"line": 159
			},
			"15": {
				"name": "(anonymous_15)",
				"decl": {
					"start": { "line": 176, "column": 33 },
					"end": { "line": 176, "column": 34 }
				},
				"loc": {
					"start": { "line": 176, "column": 43 },
					"end": { "line": 179, "column": 6 }
				},
				"line": 176
			},
			"16": {
				"name": "(anonymous_16)",
				"decl": {
					"start": { "line": 186, "column": 9 },
					"end": { "line": 186, "column": 10 }
				},
				"loc": {
					"start": { "line": 186, "column": 23 },
					"end": { "line": 206, "column": 4 }
				},
				"line": 186
			},
			"17": {
				"name": "(anonymous_17)",
				"decl": {
					"start": { "line": 199, "column": 16 },
					"end": { "line": 199, "column": 17 }
				},
				"loc": {
					"start": { "line": 199, "column": 22 },
					"end": { "line": 201, "column": 6 }
				},
				"line": 199
			},
			"18": {
				"name": "(anonymous_18)",
				"decl": {
					"start": { "line": 207, "column": 10 },
					"end": { "line": 207, "column": 11 }
				},
				"loc": {
					"start": { "line": 207, "column": 29 },
					"end": { "line": 212, "column": 4 }
				},
				"line": 207
			},
			"19": {
				"name": "(anonymous_19)",
				"decl": {
					"start": { "line": 215, "column": 20 },
					"end": { "line": 215, "column": 21 }
				},
				"loc": {
					"start": { "line": 218, "column": 6 },
					"end": { "line": 225, "column": 2 }
				},
				"line": 218
			},
			"20": {
				"name": "(anonymous_20)",
				"decl": {
					"start": { "line": 227, "column": 24 },
					"end": { "line": 227, "column": 25 }
				},
				"loc": {
					"start": { "line": 230, "column": 6 },
					"end": { "line": 237, "column": 2 }
				},
				"line": 230
			},
			"21": {
				"name": "(anonymous_21)",
				"decl": {
					"start": { "line": 239, "column": 29 },
					"end": { "line": 239, "column": 30 }
				},
				"loc": {
					"start": { "line": 239, "column": 58 },
					"end": { "line": 253, "column": 2 }
				},
				"line": 239
			},
			"22": {
				"name": "(anonymous_22)",
				"decl": {
					"start": { "line": 246, "column": 9 },
					"end": { "line": 246, "column": 10 }
				},
				"loc": {
					"start": { "line": 246, "column": 29 },
					"end": { "line": 249, "column": 4 }
				},
				"line": 246
			},
			"23": {
				"name": "(anonymous_23)",
				"decl": {
					"start": { "line": 250, "column": 10 },
					"end": { "line": 250, "column": 11 }
				},
				"loc": {
					"start": { "line": 250, "column": 29 },
					"end": { "line": 252, "column": 4 }
				},
				"line": 250
			}
		},
		"branchMap": {
			"0": {
				"loc": {
					"start": { "line": 33, "column": 16 },
					"end": { "line": 33, "column": 48 }
				},
				"type": "binary-expr",
				"locations": [
					{
						"start": { "line": 33, "column": 16 },
						"end": { "line": 33, "column": 35 }
					},
					{
						"start": { "line": 33, "column": 39 },
						"end": { "line": 33, "column": 48 }
					}
				],
				"line": 33
			},
			"1": {
				"loc": {
					"start": { "line": 34, "column": 17 },
					"end": { "line": 34, "column": 50 }
				},
				"type": "binary-expr",
				"locations": [
					{
						"start": { "line": 34, "column": 17 },
						"end": { "line": 34, "column": 37 }
					},
					{
						"start": { "line": 34, "column": 41 },
						"end": { "line": 34, "column": 50 }
					}
				],
				"line": 34
			},
			"2": {
				"loc": {
					"start": { "line": 39, "column": 3 },
					"end": { "line": 48, "column": 4 }
				},
				"type": "if",
				"locations": [
					{
						"start": { "line": 39, "column": 3 },
						"end": { "line": 48, "column": 4 }
					},
					{
						"start": { "line": 41, "column": 10 },
						"end": { "line": 48, "column": 4 }
					}
				],
				"line": 39
			},
			"3": {
				"loc": {
					"start": { "line": 53, "column": 2 },
					"end": { "line": 56, "column": 3 }
				},
				"type": "if",
				"locations": [
					{
						"start": { "line": 53, "column": 2 },
						"end": { "line": 56, "column": 3 }
					},
					{ "start": {}, "end": {} }
				],
				"line": 53
			},
			"4": {
				"loc": {
					"start": { "line": 58, "column": 2 },
					"end": { "line": 61, "column": 3 }
				},
				"type": "if",
				"locations": [
					{
						"start": { "line": 58, "column": 2 },
						"end": { "line": 61, "column": 3 }
					},
					{ "start": {}, "end": {} }
				],
				"line": 58
			},
			"5": {
				"loc": {
					"start": { "line": 68, "column": 4 },
					"end": { "line": 81, "column": 5 }
				},
				"type": "if",
				"locations": [
					{
						"start": { "line": 68, "column": 4 },
						"end": { "line": 81, "column": 5 }
					},
					{ "start": {}, "end": {} }
				],
				"line": 68
			},
			"6": {
				"loc": {
					"start": { "line": 72, "column": 13 },
					"end": { "line": 72, "column": 38 }
				},
				"type": "binary-expr",
				"locations": [
					{
						"start": { "line": 72, "column": 13 },
						"end": { "line": 72, "column": 32 }
					},
					{
						"start": { "line": 72, "column": 36 },
						"end": { "line": 72, "column": 38 }
					}
				],
				"line": 72
			},
			"7": {
				"loc": {
					"start": { "line": 73, "column": 13 },
					"end": { "line": 73, "column": 53 }
				},
				"type": "binary-expr",
				"locations": [
					{
						"start": { "line": 73, "column": 13 },
						"end": { "line": 73, "column": 47 }
					},
					{
						"start": { "line": 73, "column": 51 },
						"end": { "line": 73, "column": 53 }
					}
				],
				"line": 73
			},
			"8": {
				"loc": {
					"start": { "line": 74, "column": 19 },
					"end": { "line": 74, "column": 45 }
				},
				"type": "binary-expr",
				"locations": [
					{
						"start": { "line": 74, "column": 19 },
						"end": { "line": 74, "column": 39 }
					},
					{
						"start": { "line": 74, "column": 43 },
						"end": { "line": 74, "column": 45 }
					}
				],
				"line": 74
			},
			"9": {
				"loc": {
					"start": { "line": 76, "column": 12 },
					"end": { "line": 76, "column": 47 }
				},
				"type": "binary-expr",
				"locations": [
					{
						"start": { "line": 76, "column": 12 },
						"end": { "line": 76, "column": 41 }
					},
					{
						"start": { "line": 76, "column": 45 },
						"end": { "line": 76, "column": 47 }
					}
				],
				"line": 76
			},
			"10": {
				"loc": {
					"start": { "line": 94, "column": 2 },
					"end": { "line": 97, "column": 3 }
				},
				"type": "if",
				"locations": [
					{
						"start": { "line": 94, "column": 2 },
						"end": { "line": 97, "column": 3 }
					},
					{ "start": {}, "end": {} }
				],
				"line": 94
			},
			"11": {
				"loc": {
					"start": { "line": 101, "column": 4 },
					"end": { "line": 109, "column": 5 }
				},
				"type": "if",
				"locations": [
					{
						"start": { "line": 101, "column": 4 },
						"end": { "line": 109, "column": 5 }
					},
					{ "start": {}, "end": {} }
				],
				"line": 101
			},
			"12": {
				"loc": {
					"start": { "line": 106, "column": 6 },
					"end": { "line": 106, "column": 51 }
				},
				"type": "binary-expr",
				"locations": [
					{
						"start": { "line": 106, "column": 7 },
						"end": { "line": 106, "column": 27 }
					},
					{
						"start": { "line": 106, "column": 32 },
						"end": { "line": 106, "column": 51 }
					}
				],
				"line": 106
			},
			"13": {
				"loc": {
					"start": { "line": 121, "column": 17 },
					"end": { "line": 121, "column": 54 }
				},
				"type": "binary-expr",
				"locations": [
					{
						"start": { "line": 121, "column": 17 },
						"end": { "line": 121, "column": 48 }
					},
					{
						"start": { "line": 121, "column": 52 },
						"end": { "line": 121, "column": 54 }
					}
				],
				"line": 121
			},
			"14": {
				"loc": {
					"start": { "line": 128, "column": 4 },
					"end": { "line": 135, "column": 5 }
				},
				"type": "if",
				"locations": [
					{
						"start": { "line": 128, "column": 4 },
						"end": { "line": 135, "column": 5 }
					},
					{ "start": {}, "end": {} }
				],
				"line": 128
			},
			"15": {
				"loc": {
					"start": { "line": 128, "column": 8 },
					"end": { "line": 128, "column": 29 }
				},
				"type": "binary-expr",
				"locations": [
					{
						"start": { "line": 128, "column": 8 },
						"end": { "line": 128, "column": 16 }
					},
					{
						"start": { "line": 128, "column": 20 },
						"end": { "line": 128, "column": 29 }
					}
				],
				"line": 128
			},
			"16": {
				"loc": {
					"start": { "line": 151, "column": 2 },
					"end": { "line": 154, "column": 3 }
				},
				"type": "if",
				"locations": [
					{
						"start": { "line": 151, "column": 2 },
						"end": { "line": 154, "column": 3 }
					},
					{ "start": {}, "end": {} }
				],
				"line": 151
			},
			"17": {
				"loc": {
					"start": { "line": 160, "column": 4 },
					"end": { "line": 168, "column": 5 }
				},
				"type": "if",
				"locations": [
					{
						"start": { "line": 160, "column": 4 },
						"end": { "line": 168, "column": 5 }
					},
					{ "start": {}, "end": {} }
				],
				"line": 160
			},
			"18": {
				"loc": {
					"start": { "line": 165, "column": 6 },
					"end": { "line": 165, "column": 51 }
				},
				"type": "binary-expr",
				"locations": [
					{
						"start": { "line": 165, "column": 7 },
						"end": { "line": 165, "column": 27 }
					},
					{
						"start": { "line": 165, "column": 32 },
						"end": { "line": 165, "column": 51 }
					}
				],
				"line": 165
			},
			"19": {
				"loc": {
					"start": { "line": 180, "column": 17 },
					"end": { "line": 180, "column": 54 }
				},
				"type": "binary-expr",
				"locations": [
					{
						"start": { "line": 180, "column": 17 },
						"end": { "line": 180, "column": 48 }
					},
					{
						"start": { "line": 180, "column": 52 },
						"end": { "line": 180, "column": 54 }
					}
				],
				"line": 180
			},
			"20": {
				"loc": {
					"start": { "line": 187, "column": 4 },
					"end": { "line": 204, "column": 5 }
				},
				"type": "if",
				"locations": [
					{
						"start": { "line": 187, "column": 4 },
						"end": { "line": 204, "column": 5 }
					},
					{
						"start": { "line": 202, "column": 11 },
						"end": { "line": 204, "column": 5 }
					}
				],
				"line": 187
			},
			"21": {
				"loc": {
					"start": { "line": 187, "column": 8 },
					"end": { "line": 187, "column": 29 }
				},
				"type": "binary-expr",
				"locations": [
					{
						"start": { "line": 187, "column": 8 },
						"end": { "line": 187, "column": 16 }
					},
					{
						"start": { "line": 187, "column": 20 },
						"end": { "line": 187, "column": 29 }
					}
				],
				"line": 187
			},
			"22": {
				"loc": {
					"start": { "line": 191, "column": 7 },
					"end": { "line": 193, "column": 9 }
				},
				"type": "binary-expr",
				"locations": [
					{
						"start": { "line": 191, "column": 7 },
						"end": { "line": 191, "column": 30 }
					},
					{
						"start": { "line": 192, "column": 7 },
						"end": { "line": 192, "column": 29 }
					},
					{
						"start": { "line": 193, "column": 7 },
						"end": { "line": 193, "column": 9 }
					}
				],
				"line": 191
			},
			"23": {
				"loc": {
					"start": { "line": 219, "column": 2 },
					"end": { "line": 219, "column": 48 }
				},
				"type": "if",
				"locations": [
					{
						"start": { "line": 219, "column": 2 },
						"end": { "line": 219, "column": 48 }
					},
					{ "start": {}, "end": {} }
				],
				"line": 219
			},
			"24": {
				"loc": {
					"start": { "line": 219, "column": 6 },
					"end": { "line": 219, "column": 39 }
				},
				"type": "binary-expr",
				"locations": [
					{
						"start": { "line": 219, "column": 6 },
						"end": { "line": 219, "column": 19 }
					},
					{
						"start": { "line": 219, "column": 23 },
						"end": { "line": 219, "column": 39 }
					}
				],
				"line": 219
			},
			"25": {
				"loc": {
					"start": { "line": 221, "column": 2 },
					"end": { "line": 223, "column": 3 }
				},
				"type": "if",
				"locations": [
					{
						"start": { "line": 221, "column": 2 },
						"end": { "line": 223, "column": 3 }
					},
					{ "start": {}, "end": {} }
				],
				"line": 221
			},
			"26": {
				"loc": {
					"start": { "line": 231, "column": 2 },
					"end": { "line": 231, "column": 48 }
				},
				"type": "if",
				"locations": [
					{
						"start": { "line": 231, "column": 2 },
						"end": { "line": 231, "column": 48 }
					},
					{ "start": {}, "end": {} }
				],
				"line": 231
			},
			"27": {
				"loc": {
					"start": { "line": 231, "column": 6 },
					"end": { "line": 231, "column": 39 }
				},
				"type": "binary-expr",
				"locations": [
					{
						"start": { "line": 231, "column": 6 },
						"end": { "line": 231, "column": 19 }
					},
					{
						"start": { "line": 231, "column": 23 },
						"end": { "line": 231, "column": 39 }
					}
				],
				"line": 231
			},
			"28": {
				"loc": {
					"start": { "line": 233, "column": 2 },
					"end": { "line": 235, "column": 3 }
				},
				"type": "if",
				"locations": [
					{
						"start": { "line": 233, "column": 2 },
						"end": { "line": 235, "column": 3 }
					},
					{ "start": {}, "end": {} }
				],
				"line": 233
			},
			"29": {
				"loc": {
					"start": { "line": 240, "column": 2 },
					"end": { "line": 242, "column": 3 }
				},
				"type": "if",
				"locations": [
					{
						"start": { "line": 240, "column": 2 },
						"end": { "line": 242, "column": 3 }
					},
					{ "start": {}, "end": {} }
				],
				"line": 240
			}
		},
		"s": {
			"0": 0,
			"1": 0,
			"2": 0,
			"3": 0,
			"4": 0,
			"5": 0,
			"6": 0,
			"7": 0,
			"8": 0,
			"9": 0,
			"10": 0,
			"11": 0,
			"12": 0,
			"13": 0,
			"14": 0,
			"15": 0,
			"16": 0,
			"17": 0,
			"18": 0,
			"19": 0,
			"20": 0,
			"21": 0,
			"22": 0,
			"23": 0,
			"24": 0,
			"25": 0,
			"26": 0,
			"27": 0,
			"28": 0,
			"29": 0,
			"30": 0,
			"31": 0,
			"32": 0,
			"33": 0,
			"34": 0,
			"35": 0,
			"36": 0,
			"37": 0,
			"38": 0,
			"39": 0,
			"40": 0,
			"41": 0,
			"42": 0,
			"43": 0,
			"44": 0,
			"45": 0,
			"46": 0,
			"47": 0,
			"48": 0,
			"49": 0,
			"50": 0,
			"51": 0,
			"52": 0,
			"53": 0,
			"54": 0,
			"55": 0,
			"56": 0,
			"57": 0,
			"58": 0,
			"59": 0,
			"60": 0,
			"61": 0,
			"62": 0,
			"63": 0,
			"64": 0,
			"65": 0,
			"66": 0,
			"67": 0,
			"68": 0,
			"69": 0,
			"70": 0,
			"71": 0,
			"72": 0,
			"73": 0,
			"74": 0,
			"75": 0,
			"76": 0,
			"77": 0,
			"78": 0,
			"79": 0,
			"80": 0,
			"81": 0,
			"82": 0,
			"83": 0,
			"84": 0,
			"85": 0,
			"86": 0,
			"87": 0,
			"88": 0,
			"89": 0,
			"90": 0,
			"91": 0,
			"92": 0
		},
		"f": {
			"0": 0,
			"1": 0,
			"2": 0,
			"3": 0,
			"4": 0,
			"5": 0,
			"6": 0,
			"7": 0,
			"8": 0,
			"9": 0,
			"10": 0,
			"11": 0,
			"12": 0,
			"13": 0,
			"14": 0,
			"15": 0,
			"16": 0,
			"17": 0,
			"18": 0,
			"19": 0,
			"20": 0,
			"21": 0,
			"22": 0,
			"23": 0
		},
		"b": {
			"0": [0, 0],
			"1": [0, 0],
			"2": [0, 0],
			"3": [0, 0],
			"4": [0, 0],
			"5": [0, 0],
			"6": [0, 0],
			"7": [0, 0],
			"8": [0, 0],
			"9": [0, 0],
			"10": [0, 0],
			"11": [0, 0],
			"12": [0, 0],
			"13": [0, 0],
			"14": [0, 0],
			"15": [0, 0],
			"16": [0, 0],
			"17": [0, 0],
			"18": [0, 0],
			"19": [0, 0],
			"20": [0, 0],
			"21": [0, 0],
			"22": [0, 0, 0],
			"23": [0, 0],
			"24": [0, 0],
			"25": [0, 0],
			"26": [0, 0],
			"27": [0, 0],
			"28": [0, 0],
			"29": [0, 0]
		}
	},
	"/Users/remy_mac/Desktop/everything/Code/KicksFolio/KicksFolio/components/modals/SneakersModal/shared/FormFields.tsx": {
		"path": "/Users/remy_mac/Desktop/everything/Code/KicksFolio/KicksFolio/components/modals/SneakersModal/shared/FormFields.tsx",
		"statementMap": {
			"0": {
				"start": { "line": 25, "column": 26 },
				"end": { "line": 168, "column": 1 }
			},
			"1": {
				"start": { "line": 37, "column": 33 },
				"end": { "line": 39, "column": 5 }
			},
			"2": {
				"start": { "line": 38, "column": 8 },
				"end": { "line": 38, "column": 40 }
			},
			"3": {
				"start": { "line": 41, "column": 62 },
				"end": { "line": 41, "column": 77 }
			},
			"4": {
				"start": { "line": 43, "column": 27 },
				"end": { "line": 43, "column": 93 }
			},
			"5": {
				"start": { "line": 46, "column": 23 },
				"end": { "line": 46, "column": 53 }
			},
			"6": {
				"start": { "line": 47, "column": 26 },
				"end": { "line": 47, "column": 38 }
			},
			"7": {
				"start": { "line": 49, "column": 4 },
				"end": { "line": 167, "column": 6 }
			},
			"8": {
				"start": { "line": 54, "column": 20 },
				"end": { "line": 57, "column": 30 }
			},
			"9": {
				"start": { "line": 79, "column": 31 },
				"end": { "line": 79, "column": 56 }
			},
			"10": {
				"start": { "line": 80, "column": 43 },
				"end": { "line": 80, "column": 85 }
			},
			"11": {
				"start": { "line": 91, "column": 35 },
				"end": { "line": 91, "column": 60 }
			},
			"12": {
				"start": { "line": 100, "column": 35 },
				"end": { "line": 100, "column": 61 }
			},
			"13": {
				"start": { "line": 115, "column": 39 },
				"end": { "line": 115, "column": 63 }
			},
			"14": {
				"start": { "line": 116, "column": 51 },
				"end": { "line": 116, "column": 92 }
			},
			"15": {
				"start": { "line": 129, "column": 39 },
				"end": { "line": 129, "column": 68 }
			},
			"16": {
				"start": { "line": 130, "column": 51 },
				"end": { "line": 130, "column": 97 }
			},
			"17": {
				"start": { "line": 145, "column": 39 },
				"end": { "line": 145, "column": 69 }
			},
			"18": {
				"start": { "line": 146, "column": 51 },
				"end": { "line": 146, "column": 98 }
			},
			"19": {
				"start": { "line": 158, "column": 31 },
				"end": { "line": 158, "column": 62 }
			},
			"20": {
				"start": { "line": 159, "column": 43 },
				"end": { "line": 159, "column": 91 }
			}
		},
		"fnMap": {
			"0": {
				"name": "(anonymous_0)",
				"decl": {
					"start": { "line": 25, "column": 26 },
					"end": { "line": 25, "column": 27 }
				},
				"loc": {
					"start": { "line": 36, "column": 23 },
					"end": { "line": 168, "column": 1 }
				},
				"line": 36
			},
			"1": {
				"name": "(anonymous_1)",
				"decl": {
					"start": { "line": 37, "column": 33 },
					"end": { "line": 37, "column": 34 }
				},
				"loc": {
					"start": { "line": 37, "column": 56 },
					"end": { "line": 39, "column": 5 }
				},
				"line": 37
			},
			"2": {
				"name": "(anonymous_2)",
				"decl": {
					"start": { "line": 53, "column": 26 },
					"end": { "line": 53, "column": 27 }
				},
				"loc": {
					"start": { "line": 53, "column": 43 },
					"end": { "line": 58, "column": 17 }
				},
				"line": 53
			},
			"3": {
				"name": "(anonymous_3)",
				"decl": {
					"start": { "line": 61, "column": 28 },
					"end": { "line": 61, "column": 29 }
				},
				"loc": {
					"start": { "line": 61, "column": 34 },
					"end": { "line": 61, "column": 36 }
				},
				"line": 61
			},
			"4": {
				"name": "(anonymous_4)",
				"decl": {
					"start": { "line": 79, "column": 25 },
					"end": { "line": 79, "column": 26 }
				},
				"loc": {
					"start": { "line": 79, "column": 31 },
					"end": { "line": 79, "column": 56 }
				},
				"line": 79
			},
			"5": {
				"name": "(anonymous_5)",
				"decl": {
					"start": { "line": 80, "column": 24 },
					"end": { "line": 80, "column": 25 }
				},
				"loc": {
					"start": { "line": 80, "column": 41 },
					"end": { "line": 80, "column": 87 }
				},
				"line": 80
			},
			"6": {
				"name": "(anonymous_6)",
				"decl": {
					"start": { "line": 91, "column": 29 },
					"end": { "line": 91, "column": 30 }
				},
				"loc": {
					"start": { "line": 91, "column": 35 },
					"end": { "line": 91, "column": 60 }
				},
				"line": 91
			},
			"7": {
				"name": "(anonymous_7)",
				"decl": {
					"start": { "line": 100, "column": 29 },
					"end": { "line": 100, "column": 30 }
				},
				"loc": {
					"start": { "line": 100, "column": 35 },
					"end": { "line": 100, "column": 61 }
				},
				"line": 100
			},
			"8": {
				"name": "(anonymous_8)",
				"decl": {
					"start": { "line": 115, "column": 33 },
					"end": { "line": 115, "column": 34 }
				},
				"loc": {
					"start": { "line": 115, "column": 39 },
					"end": { "line": 115, "column": 63 }
				},
				"line": 115
			},
			"9": {
				"name": "(anonymous_9)",
				"decl": {
					"start": { "line": 116, "column": 32 },
					"end": { "line": 116, "column": 33 }
				},
				"loc": {
					"start": { "line": 116, "column": 49 },
					"end": { "line": 116, "column": 94 }
				},
				"line": 116
			},
			"10": {
				"name": "(anonymous_10)",
				"decl": {
					"start": { "line": 129, "column": 33 },
					"end": { "line": 129, "column": 34 }
				},
				"loc": {
					"start": { "line": 129, "column": 39 },
					"end": { "line": 129, "column": 68 }
				},
				"line": 129
			},
			"11": {
				"name": "(anonymous_11)",
				"decl": {
					"start": { "line": 130, "column": 32 },
					"end": { "line": 130, "column": 33 }
				},
				"loc": {
					"start": { "line": 130, "column": 49 },
					"end": { "line": 130, "column": 99 }
				},
				"line": 130
			},
			"12": {
				"name": "(anonymous_12)",
				"decl": {
					"start": { "line": 145, "column": 33 },
					"end": { "line": 145, "column": 34 }
				},
				"loc": {
					"start": { "line": 145, "column": 39 },
					"end": { "line": 145, "column": 69 }
				},
				"line": 145
			},
			"13": {
				"name": "(anonymous_13)",
				"decl": {
					"start": { "line": 146, "column": 32 },
					"end": { "line": 146, "column": 33 }
				},
				"loc": {
					"start": { "line": 146, "column": 49 },
					"end": { "line": 146, "column": 100 }
				},
				"line": 146
			},
			"14": {
				"name": "(anonymous_14)",
				"decl": {
					"start": { "line": 158, "column": 25 },
					"end": { "line": 158, "column": 26 }
				},
				"loc": {
					"start": { "line": 158, "column": 31 },
					"end": { "line": 158, "column": 62 }
				},
				"line": 158
			},
			"15": {
				"name": "(anonymous_15)",
				"decl": {
					"start": { "line": 159, "column": 24 },
					"end": { "line": 159, "column": 25 }
				},
				"loc": {
					"start": { "line": 159, "column": 41 },
					"end": { "line": 159, "column": 93 }
				},
				"line": 159
			}
		},
		"branchMap": {
			"0": {
				"loc": {
					"start": { "line": 43, "column": 27 },
					"end": { "line": 43, "column": 93 }
				},
				"type": "binary-expr",
				"locations": [
					{
						"start": { "line": 43, "column": 27 },
						"end": { "line": 43, "column": 57 }
					},
					{
						"start": { "line": 43, "column": 61 },
						"end": { "line": 43, "column": 93 }
					}
				],
				"line": 43
			},
			"1": {
				"loc": {
					"start": { "line": 52, "column": 23 },
					"end": { "line": 52, "column": 43 }
				},
				"type": "binary-expr",
				"locations": [
					{
						"start": { "line": 52, "column": 23 },
						"end": { "line": 52, "column": 37 }
					},
					{
						"start": { "line": 52, "column": 41 },
						"end": { "line": 52, "column": 43 }
					}
				],
				"line": 52
			},
			"2": {
				"loc": {
					"start": { "line": 56, "column": 51 },
					"end": { "line": 56, "column": 87 }
				},
				"type": "binary-expr",
				"locations": [
					{
						"start": { "line": 56, "column": 51 },
						"end": { "line": 56, "column": 81 }
					},
					{
						"start": { "line": 56, "column": 85 },
						"end": { "line": 56, "column": 87 }
					}
				],
				"line": 56
			},
			"3": {
				"loc": {
					"start": { "line": 65, "column": 13 },
					"end": { "line": 70, "column": 13 }
				},
				"type": "binary-expr",
				"locations": [
					{
						"start": { "line": 65, "column": 14 },
						"end": { "line": 65, "column": 24 }
					},
					{
						"start": { "line": 65, "column": 28 },
						"end": { "line": 65, "column": 42 }
					},
					{
						"start": { "line": 66, "column": 16 },
						"end": { "line": 69, "column": 18 }
					}
				],
				"line": 65
			},
			"4": {
				"loc": {
					"start": { "line": 67, "column": 29 },
					"end": { "line": 67, "column": 57 }
				},
				"type": "binary-expr",
				"locations": [
					{
						"start": { "line": 67, "column": 29 },
						"end": { "line": 67, "column": 39 }
					},
					{
						"start": { "line": 67, "column": 43 },
						"end": { "line": 67, "column": 57 }
					}
				],
				"line": 67
			}
		},
		"s": {
			"0": 0,
			"1": 0,
			"2": 0,
			"3": 0,
			"4": 0,
			"5": 0,
			"6": 0,
			"7": 0,
			"8": 0,
			"9": 0,
			"10": 0,
			"11": 0,
			"12": 0,
			"13": 0,
			"14": 0,
			"15": 0,
			"16": 0,
			"17": 0,
			"18": 0,
			"19": 0,
			"20": 0
		},
		"f": {
			"0": 0,
			"1": 0,
			"2": 0,
			"3": 0,
			"4": 0,
			"5": 0,
			"6": 0,
			"7": 0,
			"8": 0,
			"9": 0,
			"10": 0,
			"11": 0,
			"12": 0,
			"13": 0,
			"14": 0,
			"15": 0
		},
		"b": {
			"0": [0, 0],
			"1": [0, 0],
			"2": [0, 0],
			"3": [0, 0, 0],
			"4": [0, 0]
		}
	},
	"/Users/remy_mac/Desktop/everything/Code/KicksFolio/KicksFolio/components/modals/SneakersModal/shared/ImageUploader.tsx": {
		"path": "/Users/remy_mac/Desktop/everything/Code/KicksFolio/KicksFolio/components/modals/SneakersModal/shared/ImageUploader.tsx",
		"statementMap": {
			"0": {
				"start": { "line": 14, "column": 29 },
				"end": { "line": 72, "column": 1 }
			},
			"1": {
				"start": { "line": 15, "column": 33 },
				"end": { "line": 27, "column": 5 }
			},
			"2": {
				"start": { "line": 16, "column": 25 },
				"end": { "line": 18, "column": 44 }
			},
			"3": {
[...]
					"end": { "line": 118, "column": 9 }
				},
				"type": "if",
				"locations": [
					{
						"start": { "line": 116, "column": 8 },
						"end": { "line": 118, "column": 9 }
					},
					{ "start": {}, "end": {} }
				],
				"line": 116
			},
			"3": {
				"loc": {
					"start": { "line": 119, "column": 8 },
					"end": { "line": 121, "column": 9 }
				},
				"type": "if",
				"locations": [
					{
						"start": { "line": 119, "column": 8 },
						"end": { "line": 121, "column": 9 }
					},
					{ "start": {}, "end": {} }
				],
				"line": 119
			},
			"4": {
				"loc": {
					"start": { "line": 122, "column": 8 },
					"end": { "line": 124, "column": 9 }
				},
				"type": "if",
				"locations": [
					{
						"start": { "line": 122, "column": 8 },
						"end": { "line": 124, "column": 9 }
					},
					{ "start": {}, "end": {} }
				],
				"line": 122
			}
		},
		"s": {
			"0": 0,
			"1": 0,
			"2": 0,
			"3": 0,
			"4": 0,
			"5": 0,
			"6": 0,
			"7": 0,
			"8": 0,
			"9": 0,
			"10": 0,
			"11": 0,
			"12": 0,
			"13": 0,
			"14": 0,
			"15": 0,
			"16": 0,
			"17": 0,
			"18": 0,
			"19": 0,
			"20": 0,
			"21": 0,
			"22": 0,
			"23": 0,
			"24": 0,
			"25": 0,
			"26": 0,
			"27": 0,
			"28": 0,
			"29": 0,
			"30": 1
		},
		"f": {
			"0": 0,
			"1": 0,
			"2": 0,
			"3": 0,
			"4": 0,
			"5": 0,
			"6": 0,
			"7": 0,
			"8": 0,
			"9": 0,
			"10": 0,
			"11": 0,
			"12": 0,
			"13": 0,
			"14": 0,
			"15": 0,
			"16": 0,
			"17": 0,
			"18": 0,
			"19": 0,
			"20": 0,
			"21": 0
		},
		"b": {
			"0": [0, 0],
			"1": [0, 0],
			"2": [0, 0],
			"3": [0, 0],
			"4": [0, 0]
		},
		"_coverageSchema": "1a1c01bbd47fc00a2c39e90264f33305004495a9",
		"hash": "2c98374d5212566cd8a4c0c37e9205fd788a639b"
	},
	"/Users/remy_mac/Desktop/everything/Code/KicksFolio/KicksFolio/store/useModalStore.ts": {
		"path": "/Users/remy_mac/Desktop/everything/Code/KicksFolio/KicksFolio/store/useModalStore.ts",
		"statementMap": {
			"0": {
				"start": { "line": 56, "column": 29 },
				"end": { "line": 86, "column": 3 }
			},
			"1": {
				"start": { "line": 56, "column": 58 },
				"end": { "line": 86, "column": 1 }
			},
			"2": {
				"start": { "line": 68, "column": 25 },
				"end": { "line": 68, "column": 49 }
			},
			"3": {
				"start": { "line": 69, "column": 30 },
				"end": { "line": 69, "column": 48 }
			},
			"4": {
				"start": { "line": 70, "column": 33 },
				"end": { "line": 70, "column": 65 }
			},
			"5": {
				"start": { "line": 71, "column": 31 },
				"end": { "line": 71, "column": 61 }
			},
			"6": {
				"start": { "line": 72, "column": 33 },
				"end": { "line": 72, "column": 65 }
			},
			"7": {
				"start": { "line": 73, "column": 25 },
				"end": { "line": 73, "column": 49 }
			},
			"8": {
				"start": { "line": 74, "column": 25 },
				"end": { "line": 74, "column": 49 }
			},
			"9": {
				"start": { "line": 75, "column": 34 },
				"end": { "line": 75, "column": 67 }
			},
			"10": {
				"start": { "line": 76, "column": 26 },
				"end": { "line": 76, "column": 51 }
			},
			"11": {
				"start": { "line": 77, "column": 29 },
				"end": { "line": 77, "column": 57 }
			},
			"12": {
				"start": { "line": 79, "column": 2 },
				"end": { "line": 85, "column": 4 }
			}
		},
		"fnMap": {
			"0": {
				"name": "(anonymous_0)",
				"decl": {
					"start": { "line": 56, "column": 48 },
					"end": { "line": 56, "column": 49 }
				},
				"loc": {
					"start": { "line": 56, "column": 58 },
					"end": { "line": 86, "column": 1 }
				},
				"line": 56
			},
			"1": {
				"name": "(anonymous_1)",
				"decl": {
					"start": { "line": 68, "column": 15 },
					"end": { "line": 68, "column": 16 }
				},
				"loc": {
					"start": { "line": 68, "column": 25 },
					"end": { "line": 68, "column": 49 }
				},
				"line": 68
			},
			"2": {
				"name": "(anonymous_2)",
				"decl": {
					"start": { "line": 69, "column": 15 },
					"end": { "line": 69, "column": 16 }
				},
				"loc": {
					"start": { "line": 69, "column": 30 },
					"end": { "line": 69, "column": 48 }
				},
				"line": 69
			},
			"3": {
				"name": "(anonymous_3)",
				"decl": {
					"start": { "line": 70, "column": 20 },
					"end": { "line": 70, "column": 21 }
				},
				"loc": {
					"start": { "line": 70, "column": 33 },
					"end": { "line": 70, "column": 65 }
				},
				"line": 70
			},
			"4": {
				"name": "(anonymous_4)",
				"decl": {
					"start": { "line": 71, "column": 18 },
					"end": { "line": 71, "column": 19 }
				},
				"loc": {
					"start": { "line": 71, "column": 31 },
					"end": { "line": 71, "column": 61 }
				},
				"line": 71
			},
			"5": {
				"name": "(anonymous_5)",
				"decl": {
					"start": { "line": 72, "column": 20 },
					"end": { "line": 72, "column": 21 }
				},
				"loc": {
					"start": { "line": 72, "column": 33 },
					"end": { "line": 72, "column": 65 }
				},
				"line": 72
			},
			"6": {
				"name": "(anonymous_6)",
				"decl": {
					"start": { "line": 73, "column": 16 },
					"end": { "line": 73, "column": 17 }
				},
				"loc": {
					"start": { "line": 73, "column": 25 },
					"end": { "line": 73, "column": 49 }
				},
				"line": 73
			},
			"7": {
				"name": "(anonymous_7)",
				"decl": {
					"start": { "line": 74, "column": 14 },
					"end": { "line": 74, "column": 15 }
				},
				"loc": {
					"start": { "line": 74, "column": 25 },
					"end": { "line": 74, "column": 49 }
				},
				"line": 74
			},
			"8": {
				"name": "(anonymous_8)",
				"decl": {
					"start": { "line": 75, "column": 23 },
					"end": { "line": 75, "column": 24 }
				},
				"loc": {
					"start": { "line": 75, "column": 34 },
					"end": { "line": 75, "column": 67 }
				},
				"line": 75
			},
			"9": {
				"name": "(anonymous_9)",
				"decl": {
					"start": { "line": 76, "column": 18 },
					"end": { "line": 76, "column": 19 }
				},
				"loc": {
					"start": { "line": 76, "column": 26 },
					"end": { "line": 76, "column": 51 }
				},
				"line": 76
			},
			"10": {
				"name": "(anonymous_10)",
				"decl": {
					"start": { "line": 77, "column": 21 },
					"end": { "line": 77, "column": 22 }
				},
				"loc": {
					"start": { "line": 77, "column": 29 },
					"end": { "line": 77, "column": 57 }
				},
				"line": 77
			},
			"11": {
				"name": "(anonymous_11)",
				"decl": {
					"start": { "line": 78, "column": 17 },
					"end": { "line": 78, "column": 18 }
				},
				"loc": {
					"start": { "line": 79, "column": 2 },
					"end": { "line": 85, "column": 4 }
				},
				"line": 79
			}
		},
		"branchMap": {},
		"s": {
			"0": 0,
			"1": 0,
			"2": 0,
			"3": 0,
			"4": 0,
			"5": 0,
			"6": 0,
			"7": 0,
			"8": 0,
			"9": 0,
			"10": 0,
			"11": 0,
			"12": 0
		},
		"f": {
			"0": 0,
			"1": 0,
			"2": 0,
			"3": 0,
			"4": 0,
			"5": 0,
			"6": 0,
			"7": 0,
			"8": 0,
			"9": 0,
			"10": 0,
			"11": 0
		},
		"b": {}
	},
	"/Users/remy_mac/Desktop/everything/Code/KicksFolio/KicksFolio/types/Collection.ts": {
		"path": "/Users/remy_mac/Desktop/everything/Code/KicksFolio/KicksFolio/types/Collection.ts",
		"statementMap": {},
		"fnMap": {},
		"branchMap": {},
		"s": {},
		"f": {},
		"b": {}
	},
	"/Users/remy_mac/Desktop/everything/Code/KicksFolio/KicksFolio/types/Sneaker.ts": {
		"path": "/Users/remy_mac/Desktop/everything/Code/KicksFolio/KicksFolio/types/Sneaker.ts",
		"statementMap": {},
		"fnMap": {},
		"branchMap": {},
		"s": {},
		"f": {},
		"b": {}
	},
	"/Users/remy_mac/Desktop/everything/Code/KicksFolio/KicksFolio/types/User.ts": {
		"path": "/Users/remy_mac/Desktop/everything/Code/KicksFolio/KicksFolio/types/User.ts",
		"statementMap": {},
		"fnMap": {},
		"branchMap": {},
		"s": {},
		"f": {},
		"b": {}
	},
	"/Users/remy_mac/Desktop/everything/Code/KicksFolio/KicksFolio/types/auth.ts": {
		"path": "/Users/remy_mac/Desktop/everything/Code/KicksFolio/KicksFolio/types/auth.ts",
		"statementMap": {},
		"fnMap": {},
		"branchMap": {},
		"s": {},
		"f": {},
		"b": {}
	},
	"/Users/remy_mac/Desktop/everything/Code/KicksFolio/KicksFolio/validation/schemas.ts": {
		"path": "/Users/remy_mac/Desktop/everything/Code/KicksFolio/KicksFolio/validation/schemas.ts",
		"statementMap": {
			"0": {
				"start": { "line": 3, "column": 33 },
				"end": { "line": 23, "column": 3 }
			},
			"1": {
				"start": { "line": 20, "column": 19 },
				"end": { "line": 20, "column": 57 }
			},
			"2": {
				"start": { "line": 25, "column": 33 },
				"end": { "line": 53, "column": 2 }
			},
			"3": {
				"start": { "line": 43, "column": 22 },
				"end": { "line": 43, "column": 43 }
			},
			"4": {
				"start": { "line": 45, "column": 15 },
				"end": { "line": 45, "column": 26 }
			},
			"5": {
				"start": { "line": 46, "column": 3 },
				"end": { "line": 46, "column": 47 }
			},
			"6": {
				"start": { "line": 49, "column": 15 },
				"end": { "line": 49, "column": 26 }
			},
			"7": {
				"start": { "line": 50, "column": 3 },
				"end": { "line": 50, "column": 30 }
			},
			"8": {
				"start": { "line": 55, "column": 27 },
				"end": { "line": 58, "column": 2 }
			},
			"9": {
				"start": { "line": 60, "column": 29 },
				"end": { "line": 117, "column": 2 }
			},
			"10": {
				"start": { "line": 69, "column": 4 },
				"end": { "line": 71, "column": 5 }
			},
			"11": {
				"start": { "line": 70, "column": 5 },
				"end": { "line": 70, "column": 59 }
			},
			"12": {
				"start": { "line": 78, "column": 12 },
				"end": { "line": 78, "column": 70 }
			},
			"13": {
				"start": { "line": 78, "column": 49 },
				"end": { "line": 78, "column": 69 }
			},
			"14": {
				"start": { "line": 86, "column": 4 },
				"end": { "line": 86, "column": 63 }
			},
			"15": {
				"start": { "line": 86, "column": 42 },
				"end": { "line": 86, "column": 62 }
			},
			"16": {
				"start": { "line": 92, "column": 22 },
				"end": { "line": 92, "column": 43 }
			},
			"17": {
				"start": { "line": 94, "column": 15 },
				"end": { "line": 94, "column": 26 }
			},
			"18": {
				"start": { "line": 95, "column": 3 },
				"end": { "line": 95, "column": 47 }
			},
			"19": {
				"start": { "line": 98, "column": 15 },
				"end": { "line": 98, "column": 26 }
			},
			"20": {
				"start": { "line": 99, "column": 3 },
				"end": { "line": 99, "column": 30 }
			},
			"21": {
				"start": { "line": 106, "column": 4 },
				"end": { "line": 106, "column": 64 }
			},
			"22": {
				"start": { "line": 113, "column": 12 },
				"end": { "line": 113, "column": 61 }
			},
			"23": {
				"start": { "line": 119, "column": 36 },
				"end": { "line": 123, "column": 1 }
			},
			"24": {
				"start": { "line": 125, "column": 35 },
				"end": { "line": 136, "column": 1 }
			},
			"25": {
				"start": { "line": 138, "column": 33 },
				"end": { "line": 171, "column": 2 }
			},
			"26": {
				"start": { "line": 161, "column": 22 },
				"end": { "line": 161, "column": 43 }
			},
			"27": {
				"start": { "line": 163, "column": 12 },
				"end": { "line": 163, "column": 70 }
			},
			"28": {
				"start": { "line": 167, "column": 15 },
				"end": { "line": 167, "column": 26 }
			},
			"29": {
				"start": { "line": 168, "column": 3 },
				"end": { "line": 168, "column": 30 }
			},
			"30": {
				"start": { "line": 173, "column": 36 },
				"end": { "line": 175, "column": 2 }
			},
			"31": {
				"start": { "line": 177, "column": 35 },
				"end": { "line": 191, "column": 3 }
			},
			"32": {
				"start": { "line": 188, "column": 19 },
				"end": { "line": 188, "column": 57 }
			}
		},
		"fnMap": {
			"0": {
				"name": "(anonymous_0)",
				"decl": {
					"start": { "line": 20, "column": 9 },
					"end": { "line": 20, "column": 10 }
				},
				"loc": {
					"start": { "line": 20, "column": 19 },
					"end": { "line": 20, "column": 57 }
				},
				"line": 20
			},
			"1": {
				"name": "(anonymous_1)",
				"decl": {
					"start": { "line": 43, "column": 13 },
					"end": { "line": 43, "column": 14 }
				},
				"loc": {
					"start": { "line": 43, "column": 22 },
					"end": { "line": 43, "column": 43 }
				},
				"line": 43
			},
			"2": {
				"name": "(anonymous_2)",
				"decl": {
					"start": { "line": 44, "column": 10 },
					"end": { "line": 44, "column": 11 }
				},
				"loc": {
					"start": { "line": 44, "column": 19 },
					"end": { "line": 47, "column": 3 }
				},
				"line": 44
			},
			"3": {
				"name": "(anonymous_3)",
				"decl": {
					"start": { "line": 48, "column": 10 },
					"end": { "line": 48, "column": 11 }
				},
				"loc": {
					"start": { "line": 48, "column": 19 },
					"end": { "line": 51, "column": 3 }
				},
				"line": 48
			},
			"4": {
				"name": "(anonymous_4)",
				"decl": {
					"start": { "line": 68, "column": 3 },
					"end": { "line": 68, "column": 4 }
				},
				"loc": {
					"start": { "line": 69, "column": 4 },
					"end": { "line": 71, "column": 5 }
				},
				"line": 69
			},
			"5": {
				"name": "(anonymous_5)",
				"decl": {
					"start": { "line": 69, "column": 30 },
					"end": { "line": 69, "column": 31 }
				},
				"loc": {
					"start": { "line": 70, "column": 5 },
					"end": { "line": 70, "column": 59 }
				},
				"line": 70
			},
			"6": {
				"name": "(anonymous_6)",
				"decl": {
					"start": { "line": 78, "column": 3 },
					"end": { "line": 78, "column": 4 }
				},
				"loc": {
					"start": { "line": 78, "column": 12 },
					"end": { "line": 78, "column": 70 }
				},
				"line": 78
			},
			"7": {
				"name": "(anonymous_7)",
				"decl": {
					"start": { "line": 78, "column": 37 },
					"end": { "line": 78, "column": 38 }
				},
				"loc": {
					"start": { "line": 78, "column": 49 },
					"end": { "line": 78, "column": 69 }
				},
				"line": 78
			},
			"8": {
				"name": "(anonymous_8)",
				"decl": {
					"start": { "line": 85, "column": 3 },
					"end": { "line": 85, "column": 4 }
				},
				"loc": {
					"start": { "line": 86, "column": 4 },
					"end": { "line": 86, "column": 63 }
				},
				"line": 86
			},
			"9": {
				"name": "(anonymous_9)",
				"decl": {
					"start": { "line": 86, "column": 30 },
					"end": { "line": 86, "column": 31 }
				},
				"loc": {
					"start": { "line": 86, "column": 42 },
					"end": { "line": 86, "column": 62 }
				},
				"line": 86
			},
			"10": {
				"name": "(anonymous_10)",
				"decl": {
					"start": { "line": 92, "column": 13 },
					"end": { "line": 92, "column": 14 }
				},
				"loc": {
					"start": { "line": 92, "column": 22 },
					"end": { "line": 92, "column": 43 }
				},
				"line": 92
			},
			"11": {
				"name": "(anonymous_11)",
				"decl": {
					"start": { "line": 93, "column": 10 },
					"end": { "line": 93, "column": 11 }
				},
				"loc": {
					"start": { "line": 93, "column": 19 },
					"end": { "line": 96, "column": 3 }
				},
				"line": 93
			},
			"12": {
				"name": "(anonymous_12)",
				"decl": {
					"start": { "line": 97, "column": 10 },
					"end": { "line": 97, "column": 11 }
				},
				"loc": {
					"start": { "line": 97, "column": 19 },
					"end": { "line": 100, "column": 3 }
				},
				"line": 97
			},
			"13": {
				"name": "(anonymous_13)",
				"decl": {
					"start": { "line": 105, "column": 3 },
					"end": { "line": 105, "column": 4 }
				},
				"loc": {
					"start": { "line": 106, "column": 4 },
					"end": { "line": 106, "column": 64 }
				},
				"line": 106
			},
			"14": {
				"name": "(anonymous_14)",
				"decl": {
					"start": { "line": 113, "column": 3 },
					"end": { "line": 113, "column": 4 }
				},
				"loc": {
					"start": { "line": 113, "column": 12 },
					"end": { "line": 113, "column": 61 }
				},
				"line": 113
			},
			"15": {
				"name": "(anonymous_15)",
				"decl": {
					"start": { "line": 161, "column": 13 },
					"end": { "line": 161, "column": 14 }
				},
				"loc": {
					"start": { "line": 161, "column": 22 },
					"end": { "line": 161, "column": 43 }
				},
				"line": 161
			},
			"16": {
				"name": "(anonymous_16)",
				"decl": {
					"start": { "line": 163, "column": 3 },
					"end": { "line": 163, "column": 4 }
				},
				"loc": {
					"start": { "line": 163, "column": 12 },
					"end": { "line": 163, "column": 70 }
				},
				"line": 163
			},
			"17": {
				"name": "(anonymous_17)",
				"decl": {
					"start": { "line": 166, "column": 10 },
					"end": { "line": 166, "column": 11 }
				},
				"loc": {
					"start": { "line": 166, "column": 19 },
					"end": { "line": 169, "column": 3 }
				},
				"line": 166
			},
			"18": {
				"name": "(anonymous_18)",
				"decl": {
					"start": { "line": 188, "column": 9 },
					"end": { "line": 188, "column": 10 }
				},
				"loc": {
					"start": { "line": 188, "column": 19 },
					"end": { "line": 188, "column": 57 }
				},
				"line": 188
			}
		},
		"branchMap": {
			"0": {
				"loc": {
					"start": { "line": 46, "column": 10 },
					"end": { "line": 46, "column": 46 }
				},
				"type": "binary-expr",
				"locations": [
					{
						"start": { "line": 46, "column": 10 },
						"end": { "line": 46, "column": 21 }
					},
					{
						"start": { "line": 46, "column": 25 },
						"end": { "line": 46, "column": 33 }
					},
					{
						"start": { "line": 46, "column": 37 },
						"end": { "line": 46, "column": 46 }
					}
				],
				"line": 46
			},
			"1": {
				"loc": {
					"start": { "line": 95, "column": 10 },
					"end": { "line": 95, "column": 46 }
				},
				"type": "binary-expr",
				"locations": [
					{
						"start": { "line": 95, "column": 10 },
						"end": { "line": 95, "column": 21 }
					},
					{
						"start": { "line": 95, "column": 25 },
						"end": { "line": 95, "column": 33 }
					},
					{
						"start": { "line": 95, "column": 37 },
						"end": { "line": 95, "column": 46 }
					}
				],
				"line": 95
			},
			"2": {
				"loc": {
					"start": { "line": 106, "column": 4 },
					"end": { "line": 106, "column": 64 }
				},
				"type": "binary-expr",
				"locations": [
					{
						"start": { "line": 106, "column": 4 },
						"end": { "line": 106, "column": 23 }
					},
					{
						"start": { "line": 106, "column": 27 },
						"end": { "line": 106, "column": 43 }
					},
					{
						"start": { "line": 106, "column": 47 },
						"end": { "line": 106, "column": 64 }
					}
				],
				"line": 106
			},
			"3": {
				"loc": {
					"start": { "line": 113, "column": 12 },
					"end": { "line": 113, "column": 61 }
				},
				"type": "binary-expr",
				"locations": [
					{
						"start": { "line": 113, "column": 12 },
						"end": { "line": 113, "column": 16 }
					},
					{
						"start": { "line": 113, "column": 21 },
						"end": { "line": 113, "column": 40 }
					},
					{
						"start": { "line": 113, "column": 44 },
						"end": { "line": 113, "column": 60 }
					}
				],
				"line": 113
			},
			"4": {
				"loc": {
					"start": { "line": 163, "column": 12 },
					"end": { "line": 163, "column": 70 }
				},
				"type": "binary-expr",
				"locations": [
					{
						"start": { "line": 163, "column": 12 },
						"end": { "line": 163, "column": 31 }
					},
					{
						"start": { "line": 163, "column": 35 },
						"end": { "line": 163, "column": 50 }
					},
					{
						"start": { "line": 163, "column": 54 },
						"end": { "line": 163, "column": 70 }
					}
				],
				"line": 163
			}
		},
		"s": {
			"0": 1,
			"1": 0,
			"2": 1,
			"3": 0,
			"4": 0,
			"5": 0,
			"6": 0,
			"7": 0,
			"8": 1,
			"9": 1,
			"10": 0,
			"11": 0,
			"12": 0,
			"13": 0,
			"14": 0,
			"15": 0,
			"16": 0,
			"17": 0,
			"18": 0,
			"19": 0,
			"20": 0,
			"21": 0,
			"22": 0,
			"23": 1,
			"24": 1,
			"25": 1,
			"26": 0,
			"27": 0,
			"28": 0,
			"29": 0,
			"30": 1,
			"31": 1,
			"32": 0
		},
		"f": {
			"0": 0,
			"1": 0,
			"2": 0,
			"3": 0,
			"4": 0,
			"5": 0,
			"6": 0,
			"7": 0,
			"8": 0,
			"9": 0,
			"10": 0,
			"11": 0,
			"12": 0,
			"13": 0,
			"14": 0,
			"15": 0,
			"16": 0,
			"17": 0,
			"18": 0
		},
		"b": {
			"0": [0, 0, 0],
			"1": [0, 0, 0],
			"2": [0, 0, 0],
			"3": [0, 0, 0],
			"4": [0, 0, 0]
		},
		"_coverageSchema": "1a1c01bbd47fc00a2c39e90264f33305004495a9",
		"hash": "a5f49b820e56a8b3f78b34809dc54c689dd54477"
	}
}
