TN:
SF:App.tsx
FN:16,App
FNF:1
FNH:0
FNDA:0,App
DA:6,0
DA:17,0
DA:20,0
LF:3
LH:0
BRF:0
BRH:0
end_of_record
TN:
SF:commitlint.config.ts
FNF:0
FNH:0
DA:1,0
LF:1
LH:0
BRF:0
BRH:0
end_of_record
TN:
SF:metro.config.js
FNF:0
FNH:0
DA:1,0
DA:2,0
DA:3,0
DA:5,0
DA:7,0
DA:12,0
LF:6
LH:0
BRF:0
BRH:0
end_of_record
TN:
SF:nativewind-env.d.ts
FNF:0
FNH:0
LF:0
LH:0
BRF:0
BRH:0
end_of_record
TN:
SF:tailwind.config.js
FNF:0
FNH:0
DA:3,0
LF:1
LH:0
BRF:0
BRH:0
end_of_record
TN:
SF:app/_layout.tsx
FN:18,AppContent
FN:23,(anonymous_1)
FN:43,RootLayout
FNF:3
FNH:0
FNDA:0,AppContent
FNDA:0,(anonymous_1)
FNDA:0,RootLayout
DA:9,0
DA:19,0
DA:20,0
DA:21,0
DA:23,0
DA:24,0
DA:27,0
DA:28,0
DA:31,0
DA:32,0
DA:40,0
DA:44,0
LF:12
LH:0
BRDA:27,0,0,0
BRDA:27,0,1,0
BRDA:31,1,0,0
BRDA:31,1,1,0
BRF:4
BRH:0
end_of_record
TN:
SF:app/(app)/_layout.tsx
FN:6,AppLayout
FN:10,(anonymous_1)
FN:14,(anonymous_2)
FN:18,(anonymous_3)
FN:26,(anonymous_4)
FNF:5
FNH:0
FNDA:0,AppLayout
FNDA:0,(anonymous_1)
FNDA:0,(anonymous_2)
FNDA:0,(anonymous_3)
FNDA:0,(anonymous_4)
DA:7,0
DA:8,0
DA:10,0
DA:11,0
DA:14,0
DA:15,0
DA:18,0
DA:20,0
DA:26,0
DA:27,0
DA:28,0
DA:33,0
DA:34,0
DA:38,0
DA:39,0
DA:43,0
DA:44,0
DA:48,0
LF:18
LH:0
BRDA:11,0,0,0
BRDA:11,0,1,0
BRDA:11,1,0,0
BRDA:11,1,1,0
BRDA:27,2,0,0
BRDA:27,2,1,0
BRDA:27,3,0,0
BRDA:27,3,1,0
BRDA:27,3,2,0
BRDA:33,4,0,0
BRDA:33,4,1,0
BRDA:33,5,0,0
BRDA:33,5,1,0
BRDA:38,6,0,0
BRDA:38,6,1,0
BRDA:38,7,0,0
BRDA:38,7,1,0
BRDA:43,8,0,0
BRDA:43,8,1,0
BRF:19
BRH:0
end_of_record
TN:
SF:app/(app)/edit-profile.tsx
FN:3,EditProfile
FNF:1
FNH:0
FNDA:0,EditProfile
DA:4,0
LF:1
LH:0
BRF:0
BRH:0
end_of_record
TN:
SF:app/(app)/(tabs)/_layout.tsx
FN:6,TabLayout
FN:27,(anonymous_1)
FN:34,(anonymous_2)
FN:41,(anonymous_3)
FN:48,(anonymous_4)
FNF:5
FNH:0
FNDA:0,TabLayout
FNDA:0,(anonymous_1)
FNDA:0,(anonymous_2)
FNDA:0,(anonymous_3)
FNDA:0,(anonymous_4)
DA:7,0
DA:27,0
DA:34,0
DA:41,0
DA:48,0
LF:5
LH:0
BRF:0
BRH:0
end_of_record
TN:
SF:app/(app)/(tabs)/friends.tsx
FN:6,Friends
FN:14,(anonymous_1)
FNF:2
FNH:0
FNDA:0,Friends
FNDA:0,(anonymous_1)
DA:8,0
DA:15,0
LF:2
LH:0
BRF:0
BRH:0
end_of_record
TN:
SF:app/(app)/(tabs)/index.tsx
FN:12,Index
FN:18,(anonymous_1)
FN:45,(anonymous_2)
FNF:3
FNH:0
FNDA:0,Index
FNDA:0,(anonymous_1)
FNDA:0,(anonymous_2)
DA:13,0
DA:14,0
DA:15,0
DA:16,0
DA:18,0
DA:19,0
DA:20,0
DA:21,0
DA:23,0
DA:24,0
DA:29,0
DA:46,0
LF:12
LH:0
BRDA:19,0,0,0
BRDA:19,0,1,0
BRDA:19,1,0,0
BRDA:19,1,1,0
BRDA:19,1,2,0
BRDA:23,2,0,0
BRDA:23,2,1,0
BRDA:23,3,0,0
BRDA:23,3,1,0
BRDA:23,3,2,0
BRF:10
BRH:0
end_of_record
TN:
SF:app/(app)/(tabs)/user.tsx
FN:15,User
FN:22,(anonymous_1)
FN:30,(anonymous_2)
FN:33,(anonymous_3)
FN:44,(anonymous_4)
FN:49,(anonymous_5)
FN:68,(anonymous_6)
FN:89,(anonymous_7)
FN:90,(anonymous_8)
FNF:9
FNH:0
FNDA:0,User
FNDA:0,(anonymous_1)
FNDA:0,(anonymous_2)
FNDA:0,(anonymous_3)
FNDA:0,(anonymous_4)
FNDA:0,(anonymous_5)
FNDA:0,(anonymous_6)
FNDA:0,(anonymous_7)
FNDA:0,(anonymous_8)
DA:16,0
DA:17,0
DA:18,0
DA:19,0
DA:20,0
DA:22,0
DA:23,0
DA:24,0
DA:25,0
DA:27,0
DA:30,0
DA:31,0
DA:33,0
DA:34,0
DA:36,0
DA:37,0
DA:39,0
DA:40,0
DA:44,0
DA:45,0
DA:46,0
DA:49,0
DA:50,0
DA:51,0
DA:52,0
DA:55,0
DA:68,0
DA:89,0
DA:90,0
LF:29
LH:0
BRDA:24,0,0,0
BRDA:24,0,1,0
BRDA:24,1,0,0
BRDA:24,1,1,0
BRDA:31,2,0,0
BRDA:31,2,1,0
BRDA:31,3,0,0
BRDA:31,3,1,0
BRDA:36,4,0,0
BRDA:36,4,1,0
BRDA:73,5,0,0
BRDA:73,5,1,0
BRDA:73,6,0,0
BRDA:73,6,1,0
BRDA:73,6,2,0
BRDA:95,7,0,0
BRDA:95,7,1,0
BRDA:95,7,2,0
BRF:18
BRH:0
end_of_record
TN:
SF:app/(app)/(tabs)/wishlist.tsx
FN:6,Wishlist
FN:18,(anonymous_1)
FNF:2
FNH:0
FNDA:0,Wishlist
FNDA:0,(anonymous_1)
DA:7,0
DA:19,0
LF:2
LH:0
BRF:0
BRH:0
end_of_record
TN:
SF:app/(auth)/_layout.tsx
FN:4,RootLayout
FNF:1
FNH:0
FNDA:0,RootLayout
DA:5,0
LF:1
LH:0
BRF:0
BRH:0
end_of_record
TN:
SF:app/(auth)/forgot-password.tsx
FN:4,ForgotPassword
FNF:1
FNH:0
FNDA:0,ForgotPassword
DA:5,0
LF:1
LH:0
BRF:0
BRH:0
end_of_record
TN:
SF:app/(auth)/login.tsx
FN:4,Login
FNF:1
FNH:1
FNDA:2,Login
DA:5,2
LF:1
LH:1
BRF:0
BRH:0
end_of_record
TN:
SF:app/(auth)/reset-password.tsx
FN:3,ResetPassword
FNF:1
FNH:0
FNDA:0,ResetPassword
DA:4,0
LF:1
LH:0
BRF:0
BRH:0
end_of_record
TN:
SF:app/(auth)/(signup)/collection.tsx
FN:3,Collection
FNF:1
FNH:0
FNDA:0,Collection
DA:4,0
LF:1
LH:0
BRF:0
BRH:0
end_of_record
TN:
SF:app/(auth)/(signup)/sign-up-second.tsx
FN:4,SignUpSecond
FNF:1
FNH:0
FNDA:0,SignUpSecond
DA:5,0
LF:1
LH:0
BRF:0
BRH:0
end_of_record
TN:
SF:app/(auth)/(signup)/sign-up.tsx
FN:4,SignUp
FNF:1
FNH:0
FNDA:0,SignUp
DA:5,0
LF:1
LH:0
BRF:0
BRH:0
end_of_record
TN:
SF:components/modals/SneakersModal/constants.ts
FNF:0
FNH:0
DA:1,0
DA:13,0
DA:19,0
LF:3
LH:0
BRF:0
BRH:0
end_of_record
TN:
SF:components/modals/SneakersModal/index.tsx
FN:10,(anonymous_0)
FNF:1
FNH:0
FNDA:0,(anonymous_0)
DA:10,0
DA:15,0
DA:17,0
DA:19,0
LF:4
LH:0
BRDA:17,0,0,0
BRDA:17,0,1,0
BRDA:22,1,0,0
BRDA:22,1,1,0
BRDA:26,2,0,0
BRDA:26,2,1,0
BRDA:30,3,0,0
BRDA:30,3,1,0
BRDA:34,4,0,0
BRDA:34,4,1,0
BRDA:38,5,0,0
BRDA:38,5,1,0
BRDA:38,5,2,0
BRF:13
BRH:0
end_of_record
TN:
SF:components/modals/SneakersModal/types.ts
FNF:0
FNH:0
LF:0
LH:0
BRF:0
BRH:0
end_of_record
TN:
SF:components/modals/SneakersModal/hooks/useSneakerAPI.ts
FN:17,(anonymous_0)
FN:21,(anonymous_1)
FN:25,(anonymous_2)
FN:43,(anonymous_3)
FN:52,(anonymous_4)
FN:67,(anonymous_5)
FN:84,(anonymous_6)
FN:90,(anonymous_7)
FN:100,(anonymous_8)
FN:117,(anonymous_9)
FN:127,(anonymous_10)
FN:132,(anonymous_11)
FN:138,(anonymous_12)
FN:146,(anonymous_13)
FN:159,(anonymous_14)
FN:176,(anonymous_15)
FN:186,(anonymous_16)
FN:199,(anonymous_17)
FN:207,(anonymous_18)
FN:215,(anonymous_19)
FN:227,(anonymous_20)
FN:239,(anonymous_21)
FN:246,(anonymous_22)
FN:250,(anonymous_23)
FNF:24
FNH:0
FNDA:0,(anonymous_0)
FNDA:0,(anonymous_1)
FNDA:0,(anonymous_2)
FNDA:0,(anonymous_3)
FNDA:0,(anonymous_4)
FNDA:0,(anonymous_5)
FNDA:0,(anonymous_6)
FNDA:0,(anonymous_7)
FNDA:0,(anonymous_8)
FNDA:0,(anonymous_9)
FNDA:0,(anonymous_10)
FNDA:0,(anonymous_11)
FNDA:0,(anonymous_12)
FNDA:0,(anonymous_13)
FNDA:0,(anonymous_14)
FNDA:0,(anonymous_15)
FNDA:0,(anonymous_16)
FNDA:0,(anonymous_17)
FNDA:0,(anonymous_18)
FNDA:0,(anonymous_19)
FNDA:0,(anonymous_20)
FNDA:0,(anonymous_21)
FNDA:0,(anonymous_22)
FNDA:0,(anonymous_23)
DA:17,0
DA:18,0
DA:19,0
DA:21,0
DA:22,0
DA:26,0
DA:37,0
DA:39,0
DA:40,0
DA:42,0
DA:43,0
DA:44,0
DA:45,0
DA:47,0
DA:52,0
DA:53,0
DA:54,0
DA:55,0
DA:58,0
DA:59,0
DA:60,0
DA:63,0
DA:65,0
DA:68,0
DA:69,0
DA:71,0
DA:79,0
DA:80,0
DA:82,0
DA:85,0
DA:86,0
DA:90,0
DA:94,0
DA:95,0
DA:96,0
DA:99,0
DA:101,0
DA:102,0
DA:105,0
DA:108,0
DA:111,0
DA:117,0
DA:125,0
DA:128,0
DA:129,0
DA:130,0
DA:132,0
DA:133,0
DA:136,0
DA:139,0
DA:142,0
DA:146,0
DA:151,0
DA:152,0
DA:153,0
DA:158,0
DA:160,0
DA:161,0
DA:164,0
DA:167,0
DA:170,0
DA:176,0
DA:184,0
DA:187,0
DA:188,0
DA:196,0
DA:197,0
DA:199,0
DA:200,0
DA:203,0
DA:205,0
DA:208,0
DA:211,0
DA:215,0
DA:219,0
DA:221,0
DA:222,0
DA:224,0
DA:227,0
DA:231,0
DA:233,0
DA:234,0
DA:236,0
DA:239,0
DA:240,0
DA:241,0
DA:244,0
DA:247,0
DA:248,0
DA:251,0
DA:255,0
LF:91
LH:0
BRDA:33,0,0,0
BRDA:33,0,1,0
BRDA:34,1,0,0
BRDA:34,1,1,0
BRDA:39,2,0,0
BRDA:39,2,1,0
BRDA:53,3,0,0
BRDA:53,3,1,0
BRDA:58,4,0,0
BRDA:58,4,1,0
BRDA:68,5,0,0
BRDA:68,5,1,0
BRDA:72,6,0,0
BRDA:72,6,1,0
BRDA:73,7,0,0
BRDA:73,7,1,0
BRDA:74,8,0,0
BRDA:74,8,1,0
BRDA:76,9,0,0
BRDA:76,9,1,0
BRDA:94,10,0,0
BRDA:94,10,1,0
BRDA:101,11,0,0
BRDA:101,11,1,0
BRDA:106,12,0,0
BRDA:106,12,1,0
BRDA:121,13,0,0
BRDA:121,13,1,0
BRDA:128,14,0,0
BRDA:128,14,1,0
BRDA:128,15,0,0
BRDA:128,15,1,0
BRDA:151,16,0,0
BRDA:151,16,1,0
BRDA:160,17,0,0
BRDA:160,17,1,0
BRDA:165,18,0,0
BRDA:165,18,1,0
BRDA:180,19,0,0
BRDA:180,19,1,0
BRDA:187,20,0,0
BRDA:187,20,1,0
BRDA:187,21,0,0
BRDA:187,21,1,0
BRDA:191,22,0,0
BRDA:191,22,1,0
BRDA:191,22,2,0
BRDA:219,23,0,0
BRDA:219,23,1,0
BRDA:219,24,0,0
BRDA:219,24,1,0
BRDA:221,25,0,0
BRDA:221,25,1,0
BRDA:231,26,0,0
BRDA:231,26,1,0
BRDA:231,27,0,0
BRDA:231,27,1,0
BRDA:233,28,0,0
BRDA:233,28,1,0
BRDA:240,29,0,0
BRDA:240,29,1,0
BRF:61
BRH:0
end_of_record
TN:
SF:components/modals/SneakersModal/shared/FormFields.tsx
FN:25,(anonymous_0)
FN:37,(anonymous_1)
FN:53,(anonymous_2)
FN:61,(anonymous_3)
FN:79,(anonymous_4)
FN:80,(anonymous_5)
FN:91,(anonymous_6)
FN:100,(anonymous_7)
FN:115,(anonymous_8)
FN:116,(anonymous_9)
FN:129,(anonymous_10)
FN:130,(anonymous_11)
FN:145,(anonymous_12)
FN:146,(anonymous_13)
FN:158,(anonymous_14)
FN:159,(anonymous_15)
FNF:16
FNH:0
FNDA:0,(anonymous_0)
FNDA:0,(anonymous_1)
FNDA:0,(anonymous_2)
FNDA:0,(anonymous_3)
FNDA:0,(anonymous_4)
FNDA:0,(anonymous_5)
FNDA:0,(anonymous_6)
FNDA:0,(anonymous_7)
FNDA:0,(anonymous_8)
FNDA:0,(anonymous_9)
FNDA:0,(anonymous_10)
FNDA:0,(anonymous_11)
FNDA:0,(anonymous_12)
FNDA:0,(anonymous_13)
FNDA:0,(anonymous_14)
FNDA:0,(anonymous_15)
DA:25,0
DA:37,0
DA:38,0
DA:41,0
DA:43,0
DA:46,0
DA:47,0
DA:49,0
DA:54,0
DA:79,0
DA:80,0
DA:91,0
DA:100,0
DA:115,0
DA:116,0
DA:129,0
DA:130,0
DA:145,0
DA:146,0
DA:158,0
DA:159,0
LF:21
LH:0
BRDA:43,0,0,0
BRDA:43,0,1,0
BRDA:52,1,0,0
BRDA:52,1,1,0
BRDA:56,2,0,0
BRDA:56,2,1,0
BRDA:65,3,0,0
BRDA:65,3,1,0
BRDA:65,3,2,0
BRDA:67,4,0,0
BRDA:67,4,1,0
BRF:11
BRH:0
end_of_record
TN:
SF:components/modals/SneakersModal/shared/ImageUploader.tsx
FN:14,(anonymous_0)
FN:15,(anonymous_1)
FN:31,(anonymous_2)
FN:38,(anonymous_3)
FN:42,(anonymous_4)
FNF:5
FNH:0
FNDA:0,(anonymous_0)
FNDA:0,(anonymous_1)
FNDA:0,(anonymous_2)
FNDA:0,(anonymous_3)
FNDA:0,(anonymous_4)
DA:14,0
DA:15,0
DA:16,0
DA:20,0
DA:21,0
DA:22,0
DA:25,0
DA:26,0
DA:29,0
DA:32,0
DA:38,0
DA:42,0
LF:12
LH:0
BRDA:16,0,0,0
BRDA:16,0,1,0
BRDA:20,1,0,0
BRDA:20,1,1,0
BRDA:52,2,0,0
BRDA:52,2,1,0
BRDA:53,3,0,0
BRDA:53,3,1,0
BRDA:55,4,0,0
BRDA:55,4,1,0
BRF:10
BRH:0
end_of_record
TN:
SF:components/modals/SneakersModal/shared/ModalFooter.tsx
FN:12,(anonymous_0)
FN:33,(anonymous_1)
FN:35,(anonymous_2)
FN:46,(anonymous_3)
FN:52,(anonymous_4)
FN:73,(anonymous_5)
FN:97,(anonymous_6)
FN:105,(anonymous_7)
FN:129,(anonymous_8)
FN:147,(anonymous_9)
FN:172,(anonymous_10)
FN:176,(anonymous_11)
FN:186,(anonymous_12)
FN:188,(anonymous_13)
FN:194,(anonymous_14)
FNF:15
FNH:0
FNDA:0,(anonymous_0)
FNDA:0,(anonymous_1)
FNDA:0,(anonymous_2)
FNDA:0,(anonymous_3)
FNDA:0,(anonymous_4)
FNDA:0,(anonymous_5)
FNDA:0,(anonymous_6)
FNDA:0,(anonymous_7)
FNDA:0,(anonymous_8)
FNDA:0,(anonymous_9)
FNDA:0,(anonymous_10)
FNDA:0,(anonymous_11)
FNDA:0,(anonymous_12)
FNDA:0,(anonymous_13)
FNDA:0,(anonymous_14)
DA:12,0
DA:25,0
DA:27,0
DA:28,0
DA:30,0
DA:31,0
DA:33,0
DA:34,0
DA:35,0
DA:37,0
DA:38,0
DA:39,0
DA:41,0
DA:42,0
DA:46,0
DA:47,0
DA:48,0
DA:52,0
DA:53,0
DA:55,0
DA:56,0
DA:57,0
DA:59,0
DA:60,0
DA:61,0
DA:63,0
DA:64,0
DA:69,0
DA:71,0
DA:72,0
DA:74,0
DA:75,0
DA:94,0
DA:98,0
DA:101,0
DA:103,0
DA:104,0
DA:106,0
DA:107,0
DA:126,0
DA:130,0
DA:133,0
DA:134,0
DA:136,0
DA:138,0
DA:139,0
DA:141,0
DA:143,0
DA:147,0
DA:148,0
DA:150,0
DA:151,0
DA:152,0
DA:154,0
DA:155,0
DA:156,0
DA:158,0
DA:159,0
DA:160,0
DA:162,0
DA:163,0
DA:165,0
DA:166,0
DA:168,0
DA:172,0
DA:173,0
DA:176,0
DA:177,0
DA:178,0
DA:187,0
DA:189,0
DA:190,0
DA:191,0
DA:192,0
DA:195,0
DA:203,0
LF:76
LH:0
BRDA:34,0,0,0
BRDA:34,0,1,0
BRDA:34,1,0,0
BRDA:34,1,1,0
BRDA:34,1,2,0
BRDA:37,2,0,0
BRDA:37,2,1,0
BRDA:53,3,0,0
BRDA:53,3,1,0
BRDA:53,3,2,0
BRDA:53,3,3,0
BRDA:53,3,4,0
BRDA:59,4,0,0
BRDA:59,4,1,0
BRDA:71,5,0,0
BRDA:71,5,1,0
BRDA:74,6,0,0
BRDA:74,6,1,0
BRDA:74,7,0,0
BRDA:74,7,1,0
BRDA:81,8,0,0
BRDA:81,8,1,0
BRDA:81,9,0,0
BRDA:81,9,1,0
BRDA:83,10,0,0
BRDA:83,10,1,0
BRDA:86,11,0,0
BRDA:86,11,1,0
BRDA:87,12,0,0
BRDA:87,12,1,0
BRDA:103,13,0,0
BRDA:103,13,1,0
BRDA:103,14,0,0
BRDA:103,14,1,0
BRDA:106,15,0,0
BRDA:106,15,1,0
BRDA:106,16,0,0
BRDA:106,16,1,0
BRDA:113,17,0,0
BRDA:113,17,1,0
BRDA:113,18,0,0
BRDA:113,18,1,0
BRDA:115,19,0,0
BRDA:115,19,1,0
BRDA:118,20,0,0
BRDA:118,20,1,0
BRDA:119,21,0,0
BRDA:119,21,1,0
BRDA:133,22,0,0
BRDA:133,22,1,0
BRDA:134,23,0,0
BRDA:134,23,1,0
BRDA:138,24,0,0
BRDA:138,24,1,0
BRDA:148,25,0,0
BRDA:148,25,1,0
BRDA:148,25,2,0
BRDA:148,25,3,0
BRDA:162,26,0,0
BRDA:162,26,1,0
BRDA:177,27,0,0
BRDA:177,27,1,0
BRDA:205,28,0,0
BRDA:205,28,1,0
BRDA:216,29,0,0
BRDA:216,29,1,0
BRDA:227,30,0,0
BRDA:227,30,1,0
BRDA:244,31,0,0
BRDA:244,31,1,0
BRF:70
BRH:0
end_of_record
TN:
SF:components/modals/SneakersModal/steps/EditFormStep/index.tsx
FN:9,(anonymous_0)
FN:42,(anonymous_1)
FN:56,(anonymous_2)
FN:84,(anonymous_3)
FN:100,(anonymous_4)
FN:101,(anonymous_5)
FN:135,(anonymous_6)
FN:143,(anonymous_7)
FN:149,(anonymous_8)
FN:150,(anonymous_9)
FN:178,(anonymous_10)
FNF:11
FNH:0
FNDA:0,(anonymous_0)
FNDA:0,(anonymous_1)
FNDA:0,(anonymous_2)
FNDA:0,(anonymous_3)
FNDA:0,(anonymous_4)
FNDA:0,(anonymous_5)
FNDA:0,(anonymous_6)
FNDA:0,(anonymous_7)
FNDA:0,(anonymous_8)
FNDA:0,(anonymous_9)
FNDA:0,(anonymous_10)
DA:9,0
DA:10,0
DA:11,0
DA:12,0
DA:13,0
DA:14,0
DA:15,0
DA:17,0
DA:30,0
DA:43,0
DA:56,0
DA:57,0
DA:58,0
DA:69,0
DA:82,0
DA:84,0
DA:85,0
DA:87,0
DA:100,0
DA:101,0
DA:102,0
DA:103,0
DA:105,0
DA:107,0
DA:108,0
DA:119,0
DA:120,0
DA:122,0
DA:131,0
DA:135,0
DA:136,0
DA:137,0
DA:140,0
DA:141,0
DA:143,0
DA:144,0
DA:145,0
DA:149,0
DA:150,0
DA:151,0
DA:155,0
DA:163,0
DA:167,0
DA:178,0
DA:179,0
DA:182,0
LF:46
LH:0
BRDA:33,0,0,0
BRDA:33,0,1,0
BRDA:34,1,0,0
BRDA:34,1,1,0
BRDA:35,2,0,0
BRDA:35,2,1,0
BRDA:36,3,0,0
BRDA:36,3,1,0
BRDA:37,4,0,0
BRDA:37,4,1,0
BRDA:38,5,0,0
BRDA:38,5,1,0
BRDA:39,6,0,0
BRDA:39,6,1,0
BRDA:49,7,0,0
BRDA:49,7,1,0
BRDA:50,8,0,0
BRDA:50,8,1,0
BRDA:51,9,0,0
BRDA:51,9,1,0
BRDA:57,10,0,0
BRDA:57,10,1,0
BRDA:59,11,0,0
BRDA:59,11,1,0
BRDA:60,12,0,0
BRDA:60,12,1,0
BRDA:61,13,0,0
BRDA:61,13,1,0
BRDA:62,14,0,0
BRDA:62,14,1,0
BRDA:63,15,0,0
BRDA:63,15,1,0
BRDA:64,16,0,0
BRDA:64,16,1,0
BRDA:65,17,0,0
BRDA:65,17,1,0
BRDA:66,18,0,0
BRDA:66,18,1,0
BRDA:70,19,0,0
BRDA:70,19,1,0
BRDA:71,20,0,0
BRDA:71,20,1,0
BRDA:72,21,0,0
BRDA:72,21,1,0
BRDA:73,22,0,0
BRDA:73,22,1,0
BRDA:74,23,0,0
BRDA:74,23,1,0
BRDA:75,24,0,0
BRDA:75,24,1,0
BRDA:76,25,0,0
BRDA:76,25,1,0
BRDA:77,26,0,0
BRDA:77,26,1,0
BRDA:85,27,0,0
BRDA:85,27,1,0
BRDA:85,28,0,0
BRDA:85,28,1,0
BRDA:85,28,2,0
BRDA:85,28,3,0
BRDA:88,29,0,0
BRDA:88,29,1,0
BRDA:88,29,2,0
BRDA:89,30,0,0
BRDA:89,30,1,0
BRDA:89,30,2,0
BRDA:90,31,0,0
BRDA:90,31,1,0
BRDA:90,31,2,0
BRDA:91,32,0,0
BRDA:91,32,1,0
BRDA:91,32,2,0
BRDA:92,33,0,0
BRDA:92,33,1,0
BRDA:92,33,2,0
BRDA:93,34,0,0
BRDA:93,34,1,0
BRDA:93,34,2,0
BRDA:94,35,0,0
BRDA:94,35,1,0
BRDA:94,35,2,0
BRDA:105,36,0,0
BRDA:105,36,1,0
BRDA:109,37,0,0
BRDA:109,37,1,0
BRDA:110,38,0,0
BRDA:110,38,1,0
BRDA:111,39,0,0
BRDA:111,39,1,0
BRDA:112,40,0,0
BRDA:112,40,1,0
BRDA:113,41,0,0
BRDA:113,41,1,0
BRDA:114,42,0,0
BRDA:114,42,1,0
BRDA:115,43,0,0
BRDA:115,43,1,0
BRDA:116,44,0,0
BRDA:116,44,1,0
BRDA:122,45,0,0
BRDA:122,45,1,0
BRDA:122,45,2,0
BRDA:122,45,3,0
BRDA:122,45,4,0
BRDA:122,45,5,0
BRDA:122,45,6,0
BRDA:122,45,7,0
BRDA:163,46,0,0
BRDA:163,46,1,0
BRDA:167,47,0,0
BRDA:167,47,1,0
BRDA:167,47,2,0
BRDA:167,47,3,0
BRDA:167,47,4,0
BRDA:167,47,5,0
BRDA:167,47,6,0
BRDA:167,47,7,0
BRDA:167,47,8,0
BRDA:167,47,9,0
BRDA:185,48,0,0
BRDA:185,48,1,0
BRDA:186,49,0,0
BRDA:186,49,1,0
BRF:123
BRH:0
end_of_record
TN:
SF:components/modals/SneakersModal/steps/FormStep/index.tsx
FN:8,(anonymous_0)
FN:41,(anonymous_1)
FN:55,(anonymous_2)
FN:87,(anonymous_3)
FN:88,(anonymous_4)
FN:102,(anonymous_5)
FN:140,(anonymous_6)
FN:148,(anonymous_7)
FN:154,(anonymous_8)
FN:155,(anonymous_9)
FN:188,(anonymous_10)
FN:192,(anonymous_11)
FN:193,(anonymous_12)
FNF:13
FNH:0
FNDA:0,(anonymous_0)
FNDA:0,(anonymous_1)
FNDA:0,(anonymous_2)
FNDA:0,(anonymous_3)
FNDA:0,(anonymous_4)
FNDA:0,(anonymous_5)
FNDA:0,(anonymous_6)
FNDA:0,(anonymous_7)
FNDA:0,(anonymous_8)
FNDA:0,(anonymous_9)
FNDA:0,(anonymous_10)
FNDA:0,(anonymous_11)
FNDA:0,(anonymous_12)
DA:8,0
DA:9,0
DA:10,0
DA:11,0
DA:12,0
DA:13,0
DA:14,0
DA:16,0
DA:29,0
DA:42,0
DA:55,0
DA:56,0
DA:57,0
DA:59,0
DA:70,0
DA:81,0
DA:85,0
DA:87,0
DA:88,0
DA:89,0
DA:92,0
DA:93,0
DA:95,0
DA:96,0
DA:102,0
DA:104,0
DA:106,0
DA:107,0
DA:109,0
DA:110,0
DA:113,0
DA:124,0
DA:125,0
DA:127,0
DA:136,0
DA:140,0
DA:141,0
DA:142,0
DA:145,0
DA:146,0
DA:148,0
DA:149,0
DA:150,0
DA:154,0
DA:155,0
DA:156,0
DA:157,0
DA:164,0
DA:172,0
DA:176,0
DA:183,0
DA:188,0
DA:189,0
DA:192,0
DA:193,0
DA:194,0
DA:199,0
LF:57
LH:0
BRDA:50,0,0,0
BRDA:50,0,1,0
BRDA:56,1,0,0
BRDA:56,1,1,0
BRDA:57,2,0,0
BRDA:57,2,1,0
BRDA:60,3,0,0
BRDA:60,3,1,0
BRDA:61,4,0,0
BRDA:61,4,1,0
BRDA:66,5,0,0
BRDA:66,5,1,0
BRDA:71,6,0,0
BRDA:71,6,1,0
BRDA:72,7,0,0
BRDA:72,7,1,0
BRDA:78,8,0,0
BRDA:78,8,1,0
BRDA:95,9,0,0
BRDA:95,9,1,0
BRDA:95,10,0,0
BRDA:95,10,1,0
BRDA:106,11,0,0
BRDA:106,11,1,0
BRDA:109,12,0,0
BRDA:109,12,1,0
BRDA:109,13,0,0
BRDA:109,13,1,0
BRDA:114,14,0,0
BRDA:114,14,1,0
BRDA:115,15,0,0
BRDA:115,15,1,0
BRDA:116,16,0,0
BRDA:116,16,1,0
BRDA:117,17,0,0
BRDA:117,17,1,0
BRDA:118,18,0,0
BRDA:118,18,1,0
BRDA:119,19,0,0
BRDA:119,19,1,0
BRDA:120,20,0,0
BRDA:120,20,1,0
BRDA:127,21,0,0
BRDA:127,21,1,0
BRDA:127,21,2,0
BRDA:127,21,3,0
BRDA:127,21,4,0
BRDA:127,21,5,0
BRDA:127,21,6,0
BRDA:127,21,7,0
BRDA:172,22,0,0
BRDA:172,22,1,0
BRDA:176,23,0,0
BRDA:176,23,1,0
BRDA:176,23,2,0
BRDA:176,23,3,0
BRDA:176,23,4,0
BRDA:176,23,5,0
BRDA:183,24,0,0
BRDA:183,24,1,0
BRDA:183,24,2,0
BRDA:183,24,3,0
BRDA:202,25,0,0
BRDA:202,25,1,0
BRDA:203,26,0,0
BRDA:203,26,1,0
BRF:66
BRH:0
end_of_record
TN:
SF:components/modals/SneakersModal/steps/InitialStep/index.tsx
FN:8,(anonymous_0)
FN:19,(anonymous_1)
FN:31,(anonymous_2)
FNF:3
FNH:0
FNDA:0,(anonymous_0)
FNDA:0,(anonymous_1)
FNDA:0,(anonymous_2)
DA:8,0
DA:9,0
DA:10,0
DA:12,0
DA:19,0
DA:31,0
LF:6
LH:0
BRDA:8,0,0,0
BRDA:10,1,0,0
BRDA:10,1,1,0
BRF:3
BRH:0
end_of_record
TN:
SF:components/modals/SneakersModal/steps/SkuStep/SkuInput.tsx
FN:16,(anonymous_0)
FN:32,(anonymous_1)
FN:38,(anonymous_2)
FN:42,(anonymous_3)
FN:47,(anonymous_4)
FNF:5
FNH:0
FNDA:0,(anonymous_0)
FNDA:0,(anonymous_1)
FNDA:0,(anonymous_2)
FNDA:0,(anonymous_3)
FNDA:0,(anonymous_4)
DA:15,0
DA:25,0
DA:27,0
DA:33,0
DA:39,0
DA:40,0
DA:43,0
DA:44,0
DA:45,0
DA:48,0
DA:49,0
DA:72,0
LF:12
LH:0
BRDA:36,0,0,0
BRDA:36,0,1,0
BRDA:48,1,0,0
BRDA:48,1,1,0
BRDA:59,2,0,0
BRDA:59,2,1,0
BRDA:61,3,0,0
BRDA:61,3,1,0
BRF:8
BRH:0
end_of_record
TN:
SF:components/modals/SneakersModal/steps/SkuStep/index.tsx
FN:16,(anonymous_0)
FN:35,(anonymous_1)
FN:40,(anonymous_2)
FN:41,(anonymous_3)
FN:46,(anonymous_4)
FN:49,(anonymous_5)
FNF:6
FNH:0
FNDA:0,(anonymous_0)
FNDA:0,(anonymous_1)
FNDA:0,(anonymous_2)
FNDA:0,(anonymous_3)
FNDA:0,(anonymous_4)
FNDA:0,(anonymous_5)
DA:16,0
DA:17,0
DA:18,0
DA:31,0
DA:33,0
DA:35,0
DA:36,0
DA:37,0
DA:40,0
DA:41,0
DA:42,0
DA:43,0
DA:46,0
DA:49,0
DA:50,0
DA:51,0
DA:58,0
LF:17
LH:0
BRDA:42,0,0,0
BRDA:42,0,1,0
BRDA:61,1,0,0
BRDA:61,1,1,0
BRDA:62,2,0,0
BRDA:62,2,1,0
BRF:6
BRH:0
end_of_record
TN:
SF:components/modals/SneakersModal/steps/ViewStep/index.tsx
FN:8,(anonymous_0)
FNF:1
FNH:0
FNDA:0,(anonymous_0)
DA:8,0
DA:9,0
DA:10,0
DA:12,0
DA:13,0
DA:16,0
LF:6
LH:0
BRDA:12,0,0,0
BRDA:12,0,1,0
BRDA:59,1,0,0
BRDA:59,1,1,0
BRDA:75,2,0,0
BRDA:75,2,1,0
BRF:6
BRH:0
end_of_record
TN:
SF:components/screens/SplashScreen/AnimatedIcon.tsx
FN:12,(anonymous_0)
FN:17,(anonymous_1)
FN:24,(anonymous_2)
FN:25,(anonymous_3)
FNF:4
FNH:0
FNDA:0,(anonymous_0)
FNDA:0,(anonymous_1)
FNDA:0,(anonymous_2)
FNDA:0,(anonymous_3)
DA:12,0
DA:13,0
DA:14,0
DA:15,0
DA:17,0
DA:18,0
DA:19,0
DA:20,0
DA:24,0
DA:25,0
DA:26,0
DA:27,0
DA:32,0
LF:13
LH:0
BRDA:18,0,0,0
BRDA:18,0,1,0
BRDA:26,1,0,0
BRDA:26,1,1,0
BRF:4
BRH:0
end_of_record
TN:
SF:components/screens/SplashScreen/AnimatedText.tsx
FN:16,(anonymous_0)
FN:23,(anonymous_1)
FN:30,(anonymous_2)
FNF:3
FNH:0
FNDA:0,(anonymous_0)
FNDA:0,(anonymous_1)
FNDA:0,(anonymous_2)
DA:16,0
DA:17,0
DA:18,0
DA:20,0
DA:21,0
DA:23,0
DA:24,0
DA:30,0
DA:31,0
DA:35,0
DA:38,0
LF:11
LH:0
BRDA:16,0,0,0
BRF:1
BRH:0
end_of_record
TN:
SF:components/screens/SplashScreen/SplashScreen.tsx
FN:10,SplashScreen
FN:16,(anonymous_1)
FN:17,(anonymous_2)
FN:21,(anonymous_3)
FN:24,(anonymous_4)
FN:28,(anonymous_5)
FN:29,(anonymous_6)
FN:31,(anonymous_7)
FN:42,(anonymous_8)
FN:59,(anonymous_9)
FN:60,(anonymous_10)
FNF:11
FNH:0
FNDA:0,SplashScreen
FNDA:0,(anonymous_1)
FNDA:0,(anonymous_2)
FNDA:0,(anonymous_3)
FNDA:0,(anonymous_4)
FNDA:0,(anonymous_5)
FNDA:0,(anonymous_6)
FNDA:0,(anonymous_7)
FNDA:0,(anonymous_8)
FNDA:0,(anonymous_9)
FNDA:0,(anonymous_10)
DA:11,0
DA:12,0
DA:13,0
DA:14,0
DA:16,0
DA:17,0
DA:18,0
DA:21,0
DA:22,0
DA:23,0
DA:25,0
DA:27,0
DA:28,0
DA:29,0
DA:30,0
DA:32,0
DA:37,0
DA:38,0
DA:42,0
DA:43,0
DA:46,0
DA:60,0
DA:61,0
LF:23
LH:0
BRDA:22,0,0,0
BRDA:22,0,1,0
BRDA:27,1,0,0
BRDA:27,1,1,0
BRDA:37,2,0,0
BRDA:37,2,1,0
BRF:6
BRH:0
end_of_record
TN:
SF:components/screens/app/profile/DrawerMenuItem.tsx
FN:12,DrawerMenuItem
FNF:1
FNH:0
FNDA:0,DrawerMenuItem
DA:19,0
LF:1
LH:0
BRDA:16,0,0,0
BRF:1
BRH:0
end_of_record
TN:
SF:components/screens/app/profile/EditProfileForm.tsx
FN:16,EditProfileForm
FN:42,(anonymous_1)
FN:69,(anonymous_2)
FN:80,(anonymous_3)
FN:106,(anonymous_4)
FN:107,(anonymous_5)
FN:120,(anonymous_6)
FN:121,(anonymous_7)
FN:134,(anonymous_8)
FN:135,(anonymous_9)
FN:147,(anonymous_10)
FN:148,(anonymous_11)
FNF:12
FNH:0
FNDA:0,EditProfileForm
FNDA:0,(anonymous_1)
FNDA:0,(anonymous_2)
FNDA:0,(anonymous_3)
FNDA:0,(anonymous_4)
FNDA:0,(anonymous_5)
FNDA:0,(anonymous_6)
FNDA:0,(anonymous_7)
FNDA:0,(anonymous_8)
FNDA:0,(anonymous_9)
FNDA:0,(anonymous_10)
FNDA:0,(anonymous_11)
DA:17,0
DA:18,0
DA:19,0
DA:20,0
DA:21,0
DA:22,0
DA:23,0
DA:33,0
DA:43,0
DA:44,0
DA:51,0
DA:58,0
DA:62,0
DA:69,0
DA:70,0
DA:73,0
DA:80,0
DA:106,0
DA:107,0
DA:120,0
DA:121,0
DA:134,0
DA:135,0
DA:147,0
DA:148,0
LF:25
LH:0
BRDA:36,0,0,0
BRDA:36,0,1,0
BRDA:37,1,0,0
BRDA:37,1,1,0
BRDA:38,2,0,0
BRDA:38,2,1,0
BRDA:39,3,0,0
BRDA:39,3,1,0
BRDA:40,4,0,0
BRDA:40,4,1,0
BRDA:43,5,0,0
BRDA:43,5,1,0
BRDA:43,6,0,0
BRDA:43,6,1,0
BRDA:58,7,0,0
BRDA:58,7,1,0
BRDA:62,8,0,0
BRDA:62,8,1,0
BRDA:62,8,2,0
BRDA:62,8,3,0
BRDA:62,8,4,0
BRDA:62,8,5,0
BRDA:76,9,0,0
BRDA:76,9,1,0
BRF:24
BRH:0
end_of_record
TN:
SF:components/screens/app/profile/EmptySneakersState.tsx
FN:9,EmptySneakersState
FNF:1
FNH:0
FNDA:0,EmptySneakersState
DA:10,0
LF:1
LH:0
BRF:0
BRH:0
end_of_record
TN:
SF:components/screens/app/profile/ProfileAvatar.tsx
FN:6,ProfileAvatar
FNF:1
FNH:0
FNDA:0,ProfileAvatar
DA:7,0
DA:8,0
DA:25,0
LF:3
LH:0
BRDA:7,0,0,0
BRDA:7,0,1,0
BRF:2
BRH:0
end_of_record
TN:
SF:components/screens/app/profile/ProfileDrawer.tsx
FN:16,ProfileDrawer
FN:27,(anonymous_1)
FN:40,(anonymous_2)
FN:46,(anonymous_3)
FN:58,(anonymous_4)
FN:67,(anonymous_5)
FN:79,(anonymous_6)
FN:81,(anonymous_7)
FN:136,(anonymous_8)
FN:142,(anonymous_9)
FNF:10
FNH:0
FNDA:0,ProfileDrawer
FNDA:0,(anonymous_1)
FNDA:0,(anonymous_2)
FNDA:0,(anonymous_3)
FNDA:0,(anonymous_4)
FNDA:0,(anonymous_5)
FNDA:0,(anonymous_6)
FNDA:0,(anonymous_7)
FNDA:0,(anonymous_8)
FNDA:0,(anonymous_9)
DA:23,0
DA:24,0
DA:25,0
DA:27,0
DA:28,0
DA:29,0
DA:30,0
DA:36,0
DA:41,0
DA:46,0
DA:47,0
DA:59,0
DA:60,0
DA:67,0
DA:68,0
DA:80,0
DA:81,0
DA:82,0
DA:83,0
DA:84,0
DA:85,0
DA:87,0
DA:97,0
DA:99,0
DA:136,0
DA:142,0
LF:26
LH:0
BRDA:28,0,0,0
BRDA:28,0,1,0
BRDA:80,1,0,0
BRDA:80,1,1,0
BRDA:80,2,0,0
BRDA:80,2,1,0
BRDA:82,3,0,0
BRDA:82,3,1,0
BRDA:97,4,0,0
BRDA:97,4,1,0
BRF:10
BRH:0
end_of_record
TN:
SF:components/screens/app/profile/ProfileHeader.tsx
FN:9,ProfileHeader
FNF:1
FNH:0
FNDA:0,ProfileHeader
DA:10,0
LF:1
LH:0
BRF:0
BRH:0
end_of_record
TN:
SF:components/screens/app/profile/ProfileInfo.tsx
FN:13,ProfileInfo
FNF:1
FNH:0
FNDA:0,ProfileInfo
DA:14,0
DA:16,0
LF:2
LH:0
BRDA:14,0,0,0
BRDA:14,0,1,0
BRDA:26,1,0,0
BRDA:26,1,1,0
BRF:4
BRH:0
end_of_record
TN:
SF:components/screens/app/profile/ProfileStats.tsx
FN:9,ProfileStats
FNF:1
FNH:0
FNDA:0,ProfileStats
DA:10,0
LF:1
LH:0
BRF:0
BRH:0
end_of_record
TN:
SF:components/screens/app/profile/SneakersByBrand.tsx
FN:25,SneakersByBrand
FN:33,(anonymous_1)
FN:50,(anonymous_2)
FN:53,(anonymous_3)
FN:55,(anonymous_4)
FNF:5
FNH:0
FNDA:0,SneakersByBrand
FNDA:0,(anonymous_1)
FNDA:0,(anonymous_2)
FNDA:0,(anonymous_3)
FNDA:0,(anonymous_4)
DA:8,0
DA:29,0
DA:31,0
DA:34,0
DA:36,0
DA:51,0
DA:53,0
DA:55,0
LF:8
LH:0
BRDA:34,0,0,0
BRDA:34,0,1,0
BRDA:41,1,0,0
BRDA:41,1,1,0
BRF:4
BRH:0
end_of_record
TN:
SF:components/screens/app/profile/SneakersModalWrapper.tsx
FN:5,SneakersModalWrapper
FN:8,(anonymous_1)
FN:27,(anonymous_2)
FNF:3
FNH:0
FNDA:0,SneakersModalWrapper
FNDA:0,(anonymous_1)
FNDA:0,(anonymous_2)
DA:6,0
DA:8,0
DA:9,0
DA:10,0
DA:13,0
DA:28,0
LF:6
LH:0
BRF:0
BRH:0
end_of_record
TN:
SF:components/screens/auth/createCollection/CreateCollection.tsx
FN:19,CreateCollection
FN:37,(anonymous_1)
FN:55,(anonymous_2)
FN:59,(anonymous_3)
FN:87,(anonymous_4)
FN:88,(anonymous_5)
FN:98,(anonymous_6)
FNF:7
FNH:0
FNDA:0,CreateCollection
FNDA:0,(anonymous_1)
FNDA:0,(anonymous_2)
FNDA:0,(anonymous_3)
FNDA:0,(anonymous_4)
FNDA:0,(anonymous_5)
FNDA:0,(anonymous_6)
DA:13,0
DA:20,0
DA:21,0
DA:22,0
DA:32,0
DA:38,0
DA:42,0
DA:46,0
DA:50,0
DA:55,0
DA:56,0
DA:59,0
DA:60,0
DA:61,0
DA:65,0
DA:87,0
DA:88,0
DA:99,0
DA:100,0
LF:19
LH:0
BRDA:46,0,0,0
BRDA:46,0,1,0
BRDA:50,1,0,0
BRDA:50,1,1,0
BRDA:50,1,2,0
BRDA:50,1,3,0
BRDA:60,2,0,0
BRDA:60,2,1,0
BRDA:68,3,0,0
BRDA:68,3,1,0
BRDA:69,4,0,0
BRDA:69,4,1,0
BRDA:97,5,0,0
BRDA:97,5,1,0
BRDA:99,6,0,0
BRDA:99,6,1,0
BRF:16
BRH:0
end_of_record
TN:
SF:components/screens/auth/forgotPassword/ForgotPasswordForm.tsx
FN:14,ForgotPasswordForm
FN:33,(anonymous_1)
FN:38,(anonymous_2)
FN:56,(anonymous_3)
FN:87,(anonymous_4)
FN:88,(anonymous_5)
FN:98,(anonymous_6)
FNF:7
FNH:0
FNDA:0,ForgotPasswordForm
FNDA:0,(anonymous_1)
FNDA:0,(anonymous_2)
FNDA:0,(anonymous_3)
FNDA:0,(anonymous_4)
FNDA:0,(anonymous_5)
FNDA:0,(anonymous_6)
DA:15,0
DA:16,0
DA:18,0
DA:28,0
DA:34,0
DA:38,0
DA:39,0
DA:40,0
DA:43,0
DA:47,0
DA:51,0
DA:56,0
DA:57,0
DA:60,0
DA:87,0
DA:88,0
DA:99,0
DA:100,0
LF:18
LH:0
BRDA:47,0,0,0
BRDA:47,0,1,0
BRDA:51,1,0,0
BRDA:51,1,1,0
BRDA:51,1,2,0
BRDA:51,1,3,0
BRDA:63,2,0,0
BRDA:63,2,1,0
BRDA:97,3,0,0
BRDA:97,3,1,0
BRDA:99,4,0,0
BRDA:99,4,1,0
BRF:12
BRH:0
end_of_record
TN:
SF:components/screens/auth/login/LoginForm.tsx
FN:15,LoginForm
FN:39,(anonymous_1)
FN:44,(anonymous_2)
FN:64,(anonymous_3)
FN:68,(anonymous_4)
FN:74,(anonymous_5)
FN:108,(anonymous_6)
FN:109,(anonymous_7)
FN:120,(anonymous_8)
FN:121,(anonymous_9)
FN:132,(anonymous_10)
FNF:11
FNH:4
FNDA:4,LoginForm
FNDA:0,(anonymous_1)
FNDA:0,(anonymous_2)
FNDA:8,(anonymous_3)
FNDA:2,(anonymous_4)
FNDA:2,(anonymous_5)
FNDA:0,(anonymous_6)
FNDA:0,(anonymous_7)
FNDA:0,(anonymous_8)
FNDA:0,(anonymous_9)
FNDA:0,(anonymous_10)
DA:16,4
DA:17,4
DA:18,4
DA:20,4
DA:22,4
DA:23,4
DA:33,4
DA:40,0
DA:44,4
DA:45,0
DA:46,0
DA:49,4
DA:54,4
DA:58,4
DA:64,4
DA:65,8
DA:68,4
DA:69,2
DA:70,0
DA:71,0
DA:74,2
DA:75,2
DA:79,4
DA:108,0
DA:109,0
DA:120,0
DA:121,0
DA:133,0
DA:134,0
LF:29
LH:18
BRDA:54,0,0,0
BRDA:54,0,1,4
BRDA:58,1,0,4
BRDA:58,1,1,4
BRDA:58,1,2,4
BRDA:58,1,3,4
BRDA:58,1,4,4
BRDA:69,2,0,0
BRDA:69,2,1,2
BRDA:82,3,0,4
BRDA:82,3,1,0
BRDA:83,4,0,4
BRDA:83,4,1,0
BRDA:131,5,0,4
BRDA:131,5,1,0
BRDA:133,6,0,0
BRDA:133,6,1,0
BRF:17
BRH:10
end_of_record
TN:
SF:components/screens/auth/resetPassword/ResetPasswordForm.tsx
FN:12,ResetPasswordForm
FN:34,(anonymous_1)
FN:39,(anonymous_2)
FN:59,(anonymous_3)
FN:89,(anonymous_4)
FN:90,(anonymous_5)
FN:101,(anonymous_6)
FN:102,(anonymous_7)
FN:112,(anonymous_8)
FNF:9
FNH:0
FNDA:0,ResetPasswordForm
FNDA:0,(anonymous_1)
FNDA:0,(anonymous_2)
FNDA:0,(anonymous_3)
FNDA:0,(anonymous_4)
FNDA:0,(anonymous_5)
FNDA:0,(anonymous_6)
FNDA:0,(anonymous_7)
FNDA:0,(anonymous_8)
DA:13,0
DA:14,0
DA:15,0
DA:16,0
DA:18,0
DA:28,0
DA:35,0
DA:39,0
DA:40,0
DA:41,0
DA:44,0
DA:49,0
DA:53,0
DA:59,0
DA:60,0
DA:63,0
DA:89,0
DA:90,0
DA:101,0
DA:102,0
DA:113,0
DA:114,0
LF:22
LH:0
BRDA:49,0,0,0
BRDA:49,0,1,0
BRDA:53,1,0,0
BRDA:53,1,1,0
BRDA:53,1,2,0
BRDA:53,1,3,0
BRDA:53,1,4,0
BRDA:66,2,0,0
BRDA:66,2,1,0
BRDA:111,3,0,0
BRDA:111,3,1,0
BRDA:113,4,0,0
BRDA:113,4,1,0
BRF:13
BRH:0
end_of_record
TN:
SF:components/screens/auth/signup/SignUpFirstForm.tsx
FN:16,SignUpFirstForm
FN:47,(anonymous_1)
FN:84,(anonymous_2)
FN:117,(anonymous_3)
FN:118,(anonymous_4)
FN:132,(anonymous_5)
FN:133,(anonymous_6)
FN:145,(anonymous_7)
FN:146,(anonymous_8)
FN:157,(anonymous_9)
FN:158,(anonymous_10)
FN:168,(anonymous_11)
FNF:12
FNH:0
FNDA:0,SignUpFirstForm
FNDA:0,(anonymous_1)
FNDA:0,(anonymous_2)
FNDA:0,(anonymous_3)
FNDA:0,(anonymous_4)
FNDA:0,(anonymous_5)
FNDA:0,(anonymous_6)
FNDA:0,(anonymous_7)
FNDA:0,(anonymous_8)
FNDA:0,(anonymous_9)
FNDA:0,(anonymous_10)
FNDA:0,(anonymous_11)
DA:17,0
DA:18,0
DA:19,0
DA:20,0
DA:21,0
DA:23,0
DA:24,0
DA:25,0
DA:35,0
DA:48,0
DA:56,0
DA:66,0
DA:73,0
DA:77,0
DA:84,0
DA:85,0
DA:88,0
DA:117,0
DA:118,0
DA:132,0
DA:133,0
DA:145,0
DA:146,0
DA:157,0
DA:158,0
DA:169,0
DA:170,0
LF:27
LH:0
BRDA:38,0,0,0
BRDA:38,0,1,0
BRDA:39,1,0,0
BRDA:39,1,1,0
BRDA:40,2,0,0
BRDA:40,2,1,0
BRDA:41,3,0,0
BRDA:41,3,1,0
BRDA:73,4,0,0
BRDA:73,4,1,0
BRDA:77,5,0,0
BRDA:77,5,1,0
BRDA:77,5,2,0
BRDA:77,5,3,0
BRDA:77,5,4,0
BRDA:77,5,5,0
BRDA:91,6,0,0
BRDA:91,6,1,0
BRDA:92,7,0,0
BRDA:92,7,1,0
BRDA:167,8,0,0
BRDA:167,8,1,0
BRDA:169,9,0,0
BRDA:169,9,1,0
BRF:24
BRH:0
end_of_record
TN:
SF:components/screens/auth/signup/SignUpSecondForm.tsx
FN:15,SignUpSecondForm
FN:40,(anonymous_1)
FN:54,(anonymous_2)
FN:107,(anonymous_3)
FN:108,(anonymous_4)
FN:122,(anonymous_5)
FN:123,(anonymous_6)
FN:135,(anonymous_7)
FN:136,(anonymous_8)
FN:145,(anonymous_9)
FNF:10
FNH:0
FNDA:0,SignUpSecondForm
FNDA:0,(anonymous_1)
FNDA:0,(anonymous_2)
FNDA:0,(anonymous_3)
FNDA:0,(anonymous_4)
FNDA:0,(anonymous_5)
FNDA:0,(anonymous_6)
FNDA:0,(anonymous_7)
FNDA:0,(anonymous_8)
FNDA:0,(anonymous_9)
DA:16,0
DA:17,0
DA:18,0
DA:19,0
DA:20,0
DA:22,0
DA:32,0
DA:41,0
DA:49,0
DA:50,0
DA:54,0
DA:55,0
DA:58,0
DA:64,0
DA:68,0
DA:74,0
DA:107,0
DA:108,0
DA:122,0
DA:123,0
DA:135,0
DA:136,0
DA:146,0
DA:147,0
LF:24
LH:0
BRDA:35,0,0,0
BRDA:35,0,1,0
BRDA:36,1,0,0
BRDA:36,1,1,0
BRDA:37,2,0,0
BRDA:37,2,1,0
BRDA:38,3,0,0
BRDA:38,3,1,0
BRDA:45,4,0,0
BRDA:45,4,1,0
BRDA:64,5,0,0
BRDA:64,5,1,0
BRDA:68,6,0,0
BRDA:68,6,1,0
BRDA:68,6,2,0
BRDA:68,6,3,0
BRDA:68,6,4,0
BRDA:77,7,0,0
BRDA:77,7,1,0
BRDA:78,8,0,0
BRDA:78,8,1,0
BRDA:144,9,0,0
BRDA:144,9,1,0
BRDA:146,10,0,0
BRDA:146,10,1,0
BRF:25
BRH:0
end_of_record
TN:
SF:components/ui/buttons/AddButton.tsx
FN:8,AddButton
FN:19,(anonymous_1)
FN:30,(anonymous_2)
FN:35,(anonymous_3)
FN:44,(anonymous_4)
FNF:5
FNH:0
FNDA:0,AddButton
FNDA:0,(anonymous_1)
FNDA:0,(anonymous_2)
FNDA:0,(anonymous_3)
FNDA:0,(anonymous_4)
DA:6,0
DA:9,0
DA:10,0
DA:11,0
DA:12,0
DA:13,0
DA:15,0
DA:16,0
DA:17,0
DA:19,0
DA:29,0
DA:31,0
DA:32,0
DA:33,0
DA:36,0
DA:37,0
DA:38,0
DA:40,0
DA:41,0
DA:45,0
DA:46,0
DA:48,0
DA:51,0
LF:23
LH:0
BRDA:36,0,0,0
BRDA:36,0,1,0
BRDA:45,1,0,0
BRDA:45,1,1,0
BRDA:45,2,0,0
BRDA:45,2,1,0
BRDA:45,2,2,0
BRF:7
BRH:0
end_of_record
TN:
SF:components/ui/buttons/BackButton.tsx
FN:5,BackButton
FN:9,(anonymous_1)
FNF:2
FNH:0
FNDA:0,BackButton
FNDA:0,(anonymous_1)
DA:6,0
DA:10,0
LF:2
LH:0
BRF:0
BRH:0
end_of_record
TN:
SF:components/ui/buttons/DeleteButton.tsx
FN:4,DeleteButton
FNF:1
FNH:0
FNDA:0,DeleteButton
DA:5,0
LF:1
LH:0
BRF:0
BRH:0
end_of_record
TN:
SF:components/ui/buttons/EditButton.tsx
FN:4,EditButton
FNF:1
FNH:0
FNDA:0,EditButton
DA:5,0
LF:1
LH:0
BRF:0
BRH:0
end_of_record
TN:
SF:components/ui/buttons/LoveButton.tsx
FN:5,LoveButton
FN:9,(anonymous_1)
FNF:2
FNH:0
FNDA:0,LoveButton
FNDA:0,(anonymous_1)
DA:6,0
DA:7,0
DA:9,0
DA:10,0
DA:13,0
LF:5
LH:0
BRDA:10,0,0,0
BRDA:10,0,1,0
BRDA:18,1,0,0
BRDA:18,1,1,0
BRF:4
BRH:0
end_of_record
TN:
SF:components/ui/buttons/MainButton.tsx
FN:18,MainButton
FN:21,(anonymous_1)
FN:25,(anonymous_2)
FN:32,(anonymous_3)
FNF:4
FNH:2
FNDA:4,MainButton
FNDA:6,(anonymous_1)
FNDA:0,(anonymous_2)
FNDA:0,(anonymous_3)
DA:16,1
DA:19,4
DA:21,6
DA:25,4
DA:26,0
DA:32,4
DA:33,0
DA:39,4
LF:8
LH:6
BRDA:18,0,0,4
BRF:1
BRH:1
end_of_record
TN:
SF:components/ui/buttons/NextButton.tsx
FN:3,NextButton
FNF:1
FNH:0
FNDA:0,NextButton
DA:4,0
LF:1
LH:0
BRDA:3,0,0,0
BRDA:6,1,0,0
BRDA:6,1,1,0
BRF:3
BRH:0
end_of_record
TN:
SF:components/ui/buttons/ShareButton.tsx
FN:4,ShareButton
FNF:1
FNH:0
FNDA:0,ShareButton
DA:5,0
LF:1
LH:0
BRF:0
BRH:0
end_of_record
TN:
SF:components/ui/cards/CollectionCard.tsx
FN:8,CollectionCard
FN:12,(anonymous_1)
FN:17,(anonymous_2)
FN:35,(anonymous_3)
FN:43,(anonymous_4)
FN:62,(anonymous_5)
FNF:6
FNH:0
FNDA:0,CollectionCard
FNDA:0,(anonymous_1)
FNDA:0,(anonymous_2)
FNDA:0,(anonymous_3)
FNDA:0,(anonymous_4)
FNDA:0,(anonymous_5)
DA:10,0
DA:13,0
DA:18,0
DA:36,0
DA:44,0
DA:63,0
LF:6
LH:0
BRDA:18,0,0,0
BRDA:18,0,1,0
BRDA:35,1,0,0
BRDA:35,1,1,0
BRDA:44,2,0,0
BRDA:44,2,1,0
BRDA:62,3,0,0
BRDA:62,3,1,0
BRDA:71,4,0,0
BRDA:71,4,1,0
BRF:10
BRH:0
end_of_record
TN:
SF:components/ui/cards/SneakerCard.tsx
FN:6,SneakerCard
FN:15,(anonymous_1)
FNF:2
FNH:0
FNDA:0,SneakerCard
FNDA:0,(anonymous_1)
DA:13,0
DA:16,0
DA:17,0
DA:18,0
LF:4
LH:0
BRF:0
BRH:0
end_of_record
TN:
SF:components/ui/indicators/ConditionBar.tsx
FN:3,(anonymous_0)
FN:4,(anonymous_1)
FN:15,(anonymous_2)
FNF:3
FNH:0
FNDA:0,(anonymous_0)
FNDA:0,(anonymous_1)
FNDA:0,(anonymous_2)
DA:3,0
DA:4,0
DA:6,0
DA:16,0
LF:4
LH:0
BRDA:11,0,0,0
BRDA:11,0,1,0
BRDA:15,1,0,0
BRDA:15,1,1,0
BRDA:19,2,0,0
BRDA:19,2,1,0
BRDA:19,3,0,0
BRDA:19,3,1,0
BRDA:23,4,0,0
BRDA:23,4,1,0
BRDA:28,5,0,0
BRDA:28,5,1,0
BRF:12
BRH:0
end_of_record
TN:
SF:components/ui/indicators/Loader.tsx
FN:3,(anonymous_0)
FNF:1
FNH:0
FNDA:0,(anonymous_0)
DA:3,0
DA:4,0
LF:2
LH:0
BRF:0
BRH:0
end_of_record
TN:
SF:components/ui/inputs/FormImageInput.tsx
FN:14,(anonymous_0)
FN:22,(anonymous_1)
FN:29,(anonymous_2)
FN:29,(anonymous_3)
FN:39,(anonymous_4)
FN:39,(anonymous_5)
FN:59,(anonymous_6)
FN:62,(anonymous_7)
FNF:8
FNH:0
FNDA:0,(anonymous_0)
FNDA:0,(anonymous_1)
FNDA:0,(anonymous_2)
FNDA:0,(anonymous_3)
FNDA:0,(anonymous_4)
FNDA:0,(anonymous_5)
FNDA:0,(anonymous_6)
FNDA:0,(anonymous_7)
DA:14,0
DA:20,0
DA:22,0
DA:23,0
DA:29,0
DA:30,0
DA:31,0
DA:32,0
DA:34,0
DA:39,0
DA:40,0
DA:41,0
DA:42,0
DA:44,0
DA:55,0
DA:60,0
DA:62,0
LF:17
LH:0
BRDA:17,0,0,0
BRDA:18,1,0,0
BRDA:30,2,0,0
BRDA:30,2,1,0
BRDA:40,3,0,0
BRDA:40,3,1,0
BRDA:66,4,0,0
BRDA:66,4,1,0
BRDA:70,5,0,0
BRDA:70,5,1,0
BRDA:76,6,0,0
BRDA:76,6,1,0
BRF:12
BRH:0
end_of_record
TN:
SF:components/ui/inputs/FormPasswordInput.tsx
FN:21,(anonymous_0)
FN:42,(anonymous_1)
FN:46,(anonymous_2)
FN:60,(anonymous_3)
FN:64,(anonymous_4)
FN:87,(anonymous_5)
FNF:6
FNH:2
FNDA:4,(anonymous_0)
FNDA:4,(anonymous_1)
FNDA:0,(anonymous_2)
FNDA:0,(anonymous_3)
FNDA:0,(anonymous_4)
FNDA:0,(anonymous_5)
DA:20,1
DA:33,4
DA:34,4
DA:36,4
DA:43,4
DA:46,0
DA:54,4
DA:61,0
DA:62,0
DA:65,0
DA:67,0
DA:68,0
DA:87,0
DA:104,1
LF:14
LH:7
BRDA:46,0,0,4
BRDA:46,0,1,0
BRDA:58,1,0,4
BRDA:58,1,1,4
BRDA:67,2,0,0
BRDA:67,2,1,0
BRDA:67,3,0,0
BRDA:67,3,1,0
BRDA:72,4,0,4
BRDA:72,4,1,0
BRDA:77,5,0,4
BRDA:77,5,1,0
BRDA:79,6,0,0
BRDA:79,6,1,4
BRDA:81,7,0,0
BRDA:81,7,1,4
BRDA:91,8,0,0
BRDA:91,8,1,4
BRF:18
BRH:8
end_of_record
TN:
SF:components/ui/inputs/FormSelectInput.tsx
FN:27,FormSelectInput
FN:40,(anonymous_1)
FN:47,(anonymous_2)
FN:63,(anonymous_3)
FN:77,(anonymous_4)
FN:78,(anonymous_5)
FN:107,(anonymous_6)
FN:111,(anonymous_7)
FNF:8
FNH:0
FNDA:0,FormSelectInput
FNDA:0,(anonymous_1)
FNDA:0,(anonymous_2)
FNDA:0,(anonymous_3)
FNDA:0,(anonymous_4)
FNDA:0,(anonymous_5)
FNDA:0,(anonymous_6)
FNDA:0,(anonymous_7)
DA:36,0
DA:37,0
DA:38,0
DA:40,0
DA:41,0
DA:42,0
DA:43,0
DA:44,0
DA:47,0
DA:48,0
DA:49,0
DA:50,0
DA:51,0
DA:52,0
DA:57,0
DA:58,0
DA:59,0
DA:63,0
DA:64,0
DA:71,0
DA:78,0
DA:80,0
DA:108,0
DA:111,0
LF:24
LH:0
BRDA:48,0,0,0
BRDA:48,0,1,0
BRDA:66,1,0,0
BRDA:66,1,1,0
BRDA:73,2,0,0
BRDA:73,2,1,0
BRDA:85,3,0,0
BRDA:85,3,1,0
BRDA:86,4,0,0
BRDA:86,4,1,0
BRDA:87,5,0,0
BRDA:87,5,1,0
BRDA:87,6,0,0
BRDA:87,6,1,0
BRDA:89,7,0,0
BRDA:89,7,1,0
BRDA:90,8,0,0
BRDA:90,8,1,0
BRDA:90,9,0,0
BRDA:90,9,1,0
BRDA:93,10,0,0
BRDA:93,10,1,0
BRDA:100,11,0,0
BRDA:100,11,1,0
BRF:24
BRH:0
end_of_record
TN:
SF:components/ui/inputs/FormTextInput.tsx
FN:28,(anonymous_0)
FN:59,(anonymous_1)
FN:63,(anonymous_2)
FN:77,(anonymous_3)
FN:81,(anonymous_4)
FNF:5
FNH:2
FNDA:4,(anonymous_0)
FNDA:4,(anonymous_1)
FNDA:0,(anonymous_2)
FNDA:0,(anonymous_3)
FNDA:0,(anonymous_4)
DA:27,1
DA:49,4
DA:51,4
DA:53,4
DA:60,4
DA:63,0
DA:71,4
DA:78,0
DA:79,0
DA:82,0
DA:84,0
DA:85,0
DA:88,0
DA:89,0
DA:119,1
LF:15
LH:7
BRDA:40,0,0,0
BRDA:41,1,0,4
BRDA:42,2,0,0
BRDA:44,3,0,4
BRDA:45,4,0,4
BRDA:46,5,0,4
BRDA:51,6,0,0
BRDA:51,6,1,4
BRDA:55,7,0,4
BRDA:55,7,1,4
BRDA:63,8,0,4
BRDA:63,8,1,0
BRDA:75,9,0,4
BRDA:75,9,1,4
BRDA:84,10,0,0
BRDA:84,10,1,0
BRDA:84,11,0,0
BRDA:84,11,1,0
BRDA:84,11,2,0
BRDA:88,12,0,0
BRDA:88,12,1,0
BRDA:88,13,0,0
BRDA:88,13,1,0
BRDA:88,13,2,0
BRDA:93,14,0,4
BRDA:93,14,1,0
BRDA:99,15,0,0
BRDA:99,15,1,4
BRDA:105,16,0,0
BRDA:105,16,1,4
BRDA:107,17,0,0
BRDA:107,17,1,4
BRF:32
BRH:14
end_of_record
TN:
SF:components/ui/links/LoginPageLink.tsx
FN:10,PageLink
FNF:1
FNH:1
FNDA:8,PageLink
DA:11,8
LF:1
LH:1
BRDA:13,0,0,8
BRDA:13,0,1,4
BRF:2
BRH:2
end_of_record
TN:
SF:components/ui/links/PrivacyPolicy.tsx
FN:4,PrivacyPolicy
FNF:1
FNH:1
FNDA:2,PrivacyPolicy
DA:5,2
LF:1
LH:1
BRF:0
BRH:0
end_of_record
TN:
SF:components/ui/text/BrandTitle.tsx
FN:4,BrandTitle
FNF:1
FNH:0
FNDA:0,BrandTitle
DA:5,0
LF:1
LH:0
BRF:0
BRH:0
end_of_record
TN:
SF:components/ui/text/ErrorMsg.tsx
FN:3,ErrorMsg
FNF:1
FNH:1
FNDA:4,ErrorMsg
DA:4,4
LF:1
LH:1
BRDA:5,0,0,0
BRDA:5,0,1,4
BRF:2
BRH:1
end_of_record
TN:
SF:components/ui/text/FriendTitle.tsx
FN:4,FriendTitle
FNF:1
FNH:0
FNDA:0,FriendTitle
DA:5,0
LF:1
LH:0
BRF:0
BRH:0
end_of_record
TN:
SF:components/ui/text/PageTitle.tsx
FN:3,PageTitle
FNF:1
FNH:1
FNDA:4,PageTitle
DA:4,4
LF:1
LH:1
BRF:0
BRH:0
end_of_record
TN:
SF:components/ui/text/PrivacyPolicy.tsx
FN:4,PrivacyPolicy
FNF:1
FNH:0
FNDA:0,PrivacyPolicy
DA:5,0
LF:1
LH:0
BRF:0
BRH:0
end_of_record
TN:
SF:components/ui/text/SneakerTitle.tsx
FN:3,SneakerTitle
FNF:1
FNH:0
FNDA:0,SneakerTitle
DA:4,0
LF:1
LH:0
BRF:0
BRH:0
end_of_record
TN:
SF:components/ui/text/Title.tsx
FN:3,Title
FNF:1
FNH:0
FNDA:0,Title
DA:4,0
LF:1
LH:0
BRDA:3,0,0,0
BRDA:9,1,0,0
BRDA:9,1,1,0
BRF:3
BRH:0
end_of_record
TN:
SF:context/authContext.tsx
FN:15,useSession
FN:25,SessionProvider
FN:32,(anonymous_2)
FN:36,(anonymous_3)
FN:40,(anonymous_4)
FN:43,(anonymous_5)
FN:48,(anonymous_6)
FN:57,(anonymous_7)
FN:64,(anonymous_8)
FN:73,(anonymous_9)
FN:78,(anonymous_10)
FN:88,(anonymous_11)
FN:99,(anonymous_12)
FN:111,(anonymous_13)
FN:115,(anonymous_14)
FN:122,(anonymous_15)
FN:132,(anonymous_16)
FN:155,(anonymous_17)
FNF:18
FNH:1
FNDA:8,useSession
FNDA:0,SessionProvider
FNDA:0,(anonymous_2)
FNDA:0,(anonymous_3)
FNDA:0,(anonymous_4)
FNDA:0,(anonymous_5)
FNDA:0,(anonymous_6)
FNDA:0,(anonymous_7)
FNDA:0,(anonymous_8)
FNDA:0,(anonymous_9)
FNDA:0,(anonymous_10)
FNDA:0,(anonymous_11)
FNDA:0,(anonymous_12)
FNDA:0,(anonymous_13)
FNDA:0,(anonymous_14)
FNDA:0,(anonymous_15)
FNDA:0,(anonymous_16)
FNDA:0,(anonymous_17)
DA:13,1
DA:16,8
DA:17,8
DA:18,8
DA:19,0
DA:22,8
DA:26,0
DA:27,0
DA:28,0
DA:29,0
DA:30,0
DA:32,0
DA:33,0
DA:36,0
DA:37,0
DA:40,0
DA:41,0
DA:42,0
DA:44,0
DA:45,0
DA:46,0
DA:49,0
DA:50,0
DA:53,0
DA:57,0
DA:58,0
DA:59,0
DA:61,0
DA:63,0
DA:65,0
DA:67,0
DA:68,0
DA:70,0
DA:71,0
DA:74,0
DA:75,0
DA:76,0
DA:79,0
DA:80,0
DA:81,0
DA:84,0
DA:85,0
DA:89,0
DA:90,0
DA:91,0
DA:92,0
DA:93,0
DA:94,0
DA:99,0
DA:100,0
DA:102,0
DA:103,0
DA:104,0
DA:105,0
DA:106,0
DA:109,0
DA:110,0
DA:112,0
DA:113,0
DA:116,0
DA:117,0
DA:118,0
DA:122,0
DA:123,0
DA:124,0
DA:125,0
DA:127,0
DA:128,0
DA:129,0
DA:132,0
DA:133,0
DA:134,0
DA:142,0
DA:156,0
DA:157,0
DA:159,0
LF:76
LH:5
BRDA:17,0,0,8
BRDA:17,0,1,0
BRDA:18,1,0,0
BRDA:18,1,1,8
BRDA:41,2,0,0
BRDA:41,2,1,0
BRDA:58,3,0,0
BRDA:58,3,1,0
BRDA:59,4,0,0
BRDA:59,4,1,0
BRDA:61,5,0,0
BRDA:61,5,1,0
BRDA:61,6,0,0
BRDA:61,6,1,0
BRDA:70,7,0,0
BRDA:70,7,1,0
BRDA:70,8,0,0
BRDA:70,8,1,0
BRDA:74,9,0,0
BRDA:74,9,1,0
BRDA:90,10,0,0
BRDA:90,10,1,0
BRDA:90,11,0,0
BRDA:90,11,1,0
BRDA:100,12,0,0
BRDA:100,12,1,0
BRDA:100,13,0,0
BRDA:100,13,1,0
BRDA:102,14,0,0
BRDA:102,14,1,0
BRDA:102,15,0,0
BRDA:102,15,1,0
BRDA:112,16,0,0
BRDA:112,16,1,0
BRDA:113,17,0,0
BRDA:113,17,1,0
BRDA:133,18,0,0
BRDA:133,18,1,0
BRDA:156,19,0,0
BRDA:156,19,1,0
BRF:40
BRH:2
end_of_record
TN:
SF:context/signUpPropsContext.tsx
FN:18,(anonymous_0)
FN:21,useSignUpProps
FN:31,SignUpPropsProvider
FNF:3
FNH:0
FNDA:0,(anonymous_0)
FNDA:0,useSignUpProps
FNDA:0,SignUpPropsProvider
DA:4,0
DA:22,0
DA:23,0
DA:24,0
DA:25,0
DA:28,0
DA:32,0
DA:43,0
LF:8
LH:0
BRDA:23,0,0,0
BRDA:23,0,1,0
BRDA:24,1,0,0
BRDA:24,1,1,0
BRF:4
BRH:0
end_of_record
TN:
SF:hooks/index.ts
FNF:0
FNH:0
LF:0
LH:0
BRF:0
BRH:0
end_of_record
TN:
SF:hooks/useAsyncValidation.ts
FN:4,useAsyncValidation
FN:8,(anonymous_1)
FN:15,(anonymous_2)
FN:18,(anonymous_3)
FN:24,(anonymous_4)
FN:30,(anonymous_5)
FN:35,(anonymous_6)
FNF:7
FNH:1
FNDA:4,useAsyncValidation
FNDA:0,(anonymous_1)
FNDA:0,(anonymous_2)
FNDA:0,(anonymous_3)
FNDA:0,(anonymous_4)
FNDA:0,(anonymous_5)
FNDA:0,(anonymous_6)
DA:5,4
DA:6,4
DA:8,4
DA:11,0
DA:13,0
DA:16,0
DA:19,0
DA:20,0
DA:24,4
DA:25,0
DA:26,0
DA:28,0
DA:31,0
DA:36,0
DA:37,0
DA:41,4
LF:16
LH:5
BRDA:11,0,0,0
BRDA:11,0,1,0
BRDA:11,1,0,0
BRDA:11,1,1,0
BRDA:16,2,0,0
BRDA:16,2,1,0
BRDA:26,3,0,0
BRDA:26,3,1,0
BRDA:26,4,0,0
BRDA:26,4,1,0
BRDA:31,5,0,0
BRDA:31,5,1,0
BRF:12
BRH:0
end_of_record
TN:
SF:hooks/useAuth.ts
FN:9,(anonymous_0)
FN:16,(anonymous_1)
FN:19,(anonymous_2)
FN:22,(anonymous_3)
FN:27,(anonymous_4)
FN:36,(anonymous_5)
FN:39,(anonymous_6)
FN:43,(anonymous_7)
FN:47,(anonymous_8)
FN:57,(anonymous_9)
FN:67,(anonymous_10)
FN:70,(anonymous_11)
FN:81,(anonymous_12)
FN:90,(anonymous_13)
FN:97,(anonymous_14)
FN:107,(anonymous_15)
FN:116,(anonymous_16)
FN:119,(anonymous_17)
FN:126,(anonymous_18)
FN:132,(anonymous_19)
FN:136,(anonymous_20)
FN:139,(anonymous_21)
FN:142,(anonymous_22)
FN:148,(anonymous_23)
FN:155,(anonymous_24)
FN:160,(anonymous_25)
FN:166,(anonymous_26)
FN:169,(anonymous_27)
FN:174,(anonymous_28)
FN:180,(anonymous_29)
FN:183,(anonymous_30)
FN:186,(anonymous_31)
FN:192,(anonymous_32)
FN:196,(anonymous_33)
FN:200,(anonymous_34)
FN:208,(anonymous_35)
FNF:36
FNH:1
FNDA:4,(anonymous_0)
FNDA:0,(anonymous_1)
FNDA:0,(anonymous_2)
FNDA:0,(anonymous_3)
FNDA:0,(anonymous_4)
FNDA:0,(anonymous_5)
FNDA:0,(anonymous_6)
FNDA:0,(anonymous_7)
FNDA:0,(anonymous_8)
FNDA:0,(anonymous_9)
FNDA:0,(anonymous_10)
FNDA:0,(anonymous_11)
FNDA:0,(anonymous_12)
FNDA:0,(anonymous_13)
FNDA:0,(anonymous_14)
FNDA:0,(anonymous_15)
FNDA:0,(anonymous_16)
FNDA:0,(anonymous_17)
FNDA:0,(anonymous_18)
FNDA:0,(anonymous_19)
FNDA:0,(anonymous_20)
FNDA:0,(anonymous_21)
FNDA:0,(anonymous_22)
FNDA:0,(anonymous_23)
FNDA:0,(anonymous_24)
FNDA:0,(anonymous_25)
FNDA:0,(anonymous_26)
FNDA:0,(anonymous_27)
FNDA:0,(anonymous_28)
FNDA:0,(anonymous_29)
FNDA:0,(anonymous_30)
FNDA:0,(anonymous_31)
FNDA:0,(anonymous_32)
FNDA:0,(anonymous_33)
FNDA:0,(anonymous_34)
FNDA:0,(anonymous_35)
DA:9,1
DA:10,4
DA:11,4
DA:13,4
DA:14,4
DA:16,4
DA:17,0
DA:20,0
DA:21,0
DA:22,0
DA:23,0
DA:28,0
DA:36,4
DA:37,0
DA:40,0
DA:41,0
DA:44,0
DA:45,0
DA:46,0
DA:47,0
DA:48,0
DA:50,0
DA:52,0
DA:55,0
DA:58,0
DA:63,0
DA:67,4
DA:68,0
DA:71,0
DA:72,0
DA:82,0
DA:90,4
DA:95,0
DA:98,0
DA:99,0
DA:108,0
DA:116,4
DA:117,0
DA:120,0
DA:121,0
DA:122,0
DA:124,0
DA:127,0
DA:128,0
DA:132,4
DA:133,0
DA:136,4
DA:137,0
DA:140,0
DA:143,0
DA:144,0
DA:148,4
DA:153,0
DA:156,0
DA:157,0
DA:158,0
DA:161,0
DA:162,0
DA:166,4
DA:167,0
DA:170,0
DA:171,0
DA:172,0
DA:175,0
DA:176,0
DA:180,4
DA:181,0
DA:184,0
DA:187,0
DA:188,0
DA:192,4
DA:193,0
DA:196,4
DA:197,0
DA:200,4
DA:203,0
DA:205,0
DA:206,0
DA:208,0
DA:209,0
DA:211,0
DA:215,4
LF:82
LH:19
BRDA:20,0,0,0
BRDA:20,0,1,0
BRDA:29,1,0,0
BRDA:29,1,1,0
BRDA:40,2,0,0
BRDA:40,2,1,0
BRDA:44,3,0,0
BRDA:44,3,1,0
BRDA:59,4,0,0
BRDA:59,4,1,0
BRDA:71,5,0,0
BRDA:71,5,1,0
BRDA:83,6,0,0
BRDA:83,6,1,0
BRDA:98,7,0,0
BRDA:98,7,1,0
BRDA:109,8,0,0
BRDA:109,8,1,0
BRDA:120,9,0,0
BRDA:120,9,1,0
BRDA:205,10,0,0
BRDA:205,10,1,0
BRF:22
BRH:0
end_of_record
TN:
SF:hooks/useCreateCollection.ts
FN:5,useCreateCollection
FN:10,(anonymous_1)
FN:20,(anonymous_2)
FN:23,(anonymous_3)
FN:26,(anonymous_4)
FNF:5
FNH:0
FNDA:0,useCreateCollection
FNDA:0,(anonymous_1)
FNDA:0,(anonymous_2)
FNDA:0,(anonymous_3)
FNDA:0,(anonymous_4)
DA:6,0
DA:7,0
DA:8,0
DA:10,0
DA:11,0
DA:13,0
DA:14,0
DA:15,0
DA:18,0
DA:21,0
DA:24,0
DA:27,0
DA:28,0
DA:33,0
DA:37,0
LF:15
LH:0
BRDA:13,0,0,0
BRDA:13,0,1,0
BRDA:13,1,0,0
BRDA:13,1,1,0
BRDA:29,2,0,0
BRDA:29,2,1,0
BRF:6
BRH:0
end_of_record
TN:
SF:hooks/useFormController.ts
FN:13,useFormController
FN:39,(anonymous_1)
FN:43,(anonymous_2)
FN:50,(anonymous_3)
FN:57,(anonymous_4)
FN:72,(anonymous_5)
FN:74,(anonymous_6)
FN:77,(anonymous_7)
FN:80,(anonymous_8)
FN:89,(anonymous_9)
FN:91,(anonymous_10)
FN:104,(anonymous_11)
FN:110,(anonymous_12)
FN:113,(anonymous_13)
FN:116,(anonymous_14)
FN:122,(anonymous_15)
FN:129,(anonymous_16)
FN:142,(anonymous_17)
FNF:18
FNH:3
FNDA:4,useFormController
FNDA:0,(anonymous_1)
FNDA:0,(anonymous_2)
FNDA:0,(anonymous_3)
FNDA:0,(anonymous_4)
FNDA:0,(anonymous_5)
FNDA:0,(anonymous_6)
FNDA:0,(anonymous_7)
FNDA:0,(anonymous_8)
FNDA:0,(anonymous_9)
FNDA:0,(anonymous_10)
FNDA:0,(anonymous_11)
FNDA:0,(anonymous_12)
FNDA:0,(anonymous_13)
FNDA:0,(anonymous_14)
FNDA:16,(anonymous_15)
FNDA:8,(anonymous_16)
FNDA:0,(anonymous_17)
DA:19,4
DA:20,4
DA:24,4
DA:37,4
DA:39,4
DA:40,0
DA:41,0
DA:42,0
DA:43,0
DA:44,0
DA:48,0
DA:50,0
DA:51,0
DA:54,0
DA:57,4
DA:61,0
DA:63,0
DA:68,0
DA:72,4
DA:73,0
DA:74,0
DA:77,4
DA:78,0
DA:79,0
DA:81,0
DA:85,0
DA:89,0
DA:90,0
DA:91,0
DA:94,0
DA:95,0
DA:96,0
DA:98,0
DA:101,0
DA:104,4
DA:105,0
DA:107,0
DA:109,0
DA:111,0
DA:114,0
DA:117,0
DA:118,0
DA:122,4
DA:123,16
DA:129,4
DA:130,8
DA:131,0
DA:133,8
DA:134,0
DA:136,8
DA:140,4
DA:142,0
DA:144,4
LF:53
LH:17
BRDA:40,0,0,0
BRDA:40,0,1,0
BRDA:42,1,0,0
BRDA:42,1,1,0
BRDA:63,2,0,0
BRDA:63,2,1,0
BRDA:64,3,0,0
BRDA:64,3,1,0
BRDA:64,3,2,0
BRDA:78,4,0,0
BRDA:78,4,1,0
BRDA:94,5,0,0
BRDA:94,5,1,0
BRDA:105,6,0,0
BRDA:105,6,1,0
BRDA:124,7,0,16
BRDA:124,7,1,16
BRDA:130,8,0,0
BRDA:130,8,1,8
BRDA:133,9,0,0
BRDA:133,9,1,8
BRDA:140,10,0,4
BRDA:140,10,1,0
BRDA:140,10,2,0
BRF:24
BRH:5
end_of_record
TN:
SF:hooks/useImagePicker.ts
FN:3,useImagePicker
FN:4,(anonymous_1)
FNF:2
FNH:0
FNDA:0,useImagePicker
FNDA:0,(anonymous_1)
DA:4,0
DA:6,0
DA:7,0
DA:8,0
DA:9,0
DA:11,0
DA:16,0
DA:17,0
DA:20,0
DA:21,0
DA:22,0
DA:24,0
DA:30,0
DA:31,0
DA:34,0
DA:37,0
LF:16
LH:0
BRDA:6,0,0,0
BRDA:6,0,1,0
BRDA:8,1,0,0
BRDA:8,1,1,0
BRDA:16,2,0,0
BRDA:16,2,1,0
BRDA:21,3,0,0
BRDA:21,3,1,0
BRDA:30,4,0,0
BRDA:30,4,1,0
BRF:10
BRH:0
end_of_record
TN:
SF:hooks/useInitialData.ts
FN:7,useInitialData
FN:10,(anonymous_1)
FNF:2
FNH:0
FNDA:0,useInitialData
FNDA:0,(anonymous_1)
DA:8,0
DA:10,0
DA:11,0
DA:12,0
DA:13,0
DA:14,0
DA:15,0
DA:16,0
DA:19,0
LF:9
LH:0
BRDA:12,0,0,0
BRDA:12,0,1,0
BRDA:14,1,0,0
BRDA:14,1,1,0
BRDA:16,2,0,0
BRDA:16,2,1,0
BRF:6
BRH:0
end_of_record
TN:
SF:hooks/useInputSubmit.ts
FN:15,(anonymous_0)
FN:25,(anonymous_1)
FNF:2
FNH:1
FNDA:8,(anonymous_0)
FNDA:0,(anonymous_1)
DA:15,1
DA:25,8
DA:26,0
DA:27,0
DA:30,0
DA:32,0
DA:33,0
DA:34,0
DA:35,0
DA:36,0
DA:39,0
DA:40,0
DA:42,0
DA:46,8
LF:14
LH:3
BRDA:26,0,0,0
BRDA:26,0,1,0
BRDA:26,1,0,0
BRDA:26,1,1,0
BRDA:32,2,0,0
BRDA:32,2,1,0
BRDA:39,3,0,0
BRDA:39,3,1,0
BRF:8
BRH:0
end_of_record
TN:
SF:hooks/useSignUpValidation.ts
FN:5,useSignUpValidation
FN:9,validateSignUpStep1
FN:11,(anonymous_2)
FN:21,(anonymous_3)
FN:55,(anonymous_4)
FNF:5
FNH:1
FNDA:4,useSignUpValidation
FNDA:0,validateSignUpStep1
FNDA:0,(anonymous_2)
FNDA:0,(anonymous_3)
FNDA:0,(anonymous_4)
DA:6,4
DA:7,4
DA:10,0
DA:12,0
DA:13,0
DA:14,0
DA:19,0
DA:22,0
DA:23,0
DA:24,0
DA:30,0
DA:32,0
DA:33,0
DA:34,0
DA:40,0
DA:41,0
DA:42,0
DA:43,0
DA:49,0
DA:50,0
DA:56,0
DA:57,0
DA:60,0
DA:63,0
DA:64,0
DA:71,4
LF:26
LH:3
BRDA:12,0,0,0
BRDA:12,0,1,0
BRDA:22,1,0,0
BRDA:22,1,1,0
BRDA:30,2,0,0
BRDA:30,2,1,0
BRDA:30,3,0,0
BRDA:30,3,1,0
BRDA:40,4,0,0
BRDA:40,4,1,0
BRDA:56,5,0,0
BRDA:56,5,1,0
BRDA:60,6,0,0
BRDA:60,6,1,0
BRF:14
BRH:0
end_of_record
TN:
SF:hooks/useStorageState.ts
FN:7,useAsyncState
FN:9,(anonymous_1)
FN:14,setStorageItemAsync
FN:16,(anonymous_3)
FN:23,(anonymous_4)
FN:33,useStorageState
FN:36,(anonymous_6)
FN:43,(anonymous_7)
FN:44,(anonymous_8)
FN:49,(anonymous_9)
FN:52,(anonymous_10)
FNF:11
FNH:0
FNDA:0,useAsyncState
FNDA:0,(anonymous_1)
FNDA:0,setStorageItemAsync
FNDA:0,(anonymous_3)
FNDA:0,(anonymous_4)
FNDA:0,useStorageState
FNDA:0,(anonymous_6)
FNDA:0,(anonymous_7)
FNDA:0,(anonymous_8)
FNDA:0,(anonymous_9)
FNDA:0,(anonymous_10)
DA:8,0
DA:9,0
DA:15,0
DA:16,0
DA:17,0
DA:18,0
DA:20,0
DA:22,0
DA:24,0
DA:27,0
DA:34,0
DA:36,0
DA:37,0
DA:38,0
DA:39,0
DA:42,0
DA:43,0
DA:44,0
DA:48,0
DA:50,0
DA:51,0
DA:52,0
DA:57,0
LF:23
LH:0
BRDA:7,0,0,0
BRDA:9,1,0,0
BRDA:15,2,0,0
BRDA:15,2,1,0
BRDA:17,3,0,0
BRDA:17,3,1,0
BRDA:27,4,0,0
BRDA:27,4,1,0
BRDA:37,5,0,0
BRDA:37,5,1,0
BRDA:38,6,0,0
BRDA:38,6,1,0
BRF:12
BRH:0
end_of_record
TN:
SF:services/AuthProvider.ts
FN:11,(anonymous_0)
FN:17,(anonymous_1)
FN:20,(anonymous_2)
FN:25,(anonymous_3)
FN:38,(anonymous_4)
FN:46,(anonymous_5)
FN:76,(anonymous_6)
FN:85,(anonymous_7)
FN:96,(anonymous_8)
FN:103,(anonymous_9)
FN:132,(anonymous_10)
FN:146,(anonymous_11)
FN:149,(anonymous_12)
FN:156,(anonymous_13)
FN:179,(anonymous_14)
FN:191,(anonymous_15)
FN:197,(anonymous_16)
FN:200,(anonymous_17)
FN:207,(anonymous_18)
FNF:19
FNH:0
FNDA:0,(anonymous_0)
FNDA:0,(anonymous_1)
FNDA:0,(anonymous_2)
FNDA:0,(anonymous_3)
FNDA:0,(anonymous_4)
FNDA:0,(anonymous_5)
FNDA:0,(anonymous_6)
FNDA:0,(anonymous_7)
FNDA:0,(anonymous_8)
FNDA:0,(anonymous_9)
FNDA:0,(anonymous_10)
FNDA:0,(anonymous_11)
FNDA:0,(anonymous_12)
FNDA:0,(anonymous_13)
FNDA:0,(anonymous_14)
FNDA:0,(anonymous_15)
FNDA:0,(anonymous_16)
FNDA:0,(anonymous_17)
FNDA:0,(anonymous_18)
DA:12,0
DA:13,0
DA:16,0
DA:18,0
DA:21,0
DA:26,0
DA:35,0
DA:39,0
DA:43,0
DA:47,0
DA:49,0
DA:50,0
DA:51,0
DA:52,0
DA:53,0
DA:54,0
DA:56,0
DA:57,0
DA:58,0
DA:60,0
DA:67,0
DA:73,0
DA:77,0
DA:82,0
DA:86,0
DA:91,0
DA:92,0
DA:93,0
DA:101,0
DA:103,0
DA:104,0
DA:105,0
DA:112,0
DA:113,0
DA:114,0
DA:116,0
DA:123,0
DA:129,0
DA:137,0
DA:138,0
DA:141,0
DA:142,0
DA:145,0
DA:147,0
DA:150,0
DA:160,0
DA:171,0
DA:172,0
DA:173,0
DA:176,0
DA:183,0
DA:188,0
DA:192,0
DA:193,0
DA:196,0
DA:198,0
DA:201,0
DA:208,0
DA:216,0
DA:217,0
DA:218,0
DA:221,0
DA:225,1
LF:63
LH:1
BRDA:12,0,0,0
BRDA:12,0,1,0
BRDA:12,1,0,0
BRDA:12,1,1,0
BRDA:56,2,0,0
BRDA:56,2,1,0
BRDA:91,3,0,0
BRDA:91,3,1,0
BRDA:104,4,0,0
BRDA:104,4,1,0
BRDA:104,5,0,0
BRDA:104,5,1,0
BRDA:112,6,0,0
BRDA:112,6,1,0
BRDA:137,7,0,0
BRDA:137,7,1,0
BRDA:137,8,0,0
BRDA:137,8,1,0
BRDA:141,9,0,0
BRDA:141,9,1,0
BRDA:172,10,0,0
BRDA:172,10,1,0
BRDA:192,11,0,0
BRDA:192,11,1,0
BRDA:217,12,0,0
BRDA:217,12,1,0
BRF:26
BRH:0
end_of_record
TN:
SF:services/AuthValidator.ts
FN:4,(anonymous_0)
FN:16,(anonymous_1)
FN:20,(anonymous_2)
FN:32,(anonymous_3)
FNF:4
FNH:0
FNDA:0,(anonymous_0)
FNDA:0,(anonymous_1)
FNDA:0,(anonymous_2)
FNDA:0,(anonymous_3)
DA:5,0
DA:12,0
DA:14,0
DA:15,0
DA:16,0
DA:21,0
DA:28,0
DA:30,0
DA:31,0
DA:32,0
DA:37,1
LF:11
LH:1
BRDA:12,0,0,0
BRDA:12,0,1,0
BRDA:28,1,0,0
BRDA:28,1,1,0
BRF:4
BRH:0
end_of_record
TN:
SF:services/BaseApiService.ts
FN:4,(anonymous_0)
FN:8,(anonymous_1)
FN:12,(anonymous_2)
FN:24,(anonymous_3)
FN:30,(anonymous_4)
FN:31,(anonymous_5)
FN:35,(anonymous_6)
FNF:7
FNH:1
FNDA:11,(anonymous_0)
FNDA:0,(anonymous_1)
FNDA:0,(anonymous_2)
FNDA:0,(anonymous_3)
FNDA:0,(anonymous_4)
FNDA:0,(anonymous_5)
FNDA:0,(anonymous_6)
DA:5,11
DA:9,0
DA:11,0
DA:12,0
DA:13,0
DA:14,0
DA:20,0
DA:24,0
DA:25,0
DA:26,0
DA:29,0
DA:30,0
DA:31,0
DA:36,0
DA:40,0
DA:41,0
DA:44,0
LF:17
LH:1
BRDA:11,0,0,0
BRDA:11,0,1,0
BRDA:11,1,0,0
BRDA:11,1,1,0
BRDA:13,2,0,0
BRDA:13,2,1,0
BRDA:15,3,0,0
BRDA:15,3,1,0
BRDA:17,4,0,0
BRDA:17,4,1,0
BRDA:17,4,2,0
BRDA:25,5,0,0
BRDA:25,5,1,0
BRDA:26,6,0,0
BRDA:26,6,1,0
BRDA:40,7,0,0
BRDA:40,7,1,0
BRF:17
BRH:0
end_of_record
TN:
SF:services/CollectionService.ts
FN:4,(anonymous_0)
FN:9,(anonymous_1)
FN:10,(anonymous_2)
FN:26,(anonymous_3)
FN:41,(anonymous_4)
FN:47,(anonymous_5)
FN:51,(anonymous_6)
FN:56,(anonymous_7)
FN:59,(anonymous_8)
FN:67,(anonymous_9)
FN:75,(anonymous_10)
FN:78,(anonymous_11)
FN:82,(anonymous_12)
FNF:13
FNH:0
FNDA:0,(anonymous_0)
FNDA:0,(anonymous_1)
FNDA:0,(anonymous_2)
FNDA:0,(anonymous_3)
FNDA:0,(anonymous_4)
FNDA:0,(anonymous_5)
FNDA:0,(anonymous_6)
FNDA:0,(anonymous_7)
FNDA:0,(anonymous_8)
FNDA:0,(anonymous_9)
FNDA:0,(anonymous_10)
FNDA:0,(anonymous_11)
FNDA:0,(anonymous_12)
DA:5,0
DA:9,0
DA:10,0
DA:12,0
DA:13,0
DA:18,0
DA:27,0
DA:29,0
DA:30,0
DA:31,0
DA:39,0
DA:42,0
DA:43,0
DA:48,0
DA:52,0
DA:54,0
DA:55,0
DA:57,0
DA:60,0
DA:68,0
DA:74,0
DA:76,0
DA:79,0
DA:83,0
DA:84,0
DA:89,1
LF:26
LH:1
BRDA:12,0,0,0
BRDA:12,0,1,0
BRDA:29,1,0,0
BRDA:29,1,1,0
BRDA:32,2,0,0
BRDA:32,2,1,0
BRDA:32,2,2,0
BRDA:32,2,3,0
BRDA:54,3,0,0
BRDA:54,3,1,0
BRDA:61,4,0,0
BRDA:61,4,1,0
BRDA:61,4,2,0
BRDA:61,4,3,0
BRDA:69,5,0,0
BRDA:69,5,1,0
BRF:16
BRH:0
end_of_record
TN:
SF:services/FormValidationService.ts
FN:6,(anonymous_0)
FN:57,(anonymous_1)
FN:64,(anonymous_2)
FN:75,(anonymous_3)
FN:86,(anonymous_4)
FN:103,(anonymous_5)
FN:121,(anonymous_6)
FN:132,(anonymous_7)
FN:143,(anonymous_8)
FN:157,(anonymous_9)
FN:172,(anonymous_10)
FN:176,(anonymous_11)
FN:190,(anonymous_12)
FNF:13
FNH:0
FNDA:0,(anonymous_0)
FNDA:0,(anonymous_1)
FNDA:0,(anonymous_2)
FNDA:0,(anonymous_3)
FNDA:0,(anonymous_4)
FNDA:0,(anonymous_5)
FNDA:0,(anonymous_6)
FNDA:0,(anonymous_7)
FNDA:0,(anonymous_8)
FNDA:0,(anonymous_9)
FNDA:0,(anonymous_10)
FNDA:0,(anonymous_11)
FNDA:0,(anonymous_12)
DA:13,0
DA:15,0
DA:16,0
DA:19,0
DA:21,0
DA:22,0
DA:24,0
DA:25,0
DA:27,0
DA:28,0
DA:31,0
DA:32,0
DA:34,0
DA:35,0
DA:37,0
DA:38,0
DA:40,0
DA:41,0
DA:43,0
DA:44,0
DA:46,0
DA:47,0
DA:50,0
DA:51,0
DA:54,0
DA:58,0
DA:59,0
DA:61,0
DA:65,0
DA:66,0
DA:68,0
DA:69,0
DA:72,0
DA:79,0
DA:80,0
DA:83,0
DA:87,0
DA:88,0
DA:90,0
DA:91,0
DA:93,0
DA:94,0
DA:96,0
DA:97,0
DA:100,0
DA:107,0
DA:109,0
DA:110,0
DA:112,0
DA:113,0
DA:114,0
DA:118,0
DA:122,0
DA:123,0
DA:125,0
DA:126,0
DA:129,0
DA:133,0
DA:134,0
DA:136,0
DA:137,0
DA:140,0
DA:144,0
DA:145,0
DA:147,0
DA:148,0
DA:150,0
DA:151,0
DA:154,0
DA:158,0
DA:168,0
DA:170,0
DA:171,0
DA:172,0
DA:177,0
DA:187,0
DA:188,0
DA:189,0
DA:190,0
LF:79
LH:0
BRDA:9,0,0,0
BRDA:10,1,0,0
BRDA:15,2,0,0
BRDA:15,2,1,0
BRDA:19,3,0,0
BRDA:19,3,1,0
BRDA:19,3,2,0
BRDA:19,3,3,0
BRDA:19,3,4,0
BRDA:19,3,5,0
BRDA:19,3,6,0
BRDA:19,3,7,0
BRDA:19,3,8,0
BRDA:34,4,0,0
BRDA:34,4,1,0
BRDA:50,5,0,0
BRDA:50,5,1,0
BRDA:50,6,0,0
BRDA:50,6,1,0
BRDA:58,7,0,0
BRDA:58,7,1,0
BRDA:65,8,0,0
BRDA:65,8,1,0
BRDA:65,9,0,0
BRDA:65,9,1,0
BRDA:68,10,0,0
BRDA:68,10,1,0
BRDA:68,11,0,0
BRDA:68,11,1,0
BRDA:79,12,0,0
BRDA:79,12,1,0
BRDA:87,13,0,0
BRDA:87,13,1,0
BRDA:90,14,0,0
BRDA:90,14,1,0
BRDA:93,15,0,0
BRDA:93,15,1,0
BRDA:96,16,0,0
BRDA:96,16,1,0
BRDA:109,17,0,0
BRDA:109,17,1,0
BRDA:112,18,0,0
BRDA:112,18,1,0
BRDA:113,19,0,0
BRDA:113,19,1,0
BRDA:122,20,0,0
BRDA:122,20,1,0
BRDA:125,21,0,0
BRDA:125,21,1,0
BRDA:125,22,0,0
BRDA:125,22,1,0
BRDA:125,22,2,0
BRDA:133,23,0,0
BRDA:133,23,1,0
BRDA:136,24,0,0
BRDA:136,24,1,0
BRDA:144,25,0,0
BRDA:144,25,1,0
BRDA:147,26,0,0
BRDA:147,26,1,0
BRDA:150,27,0,0
BRDA:150,27,1,0
BRDA:168,28,0,0
BRDA:168,28,1,0
BRDA:187,29,0,0
BRDA:187,29,1,0
BRF:66
BRH:0
end_of_record
TN:
SF:services/ImageService.ts
FN:5,(anonymous_0)
FN:26,(anonymous_1)
FNF:2
FNH:0
FNDA:0,(anonymous_0)
FNDA:0,(anonymous_1)
DA:6,0
DA:7,0
DA:8,0
DA:9,0
DA:12,0
DA:19,0
DA:20,0
DA:23,0
DA:27,0
DA:28,0
DA:29,0
DA:30,0
DA:33,0
DA:39,0
DA:40,0
DA:43,0
DA:47,0
LF:17
LH:0
BRDA:7,0,0,0
BRDA:7,0,1,0
BRDA:19,1,0,0
BRDA:19,1,1,0
BRDA:28,2,0,0
BRDA:28,2,1,0
BRDA:39,3,0,0
BRDA:39,3,1,0
BRF:8
BRH:0
end_of_record
TN:
SF:services/SneakerProvider.ts
FN:22,(anonymous_0)
FN:28,(anonymous_1)
FN:65,(anonymous_2)
FN:101,(anonymous_3)
FN:119,(anonymous_4)
FN:139,(anonymous_5)
FN:150,(anonymous_6)
FN:151,(anonymous_7)
FNF:8
FNH:0
FNDA:0,(anonymous_0)
FNDA:0,(anonymous_1)
FNDA:0,(anonymous_2)
FNDA:0,(anonymous_3)
FNDA:0,(anonymous_4)
FNDA:0,(anonymous_5)
FNDA:0,(anonymous_6)
FNDA:0,(anonymous_7)
DA:23,0
DA:24,0
DA:25,0
DA:29,0
DA:30,0
DA:31,0
DA:32,0
DA:33,0
DA:34,0
DA:35,0
DA:36,0
DA:40,0
DA:42,0
DA:43,0
DA:46,0
DA:58,0
DA:59,0
DA:60,0
DA:62,0
DA:66,0
DA:67,0
DA:68,0
DA:69,0
DA:70,0
DA:71,0
DA:72,0
DA:73,0
DA:77,0
DA:79,0
DA:80,0
DA:83,0
DA:95,0
DA:96,0
DA:98,0
DA:102,0
DA:112,0
DA:113,0
DA:116,0
DA:120,0
DA:128,0
DA:129,0
DA:132,0
DA:133,0
DA:134,0
DA:136,0
DA:140,0
DA:147,0
DA:151,0
DA:152,0
DA:153,0
DA:155,0
DA:161,0
DA:164,0
LF:53
LH:0
BRDA:38,0,0,0
BRDA:38,0,1,0
BRDA:40,1,0,0
BRDA:40,1,1,0
BRDA:42,2,0,0
BRDA:42,2,1,0
BRDA:42,3,0,0
BRDA:42,3,1,0
BRDA:59,4,0,0
BRDA:59,4,1,0
BRDA:75,5,0,0
BRDA:75,5,1,0
BRDA:77,6,0,0
BRDA:77,6,1,0
BRDA:79,7,0,0
BRDA:79,7,1,0
BRDA:79,8,0,0
BRDA:79,8,1,0
BRDA:95,9,0,0
BRDA:95,9,1,0
BRDA:112,10,0,0
BRDA:112,10,1,0
BRDA:128,11,0,0
BRDA:128,11,1,0
BRDA:133,12,0,0
BRDA:133,12,1,0
BRF:26
BRH:0
end_of_record
TN:
SF:services/StorageService.ts
FN:14,(anonymous_0)
FN:19,(anonymous_1)
FN:22,(anonymous_2)
FN:27,(anonymous_3)
FN:33,(anonymous_4)
FN:38,(anonymous_5)
FN:40,(anonymous_6)
FN:45,(anonymous_7)
FN:52,(anonymous_8)
FN:57,(anonymous_9)
FN:62,(anonymous_10)
FN:69,(anonymous_11)
FN:74,(anonymous_12)
FN:78,(anonymous_13)
FN:82,(anonymous_14)
FN:86,(anonymous_15)
FN:90,(anonymous_16)
FN:94,(anonymous_17)
FN:98,(anonymous_18)
FN:104,(anonymous_19)
FN:113,(anonymous_20)
FN:127,(anonymous_21)
FNF:22
FNH:0
FNDA:0,(anonymous_0)
FNDA:0,(anonymous_1)
FNDA:0,(anonymous_2)
FNDA:0,(anonymous_3)
FNDA:0,(anonymous_4)
FNDA:0,(anonymous_5)
FNDA:0,(anonymous_6)
FNDA:0,(anonymous_7)
FNDA:0,(anonymous_8)
FNDA:0,(anonymous_9)
FNDA:0,(anonymous_10)
FNDA:0,(anonymous_11)
FNDA:0,(anonymous_12)
FNDA:0,(anonymous_13)
FNDA:0,(anonymous_14)
FNDA:0,(anonymous_15)
FNDA:0,(anonymous_16)
FNDA:0,(anonymous_17)
FNDA:0,(anonymous_18)
FNDA:0,(anonymous_19)
FNDA:0,(anonymous_20)
FNDA:0,(anonymous_21)
DA:18,0
DA:20,0
DA:23,0
DA:28,0
DA:32,0
DA:33,0
DA:39,0
DA:40,0
DA:46,0
DA:53,0
DA:57,0
DA:63,0
DA:69,0
DA:75,0
DA:79,0
DA:83,0
DA:87,0
DA:91,0
DA:95,0
DA:99,0
DA:104,0
DA:114,0
DA:116,0
DA:117,0
DA:119,0
DA:120,0
DA:122,0
DA:123,0
DA:126,0
DA:127,0
DA:133,1
LF:31
LH:1
BRDA:28,0,0,0
BRDA:28,0,1,0
BRDA:40,1,0,0
BRDA:40,1,1,0
BRDA:116,2,0,0
BRDA:116,2,1,0
BRDA:119,3,0,0
BRDA:119,3,1,0
BRDA:122,4,0,0
BRDA:122,4,1,0
BRF:10
BRH:0
end_of_record
TN:
SF:store/useModalStore.ts
FN:56,(anonymous_0)
FN:68,(anonymous_1)
FN:69,(anonymous_2)
FN:70,(anonymous_3)
FN:71,(anonymous_4)
FN:72,(anonymous_5)
FN:73,(anonymous_6)
FN:74,(anonymous_7)
FN:75,(anonymous_8)
FN:76,(anonymous_9)
FN:77,(anonymous_10)
FN:78,(anonymous_11)
FNF:12
FNH:0
FNDA:0,(anonymous_0)
FNDA:0,(anonymous_1)
FNDA:0,(anonymous_2)
FNDA:0,(anonymous_3)
FNDA:0,(anonymous_4)
FNDA:0,(anonymous_5)
FNDA:0,(anonymous_6)
FNDA:0,(anonymous_7)
FNDA:0,(anonymous_8)
FNDA:0,(anonymous_9)
FNDA:0,(anonymous_10)
FNDA:0,(anonymous_11)
DA:56,0
DA:68,0
DA:69,0
DA:70,0
DA:71,0
DA:72,0
DA:73,0
DA:74,0
DA:75,0
DA:76,0
DA:77,0
DA:79,0
LF:12
LH:0
BRF:0
BRH:0
end_of_record
TN:
SF:types/Collection.ts
FNF:0
FNH:0
LF:0
LH:0
BRF:0
BRH:0
end_of_record
TN:
SF:types/Sneaker.ts
FNF:0
FNH:0
LF:0
LH:0
BRF:0
BRH:0
end_of_record
TN:
SF:types/User.ts
FNF:0
FNH:0
LF:0
LH:0
BRF:0
BRH:0
end_of_record
TN:
SF:types/auth.ts
FNF:0
FNH:0
LF:0
LH:0
BRF:0
BRH:0
end_of_record
TN:
SF:validation/schemas.ts
FN:20,(anonymous_0)
FN:43,(anonymous_1)
FN:44,(anonymous_2)
FN:48,(anonymous_3)
FN:68,(anonymous_4)
FN:69,(anonymous_5)
FN:78,(anonymous_6)
FN:78,(anonymous_7)
FN:85,(anonymous_8)
FN:86,(anonymous_9)
FN:92,(anonymous_10)
FN:93,(anonymous_11)
FN:97,(anonymous_12)
FN:105,(anonymous_13)
FN:113,(anonymous_14)
FN:161,(anonymous_15)
FN:163,(anonymous_16)
FN:166,(anonymous_17)
FN:188,(anonymous_18)
FNF:19
FNH:0
FNDA:0,(anonymous_0)
FNDA:0,(anonymous_1)
FNDA:0,(anonymous_2)
FNDA:0,(anonymous_3)
FNDA:0,(anonymous_4)
FNDA:0,(anonymous_5)
FNDA:0,(anonymous_6)
FNDA:0,(anonymous_7)
FNDA:0,(anonymous_8)
FNDA:0,(anonymous_9)
FNDA:0,(anonymous_10)
FNDA:0,(anonymous_11)
FNDA:0,(anonymous_12)
FNDA:0,(anonymous_13)
FNDA:0,(anonymous_14)
FNDA:0,(anonymous_15)
FNDA:0,(anonymous_16)
FNDA:0,(anonymous_17)
FNDA:0,(anonymous_18)
DA:3,1
DA:20,0
DA:25,1
DA:43,0
DA:45,0
DA:46,0
DA:49,0
DA:50,0
DA:55,1
DA:60,1
DA:69,0
DA:70,0
DA:78,0
DA:86,0
DA:92,0
DA:94,0
DA:95,0
DA:98,0
DA:99,0
DA:106,0
DA:113,0
DA:119,1
DA:125,1
DA:138,1
DA:161,0
DA:163,0
DA:167,0
DA:168,0
DA:173,1
DA:177,1
DA:188,0
LF:31
LH:9
BRDA:46,0,0,0
BRDA:46,0,1,0
BRDA:46,0,2,0
BRDA:95,1,0,0
BRDA:95,1,1,0
BRDA:95,1,2,0
BRDA:106,2,0,0
BRDA:106,2,1,0
BRDA:106,2,2,0
BRDA:113,3,0,0
BRDA:113,3,1,0
BRDA:113,3,2,0
BRDA:163,4,0,0
BRDA:163,4,1,0
BRDA:163,4,2,0
BRF:15
BRH:0
end_of_record
